Downloading run from wandb: goodfire/spd/s-275c8f21
wandb: Currently logged in as: olicg-gf (goodfire) to https://api.wandb.ai. Use `wandb login --relogin` to force relogin
[0] scored 44, $0.16
[retry 1/8] (h.3.mlp.c_fc:2003/trial1) ConnectError, backing off 0.6s
[retry 1/8] (h.3.mlp.c_fc:1998/trial1) ConnectError, backing off 0.6s
[100] scored 100, $0.32
[retry 1/8] (h.3.mlp.c_fc:2014/trial1) ConnectError, backing off 0.6s
[retry 1/8] (h.3.mlp.c_fc:1959/trial3) ConnectError, backing off 0.5s
[retry 1/8] (h.3.mlp.c_fc:2006/trial4) ChatError, backing off 0.6s
[retry 1/8] (h.3.mlp.c_fc:2054/trial3) ChatError, backing off 0.7s
[retry 1/8] (h.3.mlp.c_fc:2180/trial0) ChatError, backing off 0.5s
[retry 1/8] (h.3.mlp.c_fc:2079/trial3) ChatError, backing off 0.7s
[retry 1/8] (h.3.mlp.c_fc:2051/trial3) ChatError, backing off 0.5s
[retry 1/8] (h.3.mlp.c_fc:2129/trial1) ChatError, backing off 0.7s
[retry 1/8] (h.3.mlp.c_fc:2116/trial1) ChatError, backing off 0.6s
h.3.mlp.c_fc:2125/trial2: JSONDecodeError: Unterminated string starting at: line 2 column 3 (char 4)
h.3.mlp.c_fc:2080/trial4: JSONDecodeError: Unterminated string starting at: line 5 column 16 (char 52)
h.3.mlp.c_fc:2180/trial2: JSONDecodeError: Unterminated string starting at: line 2 column 3 (char 4)
[200] scored 187, $0.56
h.3.mlp.c_fc:2205/trial2: JSONDecodeError: Unterminated string starting at: line 2 column 3 (char 4)
h.3.mlp.c_fc:2146/trial3: JSONDecodeError: Unterminated string starting at: line 8 column 16 (char 73)
[retry 1/8] (h.3.mlp.c_fc:2320/trial3) ConnectError, backing off 0.7s
[retry 1/8] (h.3.mlp.c_fc:2307/trial1) ConnectError, backing off 0.6s
[retry 1/8] (h.3.mlp.c_fc:2266/trial2) ConnectError, backing off 0.6s
[retry 1/8] (h.3.mlp.c_fc:2340/trial0) ConnectError, backing off 0.7s
[retry 1/8] (h.3.mlp.c_fc:2242/trial2) ConnectError, backing off 0.6s
[retry 1/8] (h.3.mlp.c_fc:2218/trial4) ConnectError, backing off 0.7s
h.3.mlp.c_fc:2315/trial3: JSONDecodeError: Unterminated string starting at: line 7 column 16 (char 66)
h.3.mlp.c_fc:2307/trial1: JSONDecodeError: Unterminated string starting at: line 2 column 3 (char 4)
h.3.mlp.c_fc:2416/trial0: JSONDecodeError: Unterminated string starting at: line 7 column 3 (char 53)
[retry 1/8] (h.3.mlp.c_fc:2358/trial3) ChatError, backing off 0.6s
h.3.mlp.c_fc:2354/trial1: ResponseValidationError: Response validation failed: 4 validation errors for Unmarshaller
body.id
  Field required [type=missing, input_value={'error': {'message': 'In...TrjQ3SiPZV9wNWl35MAH90'}, input_type=dict]
    For further information visit https://errors.pydantic.dev/2.11/v/missing
body.choices
  Field required [type=missing, input_value={'error': {'message': 'In...TrjQ3SiPZV9wNWl35MAH90'}, input_type=dict]
    For further information visit https://errors.pydantic.dev/2.11/v/missing
body.created
  Field required [type=missing, input_value={'error': {'message': 'In...TrjQ3SiPZV9wNWl35MAH90'}, input_type=dict]
    For further information visit https://errors.pydantic.dev/2.11/v/missing
body.model
  Field required [type=missing, input_value={'error': {'message': 'In...TrjQ3SiPZV9wNWl35MAH90'}, input_type=dict]
    For further information visit https://errors.pydantic.dev/2.11/v/missing
[retry 1/8] (h.3.mlp.c_fc:2444/trial0) ChatError, backing off 0.6s
[retry 1/8] (h.3.mlp.c_fc:2266/trial3) ChatError, backing off 0.5s
[retry 1/8] (h.3.mlp.c_fc:2412/trial1) ChatError, backing off 0.7s
[retry 1/8] (h.3.mlp.c_fc:2379/trial3) ChatError, backing off 0.7s
[retry 1/8] (h.3.mlp.c_fc:2436/trial1) ChatError, backing off 0.6s
[retry 1/8] (h.3.mlp.c_fc:2344/trial3) ChatError, backing off 0.7s
[retry 1/8] (h.3.mlp.c_fc:2354/trial2) ChatError, backing off 0.7s
[retry 1/8] (h.3.mlp.c_fc:2416/trial1) ChatError, backing off 0.7s
[retry 1/8] (h.3.mlp.c_fc:2400/trial3) ChatError, backing off 0.5s
[retry 1/8] (h.3.mlp.c_fc:2363/trial3) ChatError, backing off 0.7s
[retry 2/8] (h.3.mlp.c_fc:2354/trial2) ChatError, backing off 1.3s
[retry 1/8] (h.3.mlp.c_fc:2383/trial4) ChatError, backing off 0.5s
[retry 1/8] (h.3.mlp.c_fc:2433/trial1) ChatError, backing off 0.7s
h.3.mlp.c_fc:2337/trial1: JSONDecodeError: Expecting value: line 6 column 5 (char 51)
h.3.mlp.c_fc:2451/trial1: JSONDecodeError: Unterminated string starting at: line 8 column 16 (char 73)
h.3.mlp.c_fc:2477/trial0: JSONDecodeError: Unterminated string starting at: line 2 column 3 (char 4)
h.3.mlp.c_fc:2337/trial4: JSONDecodeError: Unterminated string starting at: line 9 column 16 (char 80)
[300] scored 312, $0.87
[retry 1/8] (h.3.mlp.c_fc:2528/trial3) ChatError, backing off 0.5s
[400] scored 375, $1.05
h.3.mlp.c_fc:2528/trial3: JSONDecodeError: Unterminated string starting at: line 7 column 16 (char 66)
[retry 1/8] (h.3.mlp.c_fc:2660/trial2) ChatError, backing off 0.6s
[retry 1/8] (h.3.mlp.c_fc:2736/trial1) ChatError, backing off 0.6s
[retry 1/8] (h.3.mlp.c_fc:2735/trial0) ChatError, backing off 0.6s
[retry 1/8] (h.3.mlp.c_fc:2635/trial2) ChatError, backing off 0.7s
[retry 1/8] (h.3.mlp.c_fc:2706/trial0) ChatError, backing off 0.7s
[retry 1/8] (h.3.mlp.c_fc:2720/trial0) ChatError, backing off 0.5s
[retry 1/8] (h.3.mlp.c_fc:2898/trial2) ChatError, backing off 0.5s
[retry 1/8] (h.3.mlp.c_fc:2818/trial2) ChatError, backing off 0.7s
[retry 1/8] (h.3.mlp.c_fc:2892/trial1) ChatError, backing off 0.7s
[retry 1/8] (h.3.mlp.c_fc:2887/trial2) ChatError, backing off 0.7s
[retry 1/8] (h.3.mlp.c_fc:2820/trial4) ChatError, backing off 0.5s
h.3.mlp.c_fc:2880/trial2: JSONDecodeError: Unterminated string starting at: line 2 column 3 (char 4)
[retry 1/8] (h.3.mlp.c_fc:2863/trial1) ChatError, backing off 0.7s
[retry 1/8] (h.3.mlp.c_fc:2909/trial2) ChatError, backing off 0.6s
[retry 1/8] (h.3.mlp.c_fc:2785/trial2) ChatError, backing off 0.7s
[retry 1/8] (h.3.mlp.c_fc:2896/trial0) ChatError, backing off 0.7s
[retry 1/8] (h.3.mlp.c_fc:2862/trial2) ChatError, backing off 0.6s
[retry 1/8] (h.3.mlp.c_fc:2850/trial2) ChatError, backing off 0.7s
[retry 1/8] (h.3.mlp.c_fc:2839/trial2) ChatError, backing off 0.7s
[retry 2/8] (h.3.mlp.c_fc:2898/trial2) ChatError, backing off 1.5s
[retry 1/8] (h.3.mlp.c_fc:2907/trial0) ChatError, backing off 0.6s
[retry 1/8] (h.3.mlp.c_fc:2901/trial0) ChatError, backing off 0.6s
[retry 1/8] (h.3.mlp.c_fc:2915/trial0) ChatError, backing off 0.5s
[500] scored 487, $1.35
[retry 1/8] (h.3.mlp.c_fc:3019/trial0) ChatError, backing off 0.6s
[600] scored 617, $1.69
[retry 1/8] (h.3.mlp.c_fc:3320/trial0) ChatError, backing off 0.6s
[700] scored 686, $1.88
[retry 1/8] (h.3.mlp.c_fc:3663/trial0) ChatError, backing off 0.6s
h.3.mlp.c_fc:3611/trial3: Response truncated at 400 tokens
h.3.mlp.c_fc:3611/trial3: JSONDecodeError: Unterminated string starting at: line 3 column 16 (char 43)
[800] scored 812, $2.22
h.3.mlp.c_fc:3794/trial2: JSONDecodeError: Unterminated string starting at: line 3 column 16 (char 53)
h.3.mlp.c_fc:3840/trial3: Response truncated at 400 tokens
h.3.mlp.c_fc:3840/trial3: JSONDecodeError: Unterminated string starting at: line 3 column 16 (char 53)
[900] scored 893, $2.43
[retry 1/8] (h.0.mlp.down_proj:52/trial2) ChatError, backing off 0.6s
[1000] scored 990, $2.69
[retry 1/8] (h.0.mlp.down_proj:170/trial2) ChatError, backing off 0.7s
[1100] scored 1092, $2.96
[1200] scored 1191, $3.23
h.0.mlp.down_proj:575/trial2: JSONDecodeError: Unterminated string starting at: line 2 column 3 (char 4)
h.0.mlp.down_proj:615/trial1: JSONDecodeError: Expecting property name enclosed in double quotes: line 2 column 39 (char 40)
h.0.mlp.down_proj:626/trial1: JSONDecodeError: Unterminated string starting at: line 2 column 3 (char 4)
h.0.mlp.down_proj:723/trial0: JSONDecodeError: Unterminated string starting at: line 3 column 3 (char 40)
[1300] scored 1279, $3.45
h.0.mlp.down_proj:723/trial2: JSONDecodeError: Unterminated string starting at: line 2 column 3 (char 4)
[retry 1/8] (h.0.mlp.down_proj:851/trial0) ChatError, backing off 0.6s
[retry 1/8] (h.0.mlp.down_proj:825/trial2) ChatError, backing off 0.7s
[retry 1/8] (h.0.mlp.down_proj:768/trial4) ChatError, backing off 0.7s
[retry 1/8] (h.0.mlp.down_proj:626/trial4) ChatError, backing off 0.7s
[retry 1/8] (h.0.mlp.down_proj:829/trial1) ChatError, backing off 0.6s
h.0.mlp.down_proj:728/trial4: ResponseValidationError: Response validation failed: 4 validation errors for Unmarshaller
body.id
  Field required [type=missing, input_value={'error': {'message': 'In...TrjQ3SiPZV9wNWl35MAH90'}, input_type=dict]
    For further information visit https://errors.pydantic.dev/2.11/v/missing
body.choices
  Field required [type=missing, input_value={'error': {'message': 'In...TrjQ3SiPZV9wNWl35MAH90'}, input_type=dict]
    For further information visit https://errors.pydantic.dev/2.11/v/missing
body.created
  Field required [type=missing, input_value={'error': {'message': 'In...TrjQ3SiPZV9wNWl35MAH90'}, input_type=dict]
    For further information visit https://errors.pydantic.dev/2.11/v/missing
body.model
  Field required [type=missing, input_value={'error': {'message': 'In...TrjQ3SiPZV9wNWl35MAH90'}, input_type=dict]
    For further information visit https://errors.pydantic.dev/2.11/v/missing
h.0.mlp.down_proj:832/trial3: ResponseValidationError: Response validation failed: 4 validation errors for Unmarshaller
body.id
  Field required [type=missing, input_value={'error': {'message': 'In...TrjQ3SiPZV9wNWl35MAH90'}, input_type=dict]
    For further information visit https://errors.pydantic.dev/2.11/v/missing
body.choices
  Field required [type=missing, input_value={'error': {'message': 'In...TrjQ3SiPZV9wNWl35MAH90'}, input_type=dict]
    For further information visit https://errors.pydantic.dev/2.11/v/missing
body.created
  Field required [type=missing, input_value={'error': {'message': 'In...TrjQ3SiPZV9wNWl35MAH90'}, input_type=dict]
    For further information visit https://errors.pydantic.dev/2.11/v/missing
body.model
  Field required [type=missing, input_value={'error': {'message': 'In...TrjQ3SiPZV9wNWl35MAH90'}, input_type=dict]
    For further information visit https://errors.pydantic.dev/2.11/v/missing
[retry 1/8] (h.0.mlp.down_proj:834/trial2) ChatError, backing off 0.6s
[retry 1/8] (h.0.mlp.down_proj:836/trial1) ChatError, backing off 0.5s
[retry 1/8] (h.0.mlp.down_proj:810/trial4) ChatError, backing off 0.5s
h.0.mlp.down_proj:742/trial4: ResponseValidationError: Response validation failed: 4 validation errors for Unmarshaller
body.id
  Field required [type=missing, input_value={'error': {'message': 'In...TrjQ3SiPZV9wNWl35MAH90'}, input_type=dict]
    For further information visit https://errors.pydantic.dev/2.11/v/missing
body.choices
  Field required [type=missing, input_value={'error': {'message': 'In...TrjQ3SiPZV9wNWl35MAH90'}, input_type=dict]
    For further information visit https://errors.pydantic.dev/2.11/v/missing
body.created
  Field required [type=missing, input_value={'error': {'message': 'In...TrjQ3SiPZV9wNWl35MAH90'}, input_type=dict]
    For further information visit https://errors.pydantic.dev/2.11/v/missing
body.model
  Field required [type=missing, input_value={'error': {'message': 'In...TrjQ3SiPZV9wNWl35MAH90'}, input_type=dict]
    For further information visit https://errors.pydantic.dev/2.11/v/missing
[retry 1/8] (h.0.mlp.down_proj:801/trial4) ChatError, backing off 0.6s
[retry 1/8] (h.0.mlp.down_proj:740/trial4) ChatError, backing off 0.6s
[retry 1/8] (h.0.mlp.down_proj:849/trial1) ChatError, backing off 0.7s
[retry 1/8] (h.0.mlp.down_proj:840/trial3) ChatError, backing off 0.7s
[retry 1/8] (h.0.mlp.down_proj:808/trial3) ChatError, backing off 0.7s
[retry 1/8] (h.0.mlp.down_proj:876/trial0) ChatError, backing off 0.6s
[1400] scored 1405, $3.78
[retry 1/8] (h.0.mlp.down_proj:961/trial3) ChatError, backing off 0.7s
[retry 1/8] (h.0.mlp.down_proj:952/trial3) ChatError, backing off 0.6s
[retry 1/8] (h.0.mlp.down_proj:933/trial4) ChatError, backing off 0.6s
[retry 1/8] (h.0.mlp.down_proj:1032/trial0) ChatError, backing off 0.7s
[retry 1/8] (h.0.mlp.down_proj:1004/trial1) ChatError, backing off 0.5s
[retry 1/8] (h.0.mlp.down_proj:935/trial4) ChatError, backing off 0.5s
h.0.mlp.down_proj:1001/trial3: ResponseValidationError: Response validation failed: 4 validation errors for Unmarshaller
body.id
  Field required [type=missing, input_value={'error': {'message': 'In...TrjQ3SiPZV9wNWl35MAH90'}, input_type=dict]
    For further information visit https://errors.pydantic.dev/2.11/v/missing
body.choices
  Field required [type=missing, input_value={'error': {'message': 'In...TrjQ3SiPZV9wNWl35MAH90'}, input_type=dict]
    For further information visit https://errors.pydantic.dev/2.11/v/missing
body.created
  Field required [type=missing, input_value={'error': {'message': 'In...TrjQ3SiPZV9wNWl35MAH90'}, input_type=dict]
    For further information visit https://errors.pydantic.dev/2.11/v/missing
body.model
  Field required [type=missing, input_value={'error': {'message': 'In...TrjQ3SiPZV9wNWl35MAH90'}, input_type=dict]
    For further information visit https://errors.pydantic.dev/2.11/v/missing
h.0.mlp.down_proj:1004/trial2: JSONDecodeError: Unterminated string starting at: line 2 column 3 (char 4)
[1500] scored 1493, $4.01
[retry 1/8] (h.0.mlp.down_proj:1140/trial1) ChatError, backing off 0.5s
h.0.mlp.down_proj:1162/trial2: ResponseValidationError: Response validation failed: 4 validation errors for Unmarshaller
body.id
  Field required [type=missing, input_value={'error': {'message': 'In...TrjQ3SiPZV9wNWl35MAH90'}, input_type=dict]
    For further information visit https://errors.pydantic.dev/2.11/v/missing
body.choices
  Field required [type=missing, input_value={'error': {'message': 'In...TrjQ3SiPZV9wNWl35MAH90'}, input_type=dict]
    For further information visit https://errors.pydantic.dev/2.11/v/missing
body.created
  Field required [type=missing, input_value={'error': {'message': 'In...TrjQ3SiPZV9wNWl35MAH90'}, input_type=dict]
    For further information visit https://errors.pydantic.dev/2.11/v/missing
body.model
  Field required [type=missing, input_value={'error': {'message': 'In...TrjQ3SiPZV9wNWl35MAH90'}, input_type=dict]
    For further information visit https://errors.pydantic.dev/2.11/v/missing
[retry 1/8] (h.0.mlp.down_proj:1150/trial3) ChatError, backing off 0.7s
[retry 1/8] (h.0.mlp.down_proj:1152/trial2) ChatError, backing off 0.6s
h.0.mlp.down_proj:1119/trial4: ResponseValidationError: Response validation failed: 4 validation errors for Unmarshaller
body.id
  Field required [type=missing, input_value={'error': {'message': 'In...TrjQ3SiPZV9wNWl35MAH90'}, input_type=dict]
    For further information visit https://errors.pydantic.dev/2.11/v/missing
body.choices
  Field required [type=missing, input_value={'error': {'message': 'In...TrjQ3SiPZV9wNWl35MAH90'}, input_type=dict]
    For further information visit https://errors.pydantic.dev/2.11/v/missing
body.created
  Field required [type=missing, input_value={'error': {'message': 'In...TrjQ3SiPZV9wNWl35MAH90'}, input_type=dict]
    For further information visit https://errors.pydantic.dev/2.11/v/missing
body.model
  Field required [type=missing, input_value={'error': {'message': 'In...TrjQ3SiPZV9wNWl35MAH90'}, input_type=dict]
    For further information visit https://errors.pydantic.dev/2.11/v/missing
[retry 1/8] (h.0.mlp.down_proj:1153/trial3) ChatError, backing off 0.6s
[retry 1/8] (h.0.mlp.down_proj:1173/trial0) ChatError, backing off 0.7s
[retry 1/8] (h.0.mlp.down_proj:1139/trial2) ChatError, backing off 0.6s
[retry 1/8] (h.0.mlp.down_proj:1168/trial2) ChatError, backing off 0.7s
[retry 1/8] (h.0.mlp.down_proj:1092/trial3) ChatError, backing off 0.5s
[retry 1/8] (h.0.mlp.down_proj:1184/trial0) ChatError, backing off 0.7s
[retry 1/8] (h.0.mlp.down_proj:1147/trial3) ChatError, backing off 0.5s
[retry 1/8] (h.0.mlp.down_proj:1103/trial4) ChatError, backing off 0.6s
[retry 1/8] (h.0.mlp.down_proj:1094/trial4) ChatError, backing off 0.7s
[retry 1/8] (h.0.mlp.down_proj:1181/trial0) ChatError, backing off 0.7s
h.0.mlp.down_proj:1163/trial2: ResponseValidationError: Response validation failed: 4 validation errors for Unmarshaller
body.id
  Field required [type=missing, input_value={'error': {'message': 'In...TrjQ3SiPZV9wNWl35MAH90'}, input_type=dict]
    For further information visit https://errors.pydantic.dev/2.11/v/missing
body.choices
  Field required [type=missing, input_value={'error': {'message': 'In...TrjQ3SiPZV9wNWl35MAH90'}, input_type=dict]
    For further information visit https://errors.pydantic.dev/2.11/v/missing
body.created
  Field required [type=missing, input_value={'error': {'message': 'In...TrjQ3SiPZV9wNWl35MAH90'}, input_type=dict]
    For further information visit https://errors.pydantic.dev/2.11/v/missing
body.model
  Field required [type=missing, input_value={'error': {'message': 'In...TrjQ3SiPZV9wNWl35MAH90'}, input_type=dict]
    For further information visit https://errors.pydantic.dev/2.11/v/missing
[retry 1/8] (h.0.mlp.down_proj:1174/trial0) ChatError, backing off 0.6s
[retry 1/8] (h.0.mlp.down_proj:1129/trial3) ChatError, backing off 0.5s
[retry 1/8] (h.0.mlp.down_proj:1133/trial3) ChatError, backing off 0.6s
[retry 1/8] (h.0.mlp.down_proj:1164/trial1) ChatError, backing off 0.7s
[retry 1/8] (h.0.mlp.down_proj:1162/trial3) ChatError, backing off 0.5s
[retry 2/8] (h.0.mlp.down_proj:1150/trial3) ChatError, backing off 1.1s
[retry 1/8] (h.0.mlp.down_proj:1186/trial0) ChatError, backing off 0.7s
[retry 1/8] (h.0.mlp.down_proj:1155/trial2) ChatError, backing off 0.5s
[retry 1/8] (h.0.mlp.down_proj:1114/trial2) ChatError, backing off 0.6s
[retry 1/8] (h.0.mlp.down_proj:1180/trial1) ChatError, backing off 0.7s
[retry 1/8] (h.0.mlp.down_proj:1178/trial1) ChatError, backing off 0.7s
[retry 1/8] (h.0.mlp.down_proj:1158/trial1) ChatError, backing off 0.6s
[retry 2/8] (h.0.mlp.down_proj:1140/trial1) ChatError, backing off 1.1s
[retry 1/8] (h.0.mlp.down_proj:1136/trial4) ChatError, backing off 0.5s
[retry 1/8] (h.0.mlp.down_proj:1149/trial2) ChatError, backing off 0.5s
[retry 1/8] (h.0.mlp.down_proj:1100/trial3) ChatError, backing off 0.6s
[retry 1/8] (h.0.mlp.down_proj:1165/trial1) ChatError, backing off 0.6s
[retry 1/8] (h.0.mlp.down_proj:1058/trial3) ChatError, backing off 0.6s
[retry 1/8] (h.0.mlp.down_proj:1141/trial3) ChatError, backing off 0.6s
[retry 2/8] (h.0.mlp.down_proj:1173/trial0) ChatError, backing off 1.2s
[retry 1/8] (h.0.mlp.down_proj:1163/trial3) ChatError, backing off 0.6s
[retry 2/8] (h.0.mlp.down_proj:1139/trial2) ChatError, backing off 1.4s
[retry 1/8] (h.0.mlp.down_proj:1242/trial0) ChatError, backing off 0.5s
[retry 1/8] (h.0.mlp.down_proj:1228/trial0) ChatError, backing off 0.7s
[retry 1/8] (h.0.mlp.down_proj:1241/trial0) ChatError, backing off 0.7s
[retry 1/8] (h.0.mlp.down_proj:1240/trial0) ChatError, backing off 0.6s
[retry 1/8] (h.0.mlp.down_proj:1237/trial0) ChatError, backing off 0.7s
[retry 1/8] (h.0.mlp.down_proj:1182/trial2) ChatError, backing off 0.7s
[retry 1/8] (h.0.mlp.down_proj:1141/trial4) ChatError, backing off 0.6s
[retry 1/8] (h.0.mlp.down_proj:1155/trial4) ChatError, backing off 0.7s
[retry 1/8] (h.0.mlp.down_proj:1128/trial4) ChatError, backing off 0.6s
[retry 1/8] (h.0.mlp.down_proj:1201/trial1) ChatError, backing off 0.7s
[retry 1/8] (h.0.mlp.down_proj:1190/trial3) ChatError, backing off 0.6s
[retry 1/8] (h.0.mlp.down_proj:1227/trial0) ChatError, backing off 0.7s
[retry 2/8] (h.0.mlp.down_proj:1240/trial0) ChatError, backing off 1.3s
[retry 1/8] (h.0.mlp.down_proj:1197/trial2) ChatError, backing off 0.6s
[retry 2/8] (h.0.mlp.down_proj:1241/trial0) ChatError, backing off 1.4s
[retry 2/8] (h.0.mlp.down_proj:1128/trial4) ChatError, backing off 1.0s
h.0.mlp.down_proj:1178/trial4: ResponseValidationError: Response validation failed: 4 validation errors for Unmarshaller
body.id
  Field required [type=missing, input_value={'error': {'message': 'In...TrjQ3SiPZV9wNWl35MAH90'}, input_type=dict]
    For further information visit https://errors.pydantic.dev/2.11/v/missing
body.choices
  Field required [type=missing, input_value={'error': {'message': 'In...TrjQ3SiPZV9wNWl35MAH90'}, input_type=dict]
    For further information visit https://errors.pydantic.dev/2.11/v/missing
body.created
  Field required [type=missing, input_value={'error': {'message': 'In...TrjQ3SiPZV9wNWl35MAH90'}, input_type=dict]
    For further information visit https://errors.pydantic.dev/2.11/v/missing
body.model
  Field required [type=missing, input_value={'error': {'message': 'In...TrjQ3SiPZV9wNWl35MAH90'}, input_type=dict]
    For further information visit https://errors.pydantic.dev/2.11/v/missing
[1600] scored 1587, $4.25
[retry 1/8] (h.0.mlp.down_proj:1502/trial1) ChatError, backing off 0.5s
[1700] scored 1680, $4.49
h.0.mlp.down_proj:1661/trial4: Response truncated at 400 tokens
h.0.mlp.down_proj:1661/trial4: JSONDecodeError: Unterminated string starting at: line 3 column 16 (char 47)
[1800] scored 1785, $4.76
[retry 1/8] (h.0.mlp.down_proj:1861/trial4) ChatError, backing off 0.7s
[1900] scored 1888, $5.04
[2000] scored 1976, $5.28
h.0.mlp.down_proj:2329/trial2: JSONDecodeError: Unterminated string starting at: line 6 column 3 (char 46)
h.0.mlp.down_proj:2313/trial1: JSONDecodeError: Expecting property name enclosed in double quotes: line 2 column 39 (char 40)
h.0.mlp.down_proj:2334/trial2: JSONDecodeError: Unterminated string starting at: line 6 column 16 (char 59)
[2100] scored 2092, $5.57
h.0.mlp.down_proj:2469/trial0: JSONDecodeError: Unterminated string starting at: line 3 column 16 (char 50)
h.0.mlp.down_proj:2466/trial2: JSONDecodeError: Unterminated string starting at: line 7 column 16 (char 66)
h.0.mlp.down_proj:2412/trial2: ResponseValidationError: Response validation failed: 4 validation errors for Unmarshaller
body.id
  Field required [type=missing, input_value={'error': {'message': 'In...TrjQ3SiPZV9wNWl35MAH90'}, input_type=dict]
    For further information visit https://errors.pydantic.dev/2.11/v/missing
body.choices
  Field required [type=missing, input_value={'error': {'message': 'In...TrjQ3SiPZV9wNWl35MAH90'}, input_type=dict]
    For further information visit https://errors.pydantic.dev/2.11/v/missing
body.created
  Field required [type=missing, input_value={'error': {'message': 'In...TrjQ3SiPZV9wNWl35MAH90'}, input_type=dict]
    For further information visit https://errors.pydantic.dev/2.11/v/missing
body.model
  Field required [type=missing, input_value={'error': {'message': 'In...TrjQ3SiPZV9wNWl35MAH90'}, input_type=dict]
    For further information visit https://errors.pydantic.dev/2.11/v/missing
[retry 1/8] (h.0.mlp.down_proj:2605/trial1) ChatError, backing off 0.7s
[retry 1/8] (h.0.mlp.down_proj:2643/trial0) ChatError, backing off 0.5s
[retry 2/8] (h.0.mlp.down_proj:2605/trial1) ChatError, backing off 1.3s
[retry 1/8] (h.0.mlp.down_proj:2586/trial2) ChatError, backing off 0.6s
[retry 1/8] (h.0.mlp.down_proj:2627/trial0) ChatError, backing off 0.6s
[retry 1/8] (h.0.mlp.down_proj:2625/trial1) ChatError, backing off 0.7s
[retry 2/8] (h.0.mlp.down_proj:2627/trial0) ChatError, backing off 1.1s
h.0.mlp.down_proj:2620/trial2: JSONDecodeError: Expecting value: line 3 column 15 (char 49)
h.0.mlp.down_proj:2617/trial2: ResponseValidationError: Response validation failed: 4 validation errors for Unmarshaller
body.id
  Field required [type=missing, input_value={'error': {'message': 'In...TrjQ3SiPZV9wNWl35MAH90'}, input_type=dict]
    For further information visit https://errors.pydantic.dev/2.11/v/missing
body.choices
  Field required [type=missing, input_value={'error': {'message': 'In...TrjQ3SiPZV9wNWl35MAH90'}, input_type=dict]
    For further information visit https://errors.pydantic.dev/2.11/v/missing
body.created
  Field required [type=missing, input_value={'error': {'message': 'In...TrjQ3SiPZV9wNWl35MAH90'}, input_type=dict]
    For further information visit https://errors.pydantic.dev/2.11/v/missing
body.model
  Field required [type=missing, input_value={'error': {'message': 'In...TrjQ3SiPZV9wNWl35MAH90'}, input_type=dict]
    For further information visit https://errors.pydantic.dev/2.11/v/missing
[2200] scored 2226, $5.92
h.0.mlp.down_proj:2603/trial3: JSONDecodeError: Unterminated string starting at: line 2 column 3 (char 4)
h.0.mlp.down_proj:2659/trial3: JSONDecodeError: Expecting value: line 3 column 15 (char 49)
[retry 1/8] (h.0.mlp.down_proj:2665/trial4) ChatError, backing off 0.6s
h.0.mlp.down_proj:2712/trial1: JSONDecodeError: Unterminated string starting at: line 5 column 16 (char 52)
h.0.mlp.down_proj:2646/trial4: JSONDecodeError: Unterminated string starting at: line 6 column 16 (char 59)
h.0.mlp.down_proj:2714/trial3: JSONDecodeError: Expecting value: line 3 column 15 (char 49)
h.0.mlp.down_proj:2792/trial0: JSONDecodeError: Unterminated string starting at: line 2 column 3 (char 4)
h.0.mlp.down_proj:2767/trial2: JSONDecodeError: Unterminated string starting at: line 7 column 3 (char 53)
h.0.mlp.down_proj:2788/trial1: JSONDecodeError: Unterminated string starting at: line 3 column 16 (char 56)
h.0.mlp.down_proj:2824/trial0: JSONDecodeError: Unterminated string starting at: line 6 column 16 (char 59)
h.0.mlp.down_proj:2831/trial0: JSONDecodeError: Unterminated string starting at: line 2 column 3 (char 4)
h.0.mlp.down_proj:2820/trial1: JSONDecodeError: Unterminated string starting at: line 2 column 3 (char 4)
[retry 1/8] (h.0.mlp.down_proj:2872/trial4) ChatError, backing off 0.6s
[retry 1/8] (h.0.mlp.down_proj:2840/trial4) ChatError, backing off 0.6s
[retry 1/8] (h.0.mlp.down_proj:2873/trial1) ChatError, backing off 0.6s
[retry 1/8] (h.0.mlp.down_proj:2839/trial2) ChatError, backing off 0.7s
[2300] scored 2341, $6.22
h.0.mlp.down_proj:2873/trial1: JSONDecodeError: Unterminated string starting at: line 2 column 3 (char 4)
h.0.mlp.down_proj:2896/trial2: JSONDecodeError: Unterminated string starting at: line 2 column 3 (char 4)
[retry 1/8] (h.0.mlp.down_proj:2831/trial4) ChatError, backing off 0.6s
[retry 1/8] (h.0.mlp.down_proj:2943/trial4) ChatError, backing off 0.6s
[retry 1/8] (h.0.mlp.down_proj:2929/trial3) ChatError, backing off 0.6s
h.0.mlp.down_proj:2860/trial3: ResponseValidationError: Response validation failed: 4 validation errors for Unmarshaller
body.id
  Field required [type=missing, input_value={'error': {'message': 'In...TrjQ3SiPZV9wNWl35MAH90'}, input_type=dict]
    For further information visit https://errors.pydantic.dev/2.11/v/missing
body.choices
  Field required [type=missing, input_value={'error': {'message': 'In...TrjQ3SiPZV9wNWl35MAH90'}, input_type=dict]
    For further information visit https://errors.pydantic.dev/2.11/v/missing
body.created
  Field required [type=missing, input_value={'error': {'message': 'In...TrjQ3SiPZV9wNWl35MAH90'}, input_type=dict]
    For further information visit https://errors.pydantic.dev/2.11/v/missing
body.model
  Field required [type=missing, input_value={'error': {'message': 'In...TrjQ3SiPZV9wNWl35MAH90'}, input_type=dict]
    For further information visit https://errors.pydantic.dev/2.11/v/missing
[retry 1/8] (h.0.mlp.down_proj:2955/trial2) ChatError, backing off 0.5s
[retry 1/8] (h.0.mlp.down_proj:2937/trial1) ChatError, backing off 0.6s
[retry 1/8] (h.0.mlp.down_proj:2942/trial2) ChatError, backing off 0.7s
[retry 1/8] (h.0.mlp.down_proj:2881/trial3) ChatError, backing off 0.6s
[retry 2/8] (h.0.mlp.down_proj:2943/trial4) ChatError, backing off 1.2s
[retry 1/8] (h.0.mlp.down_proj:2932/trial2) ChatError, backing off 0.6s
[retry 1/8] (h.0.mlp.down_proj:2920/trial4) ChatError, backing off 0.6s
[retry 1/8] (h.0.mlp.down_proj:2914/trial2) ChatError, backing off 0.6s
[retry 1/8] (h.0.mlp.down_proj:2931/trial1) ChatError, backing off 0.6s
[retry 1/8] (h.0.mlp.down_proj:2949/trial1) ChatError, backing off 0.5s
h.0.mlp.down_proj:2960/trial1: JSONDecodeError: Expecting property name enclosed in double quotes: line 7 column 3 (char 53)
h.0.mlp.down_proj:2920/trial4: JSONDecodeError: Unterminated string starting at: line 2 column 3 (char 4)
[retry 1/8] (h.0.mlp.down_proj:2968/trial1) ChatError, backing off 0.5s
[retry 1/8] (h.0.mlp.down_proj:2860/trial4) ChatError, backing off 0.7s
[retry 1/8] (h.0.mlp.down_proj:2915/trial1) ChatError, backing off 0.7s
[retry 1/8] (h.0.mlp.down_proj:2973/trial0) ChatError, backing off 0.5s
[retry 1/8] (h.0.mlp.down_proj:2958/trial1) ChatError, backing off 0.6s
[retry 1/8] (h.0.mlp.down_proj:2814/trial3) ChatError, backing off 0.5s
[retry 1/8] (h.0.mlp.down_proj:2941/trial2) ChatError, backing off 0.5s
[retry 2/8] (h.0.mlp.down_proj:2931/trial1) ChatError, backing off 1.3s
[retry 1/8] (h.0.mlp.down_proj:2897/trial3) ChatError, backing off 0.7s
[retry 1/8] (h.0.mlp.down_proj:2877/trial4) ChatError, backing off 0.5s
[retry 2/8] (h.0.mlp.down_proj:2929/trial3) ChatError, backing off 1.5s
[retry 1/8] (h.0.mlp.down_proj:2949/trial2) ChatError, backing off 0.6s
[retry 1/8] (h.0.mlp.down_proj:2974/trial0) ChatError, backing off 0.6s
[retry 1/8] (h.0.mlp.down_proj:2882/trial2) ChatError, backing off 0.6s
[retry 1/8] (h.0.mlp.down_proj:2969/trial0) ChatError, backing off 0.6s
[retry 1/8] (h.0.mlp.down_proj:2888/trial3) ChatError, backing off 0.6s
[retry 1/8] (h.0.mlp.down_proj:2909/trial3) ChatError, backing off 0.7s
[retry 2/8] (h.0.mlp.down_proj:2914/trial2) ChatError, backing off 1.0s
[retry 1/8] (h.0.mlp.down_proj:2896/trial3) ChatError, backing off 0.5s
[retry 1/8] (h.0.mlp.down_proj:2839/trial3) ChatError, backing off 0.5s
h.0.mlp.down_proj:2927/trial2: JSONDecodeError: Unterminated string starting at: line 2 column 3 (char 4)
[retry 1/8] (h.0.mlp.down_proj:2942/trial3) ChatError, backing off 0.7s
[retry 1/8] (h.0.mlp.down_proj:2940/trial3) ChatError, backing off 0.6s
[retry 1/8] (h.0.mlp.down_proj:2966/trial1) ChatError, backing off 0.5s
[2400] scored 2373, $6.31
[retry 1/8] (h.0.mlp.down_proj:3039/trial0) ChatError, backing off 0.6s
[retry 1/8] (h.0.mlp.down_proj:2915/trial2) ChatError, backing off 0.6s
[retry 1/8] (h.0.mlp.down_proj:2974/trial2) ChatError, backing off 0.6s
[retry 1/8] (h.0.mlp.down_proj:2964/trial4) ChatError, backing off 0.5s
[retry 1/8] (h.0.mlp.down_proj:2994/trial3) ChatError, backing off 0.7s
[retry 2/8] (h.0.mlp.down_proj:2974/trial2) ChatError, backing off 1.1s
[retry 1/8] (h.0.mlp.down_proj:3002/trial1) ChatError, backing off 0.7s
[retry 1/8] (h.0.mlp.down_proj:3031/trial0) ChatError, backing off 0.7s
[retry 1/8] (h.0.mlp.down_proj:3019/trial0) ChatError, backing off 0.5s
[retry 1/8] (h.0.mlp.down_proj:3028/trial0) ChatError, backing off 0.5s
[retry 1/8] (h.0.mlp.down_proj:3003/trial1) ChatError, backing off 0.5s
[retry 1/8] (h.0.mlp.down_proj:3012/trial2) ChatError, backing off 0.6s
[retry 1/8] (h.0.mlp.down_proj:3035/trial1) ChatError, backing off 0.5s
[retry 1/8] (h.1.mlp.down_proj:3/trial0) ChatError, backing off 0.7s
h.0.mlp.down_proj:2985/trial4: JSONDecodeError: Expecting value: line 6 column 5 (char 51)
h.1.mlp.down_proj:160/trial0: ResponseValidationError: Response validation failed: 4 validation errors for Unmarshaller
body.id
  Field required [type=missing, input_value={'error': {'message': 'In...TrjQ3SiPZV9wNWl35MAH90'}, input_type=dict]
    For further information visit https://errors.pydantic.dev/2.11/v/missing
body.choices
  Field required [type=missing, input_value={'error': {'message': 'In...TrjQ3SiPZV9wNWl35MAH90'}, input_type=dict]
    For further information visit https://errors.pydantic.dev/2.11/v/missing
body.created
  Field required [type=missing, input_value={'error': {'message': 'In...TrjQ3SiPZV9wNWl35MAH90'}, input_type=dict]
    For further information visit https://errors.pydantic.dev/2.11/v/missing
body.model
  Field required [type=missing, input_value={'error': {'message': 'In...TrjQ3SiPZV9wNWl35MAH90'}, input_type=dict]
    For further information visit https://errors.pydantic.dev/2.11/v/missing
h.0.mlp.down_proj:3058/trial3: ResponseValidationError: Response validation failed: 4 validation errors for Unmarshaller
body.id
  Field required [type=missing, input_value={'error': {'message': 'In...TrjQ3SiPZV9wNWl35MAH90'}, input_type=dict]
    For further information visit https://errors.pydantic.dev/2.11/v/missing
body.choices
  Field required [type=missing, input_value={'error': {'message': 'In...TrjQ3SiPZV9wNWl35MAH90'}, input_type=dict]
    For further information visit https://errors.pydantic.dev/2.11/v/missing
body.created
  Field required [type=missing, input_value={'error': {'message': 'In...TrjQ3SiPZV9wNWl35MAH90'}, input_type=dict]
    For further information visit https://errors.pydantic.dev/2.11/v/missing
body.model
  Field required [type=missing, input_value={'error': {'message': 'In...TrjQ3SiPZV9wNWl35MAH90'}, input_type=dict]
    For further information visit https://errors.pydantic.dev/2.11/v/missing
[retry 1/8] (h.1.mlp.down_proj:285/trial0) ChatError, backing off 0.6s
h.1.mlp.down_proj:72/trial4: JSONDecodeError: Expecting value: line 3 column 15 (char 49)
[retry 1/8] (h.1.mlp.down_proj:472/trial0) ChatError, backing off 0.7s
[retry 1/8] (h.1.mlp.down_proj:308/trial3) ChatError, backing off 0.5s
[retry 1/8] (h.1.mlp.down_proj:477/trial0) ChatError, backing off 0.7s
[retry 1/8] (h.1.mlp.down_proj:502/trial1) ChatError, backing off 0.7s
[retry 1/8] (h.1.mlp.down_proj:370/trial2) ChatError, backing off 0.7s
[retry 2/8] (h.1.mlp.down_proj:477/trial0) ChatError, backing off 1.4s
[2500] scored 2485, $6.58
[retry 1/8] (h.1.mlp.down_proj:707/trial1) ChatError, backing off 0.5s
[retry 1/8] (h.1.mlp.down_proj:798/trial1) ChatError, backing off 0.5s
[retry 1/8] (h.1.mlp.down_proj:804/trial0) ChatError, backing off 0.6s
[retry 1/8] (h.1.mlp.down_proj:839/trial0) ChatError, backing off 0.6s
[retry 1/8] (h.1.mlp.down_proj:729/trial2) ChatError, backing off 0.7s
[retry 1/8] (h.1.mlp.down_proj:472/trial4) ChatError, backing off 0.6s
[retry 1/8] (h.1.mlp.down_proj:362/trial3) ChatError, backing off 0.6s
[retry 1/8] (h.1.mlp.down_proj:858/trial0) ChatError, backing off 0.6s
[retry 1/8] (h.1.mlp.down_proj:777/trial1) ChatError, backing off 0.6s
[retry 1/8] (h.1.mlp.down_proj:928/trial0) ChatError, backing off 0.6s
h.1.mlp.down_proj:804/trial0: ResponseValidationError: Response validation failed: 4 validation errors for Unmarshaller
body.id
  Field required [type=missing, input_value={'error': {'message': 'In...TrjQ3SiPZV9wNWl35MAH90'}, input_type=dict]
    For further information visit https://errors.pydantic.dev/2.11/v/missing
body.choices
  Field required [type=missing, input_value={'error': {'message': 'In...TrjQ3SiPZV9wNWl35MAH90'}, input_type=dict]
    For further information visit https://errors.pydantic.dev/2.11/v/missing
body.created
  Field required [type=missing, input_value={'error': {'message': 'In...TrjQ3SiPZV9wNWl35MAH90'}, input_type=dict]
    For further information visit https://errors.pydantic.dev/2.11/v/missing
body.model
  Field required [type=missing, input_value={'error': {'message': 'In...TrjQ3SiPZV9wNWl35MAH90'}, input_type=dict]
    For further information visit https://errors.pydantic.dev/2.11/v/missing
[retry 1/8] (h.1.mlp.down_proj:983/trial2) ChatError, backing off 0.6s
h.1.mlp.down_proj:785/trial4: ResponseValidationError: Response validation failed: 4 validation errors for Unmarshaller
body.id
  Field required [type=missing, input_value={'error': {'message': 'In...TrjQ3SiPZV9wNWl35MAH90'}, input_type=dict]
    For further information visit https://errors.pydantic.dev/2.11/v/missing
body.choices
  Field required [type=missing, input_value={'error': {'message': 'In...TrjQ3SiPZV9wNWl35MAH90'}, input_type=dict]
    For further information visit https://errors.pydantic.dev/2.11/v/missing
body.created
  Field required [type=missing, input_value={'error': {'message': 'In...TrjQ3SiPZV9wNWl35MAH90'}, input_type=dict]
    For further information visit https://errors.pydantic.dev/2.11/v/missing
body.model
  Field required [type=missing, input_value={'error': {'message': 'In...TrjQ3SiPZV9wNWl35MAH90'}, input_type=dict]
    For further information visit https://errors.pydantic.dev/2.11/v/missing
[retry 1/8] (h.1.mlp.down_proj:1122/trial0) ChatError, backing off 0.7s
h.1.mlp.down_proj:770/trial4: ResponseValidationError: Response validation failed: 4 validation errors for Unmarshaller
body.id
  Field required [type=missing, input_value={'error': {'message': 'In...TrjQ3SiPZV9wNWl35MAH90'}, input_type=dict]
    For further information visit https://errors.pydantic.dev/2.11/v/missing
body.choices
  Field required [type=missing, input_value={'error': {'message': 'In...TrjQ3SiPZV9wNWl35MAH90'}, input_type=dict]
    For further information visit https://errors.pydantic.dev/2.11/v/missing
body.created
  Field required [type=missing, input_value={'error': {'message': 'In...TrjQ3SiPZV9wNWl35MAH90'}, input_type=dict]
    For further information visit https://errors.pydantic.dev/2.11/v/missing
body.model
  Field required [type=missing, input_value={'error': {'message': 'In...TrjQ3SiPZV9wNWl35MAH90'}, input_type=dict]
    For further information visit https://errors.pydantic.dev/2.11/v/missing
[retry 1/8] (h.1.mlp.down_proj:945/trial2) ChatError, backing off 0.6s
[retry 1/8] (h.1.mlp.down_proj:1059/trial0) ChatError, backing off 0.6s
[retry 2/8] (h.1.mlp.down_proj:1122/trial0) ChatError, backing off 1.4s
[retry 1/8] (h.1.mlp.down_proj:1112/trial0) ChatError, backing off 0.7s
[retry 1/8] (h.1.mlp.down_proj:949/trial1) ChatError, backing off 0.7s
[retry 1/8] (h.1.mlp.down_proj:1040/trial0) ChatError, backing off 0.7s
[retry 2/8] (h.1.mlp.down_proj:983/trial2) ChatError, backing off 1.0s
[retry 1/8] (h.1.mlp.down_proj:777/trial3) ChatError, backing off 0.5s
[retry 2/8] (h.1.mlp.down_proj:1059/trial0) ChatError, backing off 1.1s
[retry 1/8] (h.1.mlp.down_proj:971/trial2) ChatError, backing off 0.6s
[retry 1/8] (h.1.mlp.down_proj:1081/trial1) ChatError, backing off 0.6s
[retry 1/8] (h.1.mlp.down_proj:856/trial3) ChatError, backing off 0.6s
[retry 1/8] (h.1.mlp.down_proj:891/trial2) ChatError, backing off 0.7s
[retry 1/8] (h.1.mlp.down_proj:1105/trial0) ChatError, backing off 0.7s
[retry 1/8] (h.1.mlp.down_proj:1024/trial1) ChatError, backing off 0.6s
[retry 1/8] (h.1.mlp.down_proj:717/trial2) ChatError, backing off 0.7s
[retry 1/8] (h.1.mlp.down_proj:1099/trial0) ChatError, backing off 0.6s
[retry 1/8] (h.1.mlp.down_proj:1393/trial0) ChatError, backing off 0.7s
[retry 1/8] (h.1.mlp.down_proj:1405/trial0) ChatError, backing off 0.5s
[retry 1/8] (h.1.mlp.down_proj:1237/trial4) ChatError, backing off 0.7s
[retry 1/8] (h.1.mlp.down_proj:1002/trial4) ChatError, backing off 0.7s
[retry 1/8] (h.1.mlp.down_proj:1303/trial1) ChatError, backing off 0.7s
[2600] scored 2603, $6.89
[retry 1/8] (h.1.mlp.down_proj:1683/trial3) ChatError, backing off 0.7s
h.1.mlp.down_proj:1924/trial1: ResponseValidationError: Response validation failed: 4 validation errors for Unmarshaller
body.id
  Field required [type=missing, input_value={'error': {'message': 'In...TrjQ3SiPZV9wNWl35MAH90'}, input_type=dict]
    For further information visit https://errors.pydantic.dev/2.11/v/missing
body.choices
  Field required [type=missing, input_value={'error': {'message': 'In...TrjQ3SiPZV9wNWl35MAH90'}, input_type=dict]
    For further information visit https://errors.pydantic.dev/2.11/v/missing
body.created
  Field required [type=missing, input_value={'error': {'message': 'In...TrjQ3SiPZV9wNWl35MAH90'}, input_type=dict]
    For further information visit https://errors.pydantic.dev/2.11/v/missing
body.model
  Field required [type=missing, input_value={'error': {'message': 'In...TrjQ3SiPZV9wNWl35MAH90'}, input_type=dict]
    For further information visit https://errors.pydantic.dev/2.11/v/missing
h.1.mlp.down_proj:1809/trial1: ResponseValidationError: Response validation failed: 4 validation errors for Unmarshaller
body.id
  Field required [type=missing, input_value={'error': {'message': 'In...TrjQ3SiPZV9wNWl35MAH90'}, input_type=dict]
    For further information visit https://errors.pydantic.dev/2.11/v/missing
body.choices
  Field required [type=missing, input_value={'error': {'message': 'In...TrjQ3SiPZV9wNWl35MAH90'}, input_type=dict]
    For further information visit https://errors.pydantic.dev/2.11/v/missing
body.created
  Field required [type=missing, input_value={'error': {'message': 'In...TrjQ3SiPZV9wNWl35MAH90'}, input_type=dict]
    For further information visit https://errors.pydantic.dev/2.11/v/missing
body.model
  Field required [type=missing, input_value={'error': {'message': 'In...TrjQ3SiPZV9wNWl35MAH90'}, input_type=dict]
    For further information visit https://errors.pydantic.dev/2.11/v/missing
[2700] scored 2704, $7.15
[retry 1/8] (h.1.mlp.down_proj:2163/trial1) ChatError, backing off 0.5s
[retry 1/8] (h.1.mlp.down_proj:2049/trial3) ChatError, backing off 0.6s
[retry 1/8] (h.1.mlp.down_proj:2118/trial2) ChatError, backing off 0.6s
[retry 1/8] (h.1.mlp.down_proj:2047/trial2) ChatError, backing off 0.5s
[retry 1/8] (h.1.mlp.down_proj:1981/trial3) ChatError, backing off 0.6s
[retry 1/8] (h.1.mlp.down_proj:1883/trial4) ChatError, backing off 0.7s
[retry 2/8] (h.1.mlp.down_proj:2049/trial3) ChatError, backing off 1.1s
[retry 1/8] (h.1.mlp.down_proj:2193/trial0) ChatError, backing off 0.6s
[retry 1/8] (h.1.mlp.down_proj:1858/trial2) ChatError, backing off 0.7s
[retry 1/8] (h.1.mlp.down_proj:2195/trial0) ChatError, backing off 0.6s
[retry 2/8] (h.1.mlp.down_proj:1883/trial4) ChatError, backing off 1.1s
[retry 1/8] (h.1.mlp.down_proj:1971/trial4) ChatError, backing off 0.6s
[retry 2/8] (h.1.mlp.down_proj:2118/trial2) ChatError, backing off 1.4s
[retry 1/8] (h.1.mlp.down_proj:2154/trial3) ChatError, backing off 0.6s
h.1.mlp.down_proj:2188/trial4: ResponseValidationError: Response validation failed: 4 validation errors for Unmarshaller
body.id
  Field required [type=missing, input_value={'error': {'message': 'In...TrjQ3SiPZV9wNWl35MAH90'}, input_type=dict]
    For further information visit https://errors.pydantic.dev/2.11/v/missing
body.choices
  Field required [type=missing, input_value={'error': {'message': 'In...TrjQ3SiPZV9wNWl35MAH90'}, input_type=dict]
    For further information visit https://errors.pydantic.dev/2.11/v/missing
body.created
  Field required [type=missing, input_value={'error': {'message': 'In...TrjQ3SiPZV9wNWl35MAH90'}, input_type=dict]
    For further information visit https://errors.pydantic.dev/2.11/v/missing
body.model
  Field required [type=missing, input_value={'error': {'message': 'In...TrjQ3SiPZV9wNWl35MAH90'}, input_type=dict]
    For further information visit https://errors.pydantic.dev/2.11/v/missing
h.1.mlp.down_proj:2377/trial0: ResponseValidationError: Response validation failed: 4 validation errors for Unmarshaller
body.id
  Field required [type=missing, input_value={'error': {'message': 'In...TrjQ3SiPZV9wNWl35MAH90'}, input_type=dict]
    For further information visit https://errors.pydantic.dev/2.11/v/missing
body.choices
  Field required [type=missing, input_value={'error': {'message': 'In...TrjQ3SiPZV9wNWl35MAH90'}, input_type=dict]
    For further information visit https://errors.pydantic.dev/2.11/v/missing
body.created
  Field required [type=missing, input_value={'error': {'message': 'In...TrjQ3SiPZV9wNWl35MAH90'}, input_type=dict]
    For further information visit https://errors.pydantic.dev/2.11/v/missing
body.model
  Field required [type=missing, input_value={'error': {'message': 'In...TrjQ3SiPZV9wNWl35MAH90'}, input_type=dict]
    For further information visit https://errors.pydantic.dev/2.11/v/missing
[retry 1/8] (h.1.mlp.down_proj:2493/trial1) ChatError, backing off 0.7s
[2800] scored 2784, $7.35
[retry 1/8] (h.1.mlp.down_proj:2501/trial2) ChatError, backing off 0.7s
[retry 1/8] (h.1.mlp.down_proj:2408/trial4) ChatError, backing off 0.5s
[retry 1/8] (h.1.mlp.down_proj:2502/trial4) ChatError, backing off 0.6s
[retry 1/8] (h.1.mlp.down_proj:2525/trial2) ChatError, backing off 0.6s
[retry 1/8] (h.1.mlp.down_proj:2635/trial0) ChatError, backing off 0.6s
[retry 1/8] (h.1.mlp.down_proj:2451/trial4) ChatError, backing off 0.6s
[retry 2/8] (h.1.mlp.down_proj:2408/trial4) ChatError, backing off 1.5s
[retry 1/8] (h.1.mlp.down_proj:2593/trial1) ChatError, backing off 0.6s
h.2.mlp.down_proj:29/trial3: ResponseValidationError: Response validation failed: 4 validation errors for Unmarshaller
body.id
  Field required [type=missing, input_value={'error': {'message': 'In...TrjQ3SiPZV9wNWl35MAH90'}, input_type=dict]
    For further information visit https://errors.pydantic.dev/2.11/v/missing
body.choices
  Field required [type=missing, input_value={'error': {'message': 'In...TrjQ3SiPZV9wNWl35MAH90'}, input_type=dict]
    For further information visit https://errors.pydantic.dev/2.11/v/missing
body.created
  Field required [type=missing, input_value={'error': {'message': 'In...TrjQ3SiPZV9wNWl35MAH90'}, input_type=dict]
    For further information visit https://errors.pydantic.dev/2.11/v/missing
body.model
  Field required [type=missing, input_value={'error': {'message': 'In...TrjQ3SiPZV9wNWl35MAH90'}, input_type=dict]
    For further information visit https://errors.pydantic.dev/2.11/v/missing
h.2.mlp.down_proj:34/trial4: ResponseValidationError: Response validation failed: 4 validation errors for Unmarshaller
body.id
  Field required [type=missing, input_value={'error': {'message': 'In...TrjQ3SiPZV9wNWl35MAH90'}, input_type=dict]
    For further information visit https://errors.pydantic.dev/2.11/v/missing
body.choices
  Field required [type=missing, input_value={'error': {'message': 'In...TrjQ3SiPZV9wNWl35MAH90'}, input_type=dict]
    For further information visit https://errors.pydantic.dev/2.11/v/missing
body.created
  Field required [type=missing, input_value={'error': {'message': 'In...TrjQ3SiPZV9wNWl35MAH90'}, input_type=dict]
    For further information visit https://errors.pydantic.dev/2.11/v/missing
body.model
  Field required [type=missing, input_value={'error': {'message': 'In...TrjQ3SiPZV9wNWl35MAH90'}, input_type=dict]
    For further information visit https://errors.pydantic.dev/2.11/v/missing
h.2.mlp.down_proj:27/trial4: ResponseValidationError: Response validation failed: 4 validation errors for Unmarshaller
body.id
  Field required [type=missing, input_value={'error': {'message': 'In...TrjQ3SiPZV9wNWl35MAH90'}, input_type=dict]
    For further information visit https://errors.pydantic.dev/2.11/v/missing
body.choices
  Field required [type=missing, input_value={'error': {'message': 'In...TrjQ3SiPZV9wNWl35MAH90'}, input_type=dict]
    For further information visit https://errors.pydantic.dev/2.11/v/missing
body.created
  Field required [type=missing, input_value={'error': {'message': 'In...TrjQ3SiPZV9wNWl35MAH90'}, input_type=dict]
    For further information visit https://errors.pydantic.dev/2.11/v/missing
body.model
  Field required [type=missing, input_value={'error': {'message': 'In...TrjQ3SiPZV9wNWl35MAH90'}, input_type=dict]
    For further information visit https://errors.pydantic.dev/2.11/v/missing
h.1.mlp.down_proj:3017/trial3: Response truncated at 400 tokens
h.1.mlp.down_proj:3017/trial3: JSONDecodeError: Unterminated string starting at: line 3 column 16 (char 47)
[2900] scored 2914, $7.69
[retry 1/8] (h.2.mlp.down_proj:60/trial4) ChatError, backing off 0.5s
h.2.mlp.down_proj:126/trial2: ResponseValidationError: Response validation failed: 4 validation errors for Unmarshaller
body.id
  Field required [type=missing, input_value={'error': {'message': 'In...TrjQ3SiPZV9wNWl35MAH90'}, input_type=dict]
    For further information visit https://errors.pydantic.dev/2.11/v/missing
body.choices
  Field required [type=missing, input_value={'error': {'message': 'In...TrjQ3SiPZV9wNWl35MAH90'}, input_type=dict]
    For further information visit https://errors.pydantic.dev/2.11/v/missing
body.created
  Field required [type=missing, input_value={'error': {'message': 'In...TrjQ3SiPZV9wNWl35MAH90'}, input_type=dict]
    For further information visit https://errors.pydantic.dev/2.11/v/missing
body.model
  Field required [type=missing, input_value={'error': {'message': 'In...TrjQ3SiPZV9wNWl35MAH90'}, input_type=dict]
    For further information visit https://errors.pydantic.dev/2.11/v/missing
[retry 1/8] (h.2.mlp.down_proj:100/trial4) ChatError, backing off 0.5s
[retry 1/8] (h.2.mlp.down_proj:82/trial2) ChatError, backing off 0.5s
[retry 1/8] (h.2.mlp.down_proj:152/trial0) ChatError, backing off 0.7s
[retry 1/8] (h.1.mlp.down_proj:2966/trial4) ChatError, backing off 0.6s
[retry 1/8] (h.2.mlp.down_proj:151/trial0) ChatError, backing off 0.6s
[retry 1/8] (h.2.mlp.down_proj:147/trial1) ChatError, backing off 0.7s
[retry 2/8] (h.2.mlp.down_proj:151/trial0) ChatError, backing off 1.5s
[retry 1/8] (h.2.mlp.down_proj:79/trial4) ChatError, backing off 0.7s
[retry 1/8] (h.2.mlp.down_proj:65/trial1) ChatError, backing off 0.5s
[retry 2/8] (h.2.mlp.down_proj:100/trial4) ChatError, backing off 1.2s
[retry 1/8] (h.2.mlp.down_proj:155/trial0) ChatError, backing off 0.7s
[retry 2/8] (h.2.mlp.down_proj:65/trial1) ChatError, backing off 1.3s
[retry 1/8] (h.2.mlp.down_proj:91/trial1) ChatError, backing off 0.7s
[retry 1/8] (h.2.mlp.down_proj:151/trial1) ChatError, backing off 0.7s
h.2.mlp.down_proj:174/trial2: ResponseValidationError: Response validation failed: 4 validation errors for Unmarshaller
body.id
  Field required [type=missing, input_value={'error': {'message': 'In...TrjQ3SiPZV9wNWl35MAH90'}, input_type=dict]
    For further information visit https://errors.pydantic.dev/2.11/v/missing
body.choices
  Field required [type=missing, input_value={'error': {'message': 'In...TrjQ3SiPZV9wNWl35MAH90'}, input_type=dict]
    For further information visit https://errors.pydantic.dev/2.11/v/missing
body.created
  Field required [type=missing, input_value={'error': {'message': 'In...TrjQ3SiPZV9wNWl35MAH90'}, input_type=dict]
    For further information visit https://errors.pydantic.dev/2.11/v/missing
body.model
  Field required [type=missing, input_value={'error': {'message': 'In...TrjQ3SiPZV9wNWl35MAH90'}, input_type=dict]
    For further information visit https://errors.pydantic.dev/2.11/v/missing
h.2.mlp.down_proj:164/trial4: ResponseValidationError: Response validation failed: 4 validation errors for Unmarshaller
body.id
  Field required [type=missing, input_value={'error': {'message': 'In...TrjQ3SiPZV9wNWl35MAH90'}, input_type=dict]
    For further information visit https://errors.pydantic.dev/2.11/v/missing
body.choices
  Field required [type=missing, input_value={'error': {'message': 'In...TrjQ3SiPZV9wNWl35MAH90'}, input_type=dict]
    For further information visit https://errors.pydantic.dev/2.11/v/missing
body.created
  Field required [type=missing, input_value={'error': {'message': 'In...TrjQ3SiPZV9wNWl35MAH90'}, input_type=dict]
    For further information visit https://errors.pydantic.dev/2.11/v/missing
body.model
  Field required [type=missing, input_value={'error': {'message': 'In...TrjQ3SiPZV9wNWl35MAH90'}, input_type=dict]
    For further information visit https://errors.pydantic.dev/2.11/v/missing
h.2.mlp.down_proj:134/trial4: ResponseValidationError: Response validation failed: 4 validation errors for Unmarshaller
body.id
  Field required [type=missing, input_value={'error': {'message': 'In...TrjQ3SiPZV9wNWl35MAH90'}, input_type=dict]
    For further information visit https://errors.pydantic.dev/2.11/v/missing
body.choices
  Field required [type=missing, input_value={'error': {'message': 'In...TrjQ3SiPZV9wNWl35MAH90'}, input_type=dict]
    For further information visit https://errors.pydantic.dev/2.11/v/missing
body.created
  Field required [type=missing, input_value={'error': {'message': 'In...TrjQ3SiPZV9wNWl35MAH90'}, input_type=dict]
    For further information visit https://errors.pydantic.dev/2.11/v/missing
body.model
  Field required [type=missing, input_value={'error': {'message': 'In...TrjQ3SiPZV9wNWl35MAH90'}, input_type=dict]
    For further information visit https://errors.pydantic.dev/2.11/v/missing
h.2.mlp.down_proj:231/trial1: ResponseValidationError: Response validation failed: 4 validation errors for Unmarshaller
body.id
  Field required [type=missing, input_value={'error': {'message': 'In...TrjQ3SiPZV9wNWl35MAH90'}, input_type=dict]
    For further information visit https://errors.pydantic.dev/2.11/v/missing
body.choices
  Field required [type=missing, input_value={'error': {'message': 'In...TrjQ3SiPZV9wNWl35MAH90'}, input_type=dict]
    For further information visit https://errors.pydantic.dev/2.11/v/missing
body.created
  Field required [type=missing, input_value={'error': {'message': 'In...TrjQ3SiPZV9wNWl35MAH90'}, input_type=dict]
    For further information visit https://errors.pydantic.dev/2.11/v/missing
body.model
  Field required [type=missing, input_value={'error': {'message': 'In...TrjQ3SiPZV9wNWl35MAH90'}, input_type=dict]
    For further information visit https://errors.pydantic.dev/2.11/v/missing
[3000] scored 2992, $7.89
[retry 1/8] (h.2.mlp.down_proj:266/trial2) ChatError, backing off 0.5s
[retry 1/8] (h.2.mlp.down_proj:285/trial3) ChatError, backing off 0.7s
[retry 1/8] (h.2.mlp.down_proj:221/trial4) ChatError, backing off 0.6s
[retry 1/8] (h.2.mlp.down_proj:303/trial0) ChatError, backing off 0.7s
[retry 1/8] (h.2.mlp.down_proj:307/trial0) ChatError, backing off 0.7s
[retry 1/8] (h.2.mlp.down_proj:297/trial1) ChatError, backing off 0.7s
[retry 1/8] (h.2.mlp.down_proj:250/trial4) ChatError, backing off 0.7s
[retry 1/8] (h.2.mlp.down_proj:304/trial1) ChatError, backing off 0.7s
[retry 1/8] (h.2.mlp.down_proj:237/trial4) ChatError, backing off 0.6s
[retry 1/8] (h.2.mlp.down_proj:277/trial4) ChatError, backing off 0.5s
[retry 1/8] (h.2.mlp.down_proj:222/trial4) ChatError, backing off 0.6s
[retry 1/8] (h.2.mlp.down_proj:241/trial3) ChatError, backing off 0.6s
[3100] scored 3088, $8.14
[retry 1/8] (h.2.mlp.down_proj:423/trial2) ChatError, backing off 0.7s
[retry 1/8] (h.2.mlp.down_proj:398/trial4) ChatError, backing off 0.6s
[retry 1/8] (h.2.mlp.down_proj:513/trial2) ReadError, backing off 0.6s
h.2.mlp.down_proj:572/trial2: ResponseValidationError: Response validation failed: 4 validation errors for Unmarshaller
body.id
  Field required [type=missing, input_value={'error': {'message': 'In...TrjQ3SiPZV9wNWl35MAH90'}, input_type=dict]
    For further information visit https://errors.pydantic.dev/2.11/v/missing
body.choices
  Field required [type=missing, input_value={'error': {'message': 'In...TrjQ3SiPZV9wNWl35MAH90'}, input_type=dict]
    For further information visit https://errors.pydantic.dev/2.11/v/missing
body.created
  Field required [type=missing, input_value={'error': {'message': 'In...TrjQ3SiPZV9wNWl35MAH90'}, input_type=dict]
    For further information visit https://errors.pydantic.dev/2.11/v/missing
body.model
  Field required [type=missing, input_value={'error': {'message': 'In...TrjQ3SiPZV9wNWl35MAH90'}, input_type=dict]
    For further information visit https://errors.pydantic.dev/2.11/v/missing
h.2.mlp.down_proj:586/trial2: ResponseValidationError: Response validation failed: 4 validation errors for Unmarshaller
body.id
  Field required [type=missing, input_value={'error': {'message': 'In...TrjQ3SiPZV9wNWl35MAH90'}, input_type=dict]
    For further information visit https://errors.pydantic.dev/2.11/v/missing
body.choices
  Field required [type=missing, input_value={'error': {'message': 'In...TrjQ3SiPZV9wNWl35MAH90'}, input_type=dict]
    For further information visit https://errors.pydantic.dev/2.11/v/missing
body.created
  Field required [type=missing, input_value={'error': {'message': 'In...TrjQ3SiPZV9wNWl35MAH90'}, input_type=dict]
    For further information visit https://errors.pydantic.dev/2.11/v/missing
body.model
  Field required [type=missing, input_value={'error': {'message': 'In...TrjQ3SiPZV9wNWl35MAH90'}, input_type=dict]
    For further information visit https://errors.pydantic.dev/2.11/v/missing
h.2.mlp.down_proj:566/trial2: ResponseValidationError: Response validation failed: 4 validation errors for Unmarshaller
body.id
  Field required [type=missing, input_value={'error': {'message': 'In...TrjQ3SiPZV9wNWl35MAH90'}, input_type=dict]
    For further information visit https://errors.pydantic.dev/2.11/v/missing
body.choices
  Field required [type=missing, input_value={'error': {'message': 'In...TrjQ3SiPZV9wNWl35MAH90'}, input_type=dict]
    For further information visit https://errors.pydantic.dev/2.11/v/missing
body.created
  Field required [type=missing, input_value={'error': {'message': 'In...TrjQ3SiPZV9wNWl35MAH90'}, input_type=dict]
    For further information visit https://errors.pydantic.dev/2.11/v/missing
body.model
  Field required [type=missing, input_value={'error': {'message': 'In...TrjQ3SiPZV9wNWl35MAH90'}, input_type=dict]
    For further information visit https://errors.pydantic.dev/2.11/v/missing
[retry 1/8] (h.2.mlp.down_proj:611/trial0) ChatError, backing off 0.5s
[3200] scored 3201, $8.43
[retry 1/8] (h.2.mlp.down_proj:558/trial4) ChatError, backing off 0.6s
[retry 1/8] (h.2.mlp.down_proj:620/trial2) ChatError, backing off 0.5s
[retry 1/8] (h.2.mlp.down_proj:628/trial1) ChatError, backing off 0.6s
[retry 1/8] (h.2.mlp.down_proj:630/trial3) ChatError, backing off 0.7s
[retry 1/8] (h.2.mlp.down_proj:632/trial0) ChatError, backing off 0.6s
[retry 1/8] (h.2.mlp.down_proj:674/trial0) ChatError, backing off 0.5s
[retry 1/8] (h.2.mlp.down_proj:633/trial3) ChatError, backing off 0.6s
[retry 1/8] (h.2.mlp.down_proj:673/trial1) ChatError, backing off 0.6s
h.2.mlp.down_proj:636/trial0: ResponseValidationError: Response validation failed: 4 validation errors for Unmarshaller
body.id
  Field required [type=missing, input_value={'error': {'message': 'In...TrjQ3SiPZV9wNWl35MAH90'}, input_type=dict]
    For further information visit https://errors.pydantic.dev/2.11/v/missing
body.choices
  Field required [type=missing, input_value={'error': {'message': 'In...TrjQ3SiPZV9wNWl35MAH90'}, input_type=dict]
    For further information visit https://errors.pydantic.dev/2.11/v/missing
body.created
  Field required [type=missing, input_value={'error': {'message': 'In...TrjQ3SiPZV9wNWl35MAH90'}, input_type=dict]
    For further information visit https://errors.pydantic.dev/2.11/v/missing
body.model
  Field required [type=missing, input_value={'error': {'message': 'In...TrjQ3SiPZV9wNWl35MAH90'}, input_type=dict]
    For further information visit https://errors.pydantic.dev/2.11/v/missing
[retry 1/8] (h.2.mlp.down_proj:667/trial1) ChatError, backing off 0.7s
[retry 1/8] (h.2.mlp.down_proj:636/trial1) ChatError, backing off 0.7s
[retry 1/8] (h.2.mlp.down_proj:604/trial2) ChatError, backing off 0.6s
[retry 1/8] (h.2.mlp.down_proj:666/trial1) ChatError, backing off 0.6s
[retry 2/8] (h.2.mlp.down_proj:632/trial0) ChatError, backing off 1.3s
[retry 2/8] (h.2.mlp.down_proj:633/trial3) ChatError, backing off 1.4s
[retry 1/8] (h.2.mlp.down_proj:647/trial3) ChatError, backing off 0.6s
h.2.mlp.down_proj:658/trial2: ResponseValidationError: Response validation failed: 4 validation errors for Unmarshaller
body.id
  Field required [type=missing, input_value={'error': {'message': 'In...TrjQ3SiPZV9wNWl35MAH90'}, input_type=dict]
    For further information visit https://errors.pydantic.dev/2.11/v/missing
body.choices
  Field required [type=missing, input_value={'error': {'message': 'In...TrjQ3SiPZV9wNWl35MAH90'}, input_type=dict]
    For further information visit https://errors.pydantic.dev/2.11/v/missing
body.created
  Field required [type=missing, input_value={'error': {'message': 'In...TrjQ3SiPZV9wNWl35MAH90'}, input_type=dict]
    For further information visit https://errors.pydantic.dev/2.11/v/missing
body.model
  Field required [type=missing, input_value={'error': {'message': 'In...TrjQ3SiPZV9wNWl35MAH90'}, input_type=dict]
    For further information visit https://errors.pydantic.dev/2.11/v/missing
[retry 1/8] (h.2.mlp.down_proj:554/trial4) ChatError, backing off 0.6s
[retry 1/8] (h.2.mlp.down_proj:621/trial1) ChatError, backing off 0.6s
[retry 1/8] (h.2.mlp.down_proj:613/trial3) ChatError, backing off 0.7s
[retry 1/8] (h.2.mlp.down_proj:616/trial2) ChatError, backing off 0.7s
[retry 1/8] (h.2.mlp.down_proj:685/trial0) ChatError, backing off 0.6s
[retry 1/8] (h.2.mlp.down_proj:605/trial2) ChatError, backing off 0.7s
[retry 1/8] (h.2.mlp.down_proj:598/trial4) ChatError, backing off 0.7s
[retry 1/8] (h.2.mlp.down_proj:686/trial0) ChatError, backing off 0.6s
h.2.mlp.down_proj:593/trial3: ResponseValidationError: Response validation failed: 4 validation errors for Unmarshaller
body.id
  Field required [type=missing, input_value={'error': {'message': 'In...TrjQ3SiPZV9wNWl35MAH90'}, input_type=dict]
    For further information visit https://errors.pydantic.dev/2.11/v/missing
body.choices
  Field required [type=missing, input_value={'error': {'message': 'In...TrjQ3SiPZV9wNWl35MAH90'}, input_type=dict]
    For further information visit https://errors.pydantic.dev/2.11/v/missing
body.created
  Field required [type=missing, input_value={'error': {'message': 'In...TrjQ3SiPZV9wNWl35MAH90'}, input_type=dict]
    For further information visit https://errors.pydantic.dev/2.11/v/missing
body.model
  Field required [type=missing, input_value={'error': {'message': 'In...TrjQ3SiPZV9wNWl35MAH90'}, input_type=dict]
    For further information visit https://errors.pydantic.dev/2.11/v/missing
[retry 2/8] (h.2.mlp.down_proj:558/trial4) ChatError, backing off 1.3s
[retry 1/8] (h.2.mlp.down_proj:618/trial3) ChatError, backing off 0.6s
[retry 1/8] (h.2.mlp.down_proj:612/trial4) ChatError, backing off 0.5s
[retry 1/8] (h.2.mlp.down_proj:657/trial1) ChatError, backing off 0.7s
[retry 1/8] (h.2.mlp.down_proj:619/trial2) ChatError, backing off 0.6s
[retry 1/8] (h.2.mlp.down_proj:635/trial0) ChatError, backing off 0.7s
[retry 2/8] (h.2.mlp.down_proj:667/trial1) ChatError, backing off 1.5s
[retry 3/8] (h.2.mlp.down_proj:558/trial4) ChatError, backing off 2.5s
[retry 2/8] (h.2.mlp.down_proj:598/trial4) ChatError, backing off 1.1s
[retry 1/8] (h.2.mlp.down_proj:746/trial0) ChatError, backing off 0.6s
[retry 1/8] (h.2.mlp.down_proj:669/trial4) ChatError, backing off 0.6s
[retry 1/8] (h.2.mlp.down_proj:699/trial1) ChatError, backing off 0.5s
[retry 1/8] (h.2.mlp.down_proj:714/trial1) ChatError, backing off 0.7s
[retry 1/8] (h.2.mlp.down_proj:665/trial3) ChatError, backing off 0.7s
[retry 1/8] (h.2.mlp.down_proj:686/trial4) ChatError, backing off 0.5s
[retry 1/8] (h.2.mlp.down_proj:696/trial2) ChatError, backing off 0.6s
[retry 1/8] (h.2.mlp.down_proj:693/trial4) ChatError, backing off 0.7s
[retry 1/8] (h.2.mlp.down_proj:708/trial2) ChatError, backing off 0.7s
[retry 1/8] (h.2.mlp.down_proj:635/trial2) ChatError, backing off 0.5s
[retry 1/8] (h.2.mlp.down_proj:674/trial3) ChatError, backing off 0.7s
[retry 1/8] (h.2.mlp.down_proj:767/trial0) ChatError, backing off 0.7s
[retry 1/8] (h.2.mlp.down_proj:761/trial0) ChatError, backing off 0.6s
[retry 2/8] (h.2.mlp.down_proj:696/trial2) ChatError, backing off 1.3s
[retry 1/8] (h.2.mlp.down_proj:759/trial0) ChatError, backing off 0.7s
[retry 2/8] (h.2.mlp.down_proj:693/trial4) ChatError, backing off 1.1s
[retry 1/8] (h.2.mlp.down_proj:605/trial3) ChatError, backing off 0.6s
[retry 1/8] (h.2.mlp.down_proj:611/trial4) ChatError, backing off 0.6s
[retry 1/8] (h.2.mlp.down_proj:681/trial3) ChatError, backing off 0.6s
[retry 1/8] (h.2.mlp.down_proj:754/trial0) ChatError, backing off 0.7s
[retry 2/8] (h.2.mlp.down_proj:767/trial0) ChatError, backing off 1.3s
[retry 1/8] (h.2.mlp.down_proj:688/trial3) ChatError, backing off 0.6s
[retry 1/8] (h.2.mlp.down_proj:738/trial1) ChatError, backing off 0.5s
[retry 1/8] (h.2.mlp.down_proj:604/trial4) ChatError, backing off 0.6s
[retry 1/8] (h.2.mlp.down_proj:690/trial2) ChatError, backing off 0.7s
[retry 1/8] (h.2.mlp.down_proj:775/trial0) ChatError, backing off 0.5s
[retry 2/8] (h.2.mlp.down_proj:688/trial3) ChatError, backing off 1.2s
[retry 1/8] (h.2.mlp.down_proj:718/trial2) ChatError, backing off 0.7s
[retry 1/8] (h.2.mlp.down_proj:741/trial1) ChatError, backing off 0.7s
[retry 1/8] (h.2.mlp.down_proj:685/trial2) ChatError, backing off 0.7s
[retry 1/8] (h.2.mlp.down_proj:749/trial0) ChatError, backing off 0.6s
[retry 2/8] (h.2.mlp.down_proj:714/trial1) ChatError, backing off 1.2s
[retry 1/8] (h.2.mlp.down_proj:758/trial4) ChatError, backing off 0.7s
[retry 1/8] (h.2.mlp.down_proj:702/trial4) ChatError, backing off 0.6s
[retry 1/8] (h.2.mlp.down_proj:780/trial3) ChatError, backing off 0.7s
[retry 1/8] (h.2.mlp.down_proj:809/trial1) ChatError, backing off 0.7s
h.2.mlp.down_proj:785/trial0: ResponseValidationError: Response validation failed: 4 validation errors for Unmarshaller
body.id
  Field required [type=missing, input_value={'error': {'message': 'In...TrjQ3SiPZV9wNWl35MAH90'}, input_type=dict]
    For further information visit https://errors.pydantic.dev/2.11/v/missing
body.choices
  Field required [type=missing, input_value={'error': {'message': 'In...TrjQ3SiPZV9wNWl35MAH90'}, input_type=dict]
    For further information visit https://errors.pydantic.dev/2.11/v/missing
body.created
  Field required [type=missing, input_value={'error': {'message': 'In...TrjQ3SiPZV9wNWl35MAH90'}, input_type=dict]
    For further information visit https://errors.pydantic.dev/2.11/v/missing
body.model
  Field required [type=missing, input_value={'error': {'message': 'In...TrjQ3SiPZV9wNWl35MAH90'}, input_type=dict]
    For further information visit https://errors.pydantic.dev/2.11/v/missing
[retry 1/8] (h.2.mlp.down_proj:779/trial4) ChatError, backing off 0.5s
h.2.mlp.down_proj:738/trial2: ResponseValidationError: Response validation failed: 4 validation errors for Unmarshaller
body.id
  Field required [type=missing, input_value={'error': {'message': 'In...TrjQ3SiPZV9wNWl35MAH90'}, input_type=dict]
    For further information visit https://errors.pydantic.dev/2.11/v/missing
body.choices
  Field required [type=missing, input_value={'error': {'message': 'In...TrjQ3SiPZV9wNWl35MAH90'}, input_type=dict]
    For further information visit https://errors.pydantic.dev/2.11/v/missing
body.created
  Field required [type=missing, input_value={'error': {'message': 'In...TrjQ3SiPZV9wNWl35MAH90'}, input_type=dict]
    For further information visit https://errors.pydantic.dev/2.11/v/missing
body.model
  Field required [type=missing, input_value={'error': {'message': 'In...TrjQ3SiPZV9wNWl35MAH90'}, input_type=dict]
    For further information visit https://errors.pydantic.dev/2.11/v/missing
[retry 1/8] (h.2.mlp.down_proj:796/trial2) ChatError, backing off 0.6s
[retry 1/8] (h.2.mlp.down_proj:802/trial3) ChatError, backing off 0.7s
[retry 1/8] (h.2.mlp.down_proj:818/trial1) ChatError, backing off 0.6s
[retry 1/8] (h.2.mlp.down_proj:810/trial0) ChatError, backing off 0.6s
[retry 1/8] (h.2.mlp.down_proj:764/trial3) ChatError, backing off 0.7s
[retry 2/8] (h.2.mlp.down_proj:758/trial4) ChatError, backing off 1.0s
[retry 1/8] (h.2.mlp.down_proj:805/trial2) ChatError, backing off 0.5s
h.2.mlp.down_proj:690/trial4: ResponseValidationError: Response validation failed: 4 validation errors for Unmarshaller
body.id
  Field required [type=missing, input_value={'error': {'message': 'In...TrjQ3SiPZV9wNWl35MAH90'}, input_type=dict]
    For further information visit https://errors.pydantic.dev/2.11/v/missing
body.choices
  Field required [type=missing, input_value={'error': {'message': 'In...TrjQ3SiPZV9wNWl35MAH90'}, input_type=dict]
    For further information visit https://errors.pydantic.dev/2.11/v/missing
body.created
  Field required [type=missing, input_value={'error': {'message': 'In...TrjQ3SiPZV9wNWl35MAH90'}, input_type=dict]
    For further information visit https://errors.pydantic.dev/2.11/v/missing
body.model
  Field required [type=missing, input_value={'error': {'message': 'In...TrjQ3SiPZV9wNWl35MAH90'}, input_type=dict]
    For further information visit https://errors.pydantic.dev/2.11/v/missing
[retry 1/8] (h.2.mlp.down_proj:775/trial2) ChatError, backing off 0.7s
[retry 1/8] (h.2.mlp.down_proj:782/trial3) ChatError, backing off 0.6s
h.2.mlp.down_proj:749/trial2: ResponseValidationError: Response validation failed: 4 validation errors for Unmarshaller
body.id
  Field required [type=missing, input_value={'error': {'message': 'In...TrjQ3SiPZV9wNWl35MAH90'}, input_type=dict]
    For further information visit https://errors.pydantic.dev/2.11/v/missing
body.choices
  Field required [type=missing, input_value={'error': {'message': 'In...TrjQ3SiPZV9wNWl35MAH90'}, input_type=dict]
    For further information visit https://errors.pydantic.dev/2.11/v/missing
body.created
  Field required [type=missing, input_value={'error': {'message': 'In...TrjQ3SiPZV9wNWl35MAH90'}, input_type=dict]
    For further information visit https://errors.pydantic.dev/2.11/v/missing
body.model
  Field required [type=missing, input_value={'error': {'message': 'In...TrjQ3SiPZV9wNWl35MAH90'}, input_type=dict]
    For further information visit https://errors.pydantic.dev/2.11/v/missing
[retry 1/8] (h.2.mlp.down_proj:746/trial4) ChatError, backing off 0.7s
[retry 1/8] (h.2.mlp.down_proj:822/trial0) ChatError, backing off 0.6s
[retry 3/8] (h.2.mlp.down_proj:758/trial4) ChatError, backing off 2.3s
[retry 2/8] (h.2.mlp.down_proj:802/trial3) ChatError, backing off 1.4s
[retry 2/8] (h.2.mlp.down_proj:779/trial4) ChatError, backing off 1.1s
[retry 1/8] (h.2.mlp.down_proj:785/trial1) ChatError, backing off 0.5s
[retry 1/8] (h.2.mlp.down_proj:777/trial3) ChatError, backing off 0.6s
[retry 1/8] (h.2.mlp.down_proj:824/trial0) ChatError, backing off 0.5s
[retry 1/8] (h.2.mlp.down_proj:738/trial3) ChatError, backing off 0.5s
[retry 1/8] (h.2.mlp.down_proj:699/trial3) ChatError, backing off 0.7s
[retry 2/8] (h.2.mlp.down_proj:777/trial3) ChatError, backing off 1.1s
[retry 2/8] (h.2.mlp.down_proj:822/trial0) ChatError, backing off 1.4s
[retry 1/8] (h.2.mlp.down_proj:714/trial3) ChatError, backing off 0.7s
[retry 1/8] (h.2.mlp.down_proj:806/trial1) ChatError, backing off 0.6s
h.2.mlp.down_proj:725/trial3: ResponseValidationError: Response validation failed: 4 validation errors for Unmarshaller
body.id
  Field required [type=missing, input_value={'error': {'message': 'In...TrjQ3SiPZV9wNWl35MAH90'}, input_type=dict]
    For further information visit https://errors.pydantic.dev/2.11/v/missing
body.choices
  Field required [type=missing, input_value={'error': {'message': 'In...TrjQ3SiPZV9wNWl35MAH90'}, input_type=dict]
    For further information visit https://errors.pydantic.dev/2.11/v/missing
body.created
  Field required [type=missing, input_value={'error': {'message': 'In...TrjQ3SiPZV9wNWl35MAH90'}, input_type=dict]
    For further information visit https://errors.pydantic.dev/2.11/v/missing
body.model
  Field required [type=missing, input_value={'error': {'message': 'In...TrjQ3SiPZV9wNWl35MAH90'}, input_type=dict]
    For further information visit https://errors.pydantic.dev/2.11/v/missing
[retry 1/8] (h.2.mlp.down_proj:741/trial4) ChatError, backing off 0.5s
[retry 2/8] (h.2.mlp.down_proj:775/trial2) ChatError, backing off 1.0s
[retry 1/8] (h.2.mlp.down_proj:815/trial1) ChatError, backing off 0.7s
[retry 2/8] (h.2.mlp.down_proj:809/trial1) ChatError, backing off 1.3s
[retry 2/8] (h.2.mlp.down_proj:815/trial1) ChatError, backing off 1.4s
[retry 2/8] (h.2.mlp.down_proj:785/trial1) ChatError, backing off 1.4s
[retry 2/8] (h.2.mlp.down_proj:782/trial3) ChatError, backing off 1.1s
[retry 2/8] (h.2.mlp.down_proj:764/trial3) ChatError, backing off 1.5s
[retry 1/8] (h.2.mlp.down_proj:829/trial0) ChatError, backing off 0.6s
[retry 2/8] (h.2.mlp.down_proj:714/trial3) ChatError, backing off 1.0s
[retry 1/8] (h.2.mlp.down_proj:824/trial3) ChatError, backing off 0.7s
[retry 1/8] (h.2.mlp.down_proj:865/trial2) ChatError, backing off 0.6s
h.2.mlp.down_proj:782/trial4: ResponseValidationError: Response validation failed: 4 validation errors for Unmarshaller
body.id
  Field required [type=missing, input_value={'error': {'message': 'In...TrjQ3SiPZV9wNWl35MAH90'}, input_type=dict]
    For further information visit https://errors.pydantic.dev/2.11/v/missing
body.choices
  Field required [type=missing, input_value={'error': {'message': 'In...TrjQ3SiPZV9wNWl35MAH90'}, input_type=dict]
    For further information visit https://errors.pydantic.dev/2.11/v/missing
body.created
  Field required [type=missing, input_value={'error': {'message': 'In...TrjQ3SiPZV9wNWl35MAH90'}, input_type=dict]
    For further information visit https://errors.pydantic.dev/2.11/v/missing
body.model
  Field required [type=missing, input_value={'error': {'message': 'In...TrjQ3SiPZV9wNWl35MAH90'}, input_type=dict]
    For further information visit https://errors.pydantic.dev/2.11/v/missing
[retry 1/8] (h.2.mlp.down_proj:882/trial1) ChatError, backing off 0.6s
[retry 1/8] (h.2.mlp.down_proj:831/trial2) ChatError, backing off 0.6s
[retry 1/8] (h.2.mlp.down_proj:869/trial2) ChatError, backing off 0.7s
[retry 1/8] (h.2.mlp.down_proj:884/trial1) ChatError, backing off 0.7s
[retry 2/8] (h.2.mlp.down_proj:865/trial2) ChatError, backing off 1.4s
[retry 1/8] (h.2.mlp.down_proj:874/trial2) ChatError, backing off 0.5s
[retry 1/8] (h.2.mlp.down_proj:761/trial4) ChatError, backing off 0.6s
[retry 1/8] (h.2.mlp.down_proj:894/trial0) ChatError, backing off 0.5s
[retry 1/8] (h.2.mlp.down_proj:815/trial4) ChatError, backing off 0.6s
[retry 1/8] (h.2.mlp.down_proj:878/trial2) ChatError, backing off 0.6s
[retry 1/8] (h.2.mlp.down_proj:836/trial3) ChatError, backing off 0.5s
[retry 1/8] (h.2.mlp.down_proj:852/trial4) ChatError, backing off 0.6s
[retry 2/8] (h.2.mlp.down_proj:836/trial3) ChatError, backing off 1.3s
[retry 1/8] (h.2.mlp.down_proj:898/trial0) ChatError, backing off 0.6s
[retry 1/8] (h.2.mlp.down_proj:879/trial2) ChatError, backing off 0.6s
[retry 1/8] (h.2.mlp.down_proj:900/trial0) ChatError, backing off 0.6s
[retry 1/8] (h.2.mlp.down_proj:907/trial0) ChatError, backing off 0.5s
[retry 1/8] (h.2.mlp.down_proj:906/trial0) ChatError, backing off 0.7s
[3300] scored 3323, $8.75
