Downloading run from wandb: goodfire/spd/s-275c8f21
wandb: Currently logged in as: olicg-gf (goodfire) to https://api.wandb.ai. Use `wandb login --relogin` to force relogin
[retry 1/8] (h.0.mlp.c_fc:1871/trial9) ConnectError, backing off 0.6s
[retry 1/8] (h.0.mlp.c_fc:1858/trial8) ConnectError, backing off 0.6s
[0] scored 38, $0.21
[retry 1/8] (h.0.mlp.c_fc:1976/trial1) ChatError, backing off 0.6s
[retry 1/8] (h.0.mlp.c_fc:1920/trial6) ChatError, backing off 0.5s
[retry 1/8] (h.0.mlp.c_fc:1960/trial3) ChatError, backing off 0.5s
[retry 1/8] (h.0.mlp.c_fc:1984/trial1) ChatError, backing off 0.7s
[retry 1/8] (h.0.mlp.c_fc:1937/trial5) ChatError, backing off 0.5s
[retry 1/8] (h.0.mlp.c_fc:1988/trial0) ChatError, backing off 0.6s
h.0.mlp.c_fc:1997/trial2: JSONDecodeError: Expecting value: line 2 column 14 (char 15)
h.0.mlp.c_fc:2013/trial3: JSONDecodeError: Expecting value: line 2 column 14 (char 15)
[retry 1/8] (h.0.mlp.c_fc:1996/trial4) ConnectError, backing off 0.6s
[retry 1/8] (h.0.mlp.c_fc:2012/trial2) ConnectError, backing off 0.7s
[100] scored 90, $0.44
h.0.mlp.c_fc:2028/trial9: ResponseValidationError: Response validation failed: 4 validation errors for Unmarshaller
body.id
  Field required [type=missing, input_value={'error': {'message': 'In...TrjQ3SiPZV9wNWl35MAH90'}, input_type=dict]
    For further information visit https://errors.pydantic.dev/2.11/v/missing
body.choices
  Field required [type=missing, input_value={'error': {'message': 'In...TrjQ3SiPZV9wNWl35MAH90'}, input_type=dict]
    For further information visit https://errors.pydantic.dev/2.11/v/missing
body.created
  Field required [type=missing, input_value={'error': {'message': 'In...TrjQ3SiPZV9wNWl35MAH90'}, input_type=dict]
    For further information visit https://errors.pydantic.dev/2.11/v/missing
body.model
  Field required [type=missing, input_value={'error': {'message': 'In...TrjQ3SiPZV9wNWl35MAH90'}, input_type=dict]
    For further information visit https://errors.pydantic.dev/2.11/v/missing
h.0.mlp.c_fc:2027/trial7: ResponseValidationError: Response validation failed: 4 validation errors for Unmarshaller
body.id
  Field required [type=missing, input_value={'error': {'message': 'In...TrjQ3SiPZV9wNWl35MAH90'}, input_type=dict]
    For further information visit https://errors.pydantic.dev/2.11/v/missing
body.choices
  Field required [type=missing, input_value={'error': {'message': 'In...TrjQ3SiPZV9wNWl35MAH90'}, input_type=dict]
    For further information visit https://errors.pydantic.dev/2.11/v/missing
body.created
  Field required [type=missing, input_value={'error': {'message': 'In...TrjQ3SiPZV9wNWl35MAH90'}, input_type=dict]
    For further information visit https://errors.pydantic.dev/2.11/v/missing
body.model
  Field required [type=missing, input_value={'error': {'message': 'In...TrjQ3SiPZV9wNWl35MAH90'}, input_type=dict]
    For further information visit https://errors.pydantic.dev/2.11/v/missing
[retry 1/8] (h.0.mlp.c_fc:1998/trial8) ChatError, backing off 0.6s
[retry 1/8] (h.0.mlp.c_fc:2064/trial1) ChatError, backing off 0.7s
[retry 1/8] (h.0.mlp.c_fc:2019/trial9) ChatError, backing off 0.5s
[retry 1/8] (h.0.mlp.c_fc:2013/trial7) ChatError, backing off 0.7s
[retry 1/8] (h.0.mlp.c_fc:2065/trial1) ChatError, backing off 0.7s
[retry 2/8] (h.0.mlp.c_fc:2064/trial1) ChatError, backing off 1.2s
[retry 1/8] (h.0.mlp.c_fc:2000/trial5) ChatError, backing off 0.6s
[retry 1/8] (h.0.mlp.c_fc:2073/trial1) ChatError, backing off 0.5s
[retry 1/8] (h.0.mlp.c_fc:2094/trial0) ChatError, backing off 0.7s
[retry 1/8] (h.0.mlp.c_fc:2001/trial8) ChatError, backing off 0.5s
[retry 1/8] (h.0.mlp.c_fc:1983/trial9) ChatError, backing off 0.5s
h.0.mlp.c_fc:1971/trial9: JSONDecodeError: Invalid control character at: line 3 column 251 (char 269)
h.0.mlp.c_fc:1976/trial8: JSONDecodeError: Expecting value: line 2 column 14 (char 15)
h.0.mlp.c_fc:2109/trial0: JSONDecodeError: Unterminated string starting at: line 3 column 16 (char 34)
h.0.mlp.c_fc:2105/trial0: JSONDecodeError: Unterminated string starting at: line 3 column 16 (char 34)
h.0.mlp.c_fc:2100/trial2: JSONDecodeError: Expecting value: line 2 column 14 (char 15)
[retry 1/8] (h.0.mlp.c_fc:2116/trial5) ChatError, backing off 0.5s
[retry 1/8] (h.0.mlp.c_fc:2049/trial9) ChatError, backing off 0.6s
[retry 1/8] (h.0.mlp.c_fc:2205/trial1) ChatError, backing off 0.5s
[retry 1/8] (h.0.mlp.c_fc:2172/trial3) ChatError, backing off 0.7s
[retry 1/8] (h.0.mlp.c_fc:2139/trial5) ChatError, backing off 0.6s
[retry 1/8] (h.0.mlp.c_fc:2135/trial7) ChatError, backing off 0.6s
[200] scored 199, $0.86
[retry 1/8] (h.0.mlp.c_fc:2269/trial2) ChatError, backing off 0.6s
[retry 1/8] (h.0.mlp.c_fc:2228/trial7) ChatError, backing off 0.5s
[retry 1/8] (h.0.mlp.c_fc:2211/trial9) ChatError, backing off 0.6s
[retry 1/8] (h.0.mlp.c_fc:2255/trial3) ChatError, backing off 0.6s
[retry 1/8] (h.0.mlp.c_fc:2297/trial0) ChatError, backing off 0.7s
[retry 1/8] (h.0.mlp.c_fc:2213/trial7) ChatError, backing off 0.6s
[retry 1/8] (h.0.mlp.c_fc:2231/trial3) ChatError, backing off 0.7s
[retry 1/8] (h.0.mlp.c_fc:2355/trial0) ChatError, backing off 0.7s
[retry 1/8] (h.0.mlp.c_fc:2288/trial9) ChatError, backing off 0.5s
[300] scored 293, $1.25
[400] scored 392, $1.62
[500] scored 497, $2.03
[600] scored 598, $2.42
h.0.mlp.c_fc:3025/trial0: JSONDecodeError: Expecting value: line 2 column 14 (char 15)
[retry 1/8] (h.0.mlp.c_fc:3035/trial7) ChatError, backing off 0.6s
h.0.mlp.c_fc:3038/trial6: JSONDecodeError: Expecting value: line 2 column 14 (char 15)
h.0.mlp.c_fc:3076/trial6: ResponseValidationError: Response validation failed: 4 validation errors for Unmarshaller
body.id
  Field required [type=missing, input_value={'error': {'message': 'In...TrjQ3SiPZV9wNWl35MAH90'}, input_type=dict]
    For further information visit https://errors.pydantic.dev/2.11/v/missing
body.choices
  Field required [type=missing, input_value={'error': {'message': 'In...TrjQ3SiPZV9wNWl35MAH90'}, input_type=dict]
    For further information visit https://errors.pydantic.dev/2.11/v/missing
body.created
  Field required [type=missing, input_value={'error': {'message': 'In...TrjQ3SiPZV9wNWl35MAH90'}, input_type=dict]
    For further information visit https://errors.pydantic.dev/2.11/v/missing
body.model
  Field required [type=missing, input_value={'error': {'message': 'In...TrjQ3SiPZV9wNWl35MAH90'}, input_type=dict]
    For further information visit https://errors.pydantic.dev/2.11/v/missing
[retry 1/8] (h.0.mlp.c_fc:3036/trial6) ChatError, backing off 0.5s
[retry 1/8] (h.0.mlp.c_fc:3101/trial2) ChatError, backing off 0.7s
[retry 1/8] (h.0.mlp.c_fc:3076/trial7) ChatError, backing off 0.7s
h.0.mlp.c_fc:3051/trial9: ResponseValidationError: Response validation failed: 4 validation errors for Unmarshaller
body.id
  Field required [type=missing, input_value={'error': {'message': 'In...TrjQ3SiPZV9wNWl35MAH90'}, input_type=dict]
    For further information visit https://errors.pydantic.dev/2.11/v/missing
body.choices
  Field required [type=missing, input_value={'error': {'message': 'In...TrjQ3SiPZV9wNWl35MAH90'}, input_type=dict]
    For further information visit https://errors.pydantic.dev/2.11/v/missing
body.created
  Field required [type=missing, input_value={'error': {'message': 'In...TrjQ3SiPZV9wNWl35MAH90'}, input_type=dict]
    For further information visit https://errors.pydantic.dev/2.11/v/missing
body.model
  Field required [type=missing, input_value={'error': {'message': 'In...TrjQ3SiPZV9wNWl35MAH90'}, input_type=dict]
    For further information visit https://errors.pydantic.dev/2.11/v/missing
h.0.mlp.c_fc:3084/trial3: ResponseValidationError: Response validation failed: 4 validation errors for Unmarshaller
body.id
  Field required [type=missing, input_value={'error': {'message': 'In...TrjQ3SiPZV9wNWl35MAH90'}, input_type=dict]
    For further information visit https://errors.pydantic.dev/2.11/v/missing
body.choices
  Field required [type=missing, input_value={'error': {'message': 'In...TrjQ3SiPZV9wNWl35MAH90'}, input_type=dict]
    For further information visit https://errors.pydantic.dev/2.11/v/missing
body.created
  Field required [type=missing, input_value={'error': {'message': 'In...TrjQ3SiPZV9wNWl35MAH90'}, input_type=dict]
    For further information visit https://errors.pydantic.dev/2.11/v/missing
body.model
  Field required [type=missing, input_value={'error': {'message': 'In...TrjQ3SiPZV9wNWl35MAH90'}, input_type=dict]
    For further information visit https://errors.pydantic.dev/2.11/v/missing
h.0.mlp.c_fc:3080/trial7: ResponseValidationError: Response validation failed: 4 validation errors for Unmarshaller
body.id
  Field required [type=missing, input_value={'error': {'message': 'In...TrjQ3SiPZV9wNWl35MAH90'}, input_type=dict]
    For further information visit https://errors.pydantic.dev/2.11/v/missing
body.choices
  Field required [type=missing, input_value={'error': {'message': 'In...TrjQ3SiPZV9wNWl35MAH90'}, input_type=dict]
    For further information visit https://errors.pydantic.dev/2.11/v/missing
body.created
  Field required [type=missing, input_value={'error': {'message': 'In...TrjQ3SiPZV9wNWl35MAH90'}, input_type=dict]
    For further information visit https://errors.pydantic.dev/2.11/v/missing
body.model
  Field required [type=missing, input_value={'error': {'message': 'In...TrjQ3SiPZV9wNWl35MAH90'}, input_type=dict]
    For further information visit https://errors.pydantic.dev/2.11/v/missing
h.0.mlp.c_fc:3091/trial5: ResponseValidationError: Response validation failed: 4 validation errors for Unmarshaller
body.id
  Field required [type=missing, input_value={'error': {'message': 'In...TrjQ3SiPZV9wNWl35MAH90'}, input_type=dict]
    For further information visit https://errors.pydantic.dev/2.11/v/missing
body.choices
  Field required [type=missing, input_value={'error': {'message': 'In...TrjQ3SiPZV9wNWl35MAH90'}, input_type=dict]
    For further information visit https://errors.pydantic.dev/2.11/v/missing
body.created
  Field required [type=missing, input_value={'error': {'message': 'In...TrjQ3SiPZV9wNWl35MAH90'}, input_type=dict]
    For further information visit https://errors.pydantic.dev/2.11/v/missing
body.model
  Field required [type=missing, input_value={'error': {'message': 'In...TrjQ3SiPZV9wNWl35MAH90'}, input_type=dict]
    For further information visit https://errors.pydantic.dev/2.11/v/missing
h.0.mlp.c_fc:2983/trial8: ResponseValidationError: Response validation failed: 4 validation errors for Unmarshaller
body.id
  Field required [type=missing, input_value={'error': {'message': 'In...TrjQ3SiPZV9wNWl35MAH90'}, input_type=dict]
    For further information visit https://errors.pydantic.dev/2.11/v/missing
body.choices
  Field required [type=missing, input_value={'error': {'message': 'In...TrjQ3SiPZV9wNWl35MAH90'}, input_type=dict]
    For further information visit https://errors.pydantic.dev/2.11/v/missing
body.created
  Field required [type=missing, input_value={'error': {'message': 'In...TrjQ3SiPZV9wNWl35MAH90'}, input_type=dict]
    For further information visit https://errors.pydantic.dev/2.11/v/missing
body.model
  Field required [type=missing, input_value={'error': {'message': 'In...TrjQ3SiPZV9wNWl35MAH90'}, input_type=dict]
    For further information visit https://errors.pydantic.dev/2.11/v/missing
h.0.mlp.c_fc:3057/trial7: ResponseValidationError: Response validation failed: 4 validation errors for Unmarshaller
body.id
  Field required [type=missing, input_value={'error': {'message': 'In...TrjQ3SiPZV9wNWl35MAH90'}, input_type=dict]
    For further information visit https://errors.pydantic.dev/2.11/v/missing
body.choices
  Field required [type=missing, input_value={'error': {'message': 'In...TrjQ3SiPZV9wNWl35MAH90'}, input_type=dict]
    For further information visit https://errors.pydantic.dev/2.11/v/missing
body.created
  Field required [type=missing, input_value={'error': {'message': 'In...TrjQ3SiPZV9wNWl35MAH90'}, input_type=dict]
    For further information visit https://errors.pydantic.dev/2.11/v/missing
body.model
  Field required [type=missing, input_value={'error': {'message': 'In...TrjQ3SiPZV9wNWl35MAH90'}, input_type=dict]
    For further information visit https://errors.pydantic.dev/2.11/v/missing
h.0.mlp.c_fc:3068/trial3: ResponseValidationError: Response validation failed: 4 validation errors for Unmarshaller
body.id
  Field required [type=missing, input_value={'error': {'message': 'In...TrjQ3SiPZV9wNWl35MAH90'}, input_type=dict]
    For further information visit https://errors.pydantic.dev/2.11/v/missing
body.choices
  Field required [type=missing, input_value={'error': {'message': 'In...TrjQ3SiPZV9wNWl35MAH90'}, input_type=dict]
    For further information visit https://errors.pydantic.dev/2.11/v/missing
body.created
  Field required [type=missing, input_value={'error': {'message': 'In...TrjQ3SiPZV9wNWl35MAH90'}, input_type=dict]
    For further information visit https://errors.pydantic.dev/2.11/v/missing
body.model
  Field required [type=missing, input_value={'error': {'message': 'In...TrjQ3SiPZV9wNWl35MAH90'}, input_type=dict]
    For further information visit https://errors.pydantic.dev/2.11/v/missing
h.0.mlp.c_fc:3077/trial3: ResponseValidationError: Response validation failed: 4 validation errors for Unmarshaller
body.id
  Field required [type=missing, input_value={'error': {'message': 'In...TrjQ3SiPZV9wNWl35MAH90'}, input_type=dict]
    For further information visit https://errors.pydantic.dev/2.11/v/missing
body.choices
  Field required [type=missing, input_value={'error': {'message': 'In...TrjQ3SiPZV9wNWl35MAH90'}, input_type=dict]
    For further information visit https://errors.pydantic.dev/2.11/v/missing
body.created
  Field required [type=missing, input_value={'error': {'message': 'In...TrjQ3SiPZV9wNWl35MAH90'}, input_type=dict]
    For further information visit https://errors.pydantic.dev/2.11/v/missing
body.model
  Field required [type=missing, input_value={'error': {'message': 'In...TrjQ3SiPZV9wNWl35MAH90'}, input_type=dict]
    For further information visit https://errors.pydantic.dev/2.11/v/missing
h.0.mlp.c_fc:3107/trial3: ResponseValidationError: Response validation failed: 4 validation errors for Unmarshaller
body.id
  Field required [type=missing, input_value={'error': {'message': 'In...TrjQ3SiPZV9wNWl35MAH90'}, input_type=dict]
    For further information visit https://errors.pydantic.dev/2.11/v/missing
body.choices
  Field required [type=missing, input_value={'error': {'message': 'In...TrjQ3SiPZV9wNWl35MAH90'}, input_type=dict]
    For further information visit https://errors.pydantic.dev/2.11/v/missing
body.created
  Field required [type=missing, input_value={'error': {'message': 'In...TrjQ3SiPZV9wNWl35MAH90'}, input_type=dict]
    For further information visit https://errors.pydantic.dev/2.11/v/missing
body.model
  Field required [type=missing, input_value={'error': {'message': 'In...TrjQ3SiPZV9wNWl35MAH90'}, input_type=dict]
    For further information visit https://errors.pydantic.dev/2.11/v/missing
h.0.mlp.c_fc:3025/trial8: ResponseValidationError: Response validation failed: 4 validation errors for Unmarshaller
body.id
  Field required [type=missing, input_value={'error': {'message': 'In...TrjQ3SiPZV9wNWl35MAH90'}, input_type=dict]
    For further information visit https://errors.pydantic.dev/2.11/v/missing
body.choices
  Field required [type=missing, input_value={'error': {'message': 'In...TrjQ3SiPZV9wNWl35MAH90'}, input_type=dict]
    For further information visit https://errors.pydantic.dev/2.11/v/missing
body.created
  Field required [type=missing, input_value={'error': {'message': 'In...TrjQ3SiPZV9wNWl35MAH90'}, input_type=dict]
    For further information visit https://errors.pydantic.dev/2.11/v/missing
body.model
  Field required [type=missing, input_value={'error': {'message': 'In...TrjQ3SiPZV9wNWl35MAH90'}, input_type=dict]
    For further information visit https://errors.pydantic.dev/2.11/v/missing
[retry 1/8] (h.0.mlp.c_fc:3042/trial8) ChatError, backing off 0.7s
h.0.mlp.c_fc:3031/trial8: ResponseValidationError: Response validation failed: 4 validation errors for Unmarshaller
body.id
  Field required [type=missing, input_value={'error': {'message': 'In...TrjQ3SiPZV9wNWl35MAH90'}, input_type=dict]
    For further information visit https://errors.pydantic.dev/2.11/v/missing
body.choices
  Field required [type=missing, input_value={'error': {'message': 'In...TrjQ3SiPZV9wNWl35MAH90'}, input_type=dict]
    For further information visit https://errors.pydantic.dev/2.11/v/missing
body.created
  Field required [type=missing, input_value={'error': {'message': 'In...TrjQ3SiPZV9wNWl35MAH90'}, input_type=dict]
    For further information visit https://errors.pydantic.dev/2.11/v/missing
body.model
  Field required [type=missing, input_value={'error': {'message': 'In...TrjQ3SiPZV9wNWl35MAH90'}, input_type=dict]
    For further information visit https://errors.pydantic.dev/2.11/v/missing
h.0.mlp.c_fc:3108/trial1: ResponseValidationError: Response validation failed: 4 validation errors for Unmarshaller
body.id
  Field required [type=missing, input_value={'error': {'message': 'In...TrjQ3SiPZV9wNWl35MAH90'}, input_type=dict]
    For further information visit https://errors.pydantic.dev/2.11/v/missing
body.choices
  Field required [type=missing, input_value={'error': {'message': 'In...TrjQ3SiPZV9wNWl35MAH90'}, input_type=dict]
    For further information visit https://errors.pydantic.dev/2.11/v/missing
body.created
  Field required [type=missing, input_value={'error': {'message': 'In...TrjQ3SiPZV9wNWl35MAH90'}, input_type=dict]
    For further information visit https://errors.pydantic.dev/2.11/v/missing
body.model
  Field required [type=missing, input_value={'error': {'message': 'In...TrjQ3SiPZV9wNWl35MAH90'}, input_type=dict]
    For further information visit https://errors.pydantic.dev/2.11/v/missing
[retry 1/8] (h.0.mlp.c_fc:3039/trial8) ChatError, backing off 0.7s
[retry 1/8] (h.0.mlp.c_fc:3058/trial7) ChatError, backing off 0.6s
h.0.mlp.c_fc:3097/trial4: ResponseValidationError: Response validation failed: 4 validation errors for Unmarshaller
body.id
  Field required [type=missing, input_value={'error': {'message': 'In...TrjQ3SiPZV9wNWl35MAH90'}, input_type=dict]
    For further information visit https://errors.pydantic.dev/2.11/v/missing
body.choices
  Field required [type=missing, input_value={'error': {'message': 'In...TrjQ3SiPZV9wNWl35MAH90'}, input_type=dict]
    For further information visit https://errors.pydantic.dev/2.11/v/missing
body.created
  Field required [type=missing, input_value={'error': {'message': 'In...TrjQ3SiPZV9wNWl35MAH90'}, input_type=dict]
    For further information visit https://errors.pydantic.dev/2.11/v/missing
body.model
  Field required [type=missing, input_value={'error': {'message': 'In...TrjQ3SiPZV9wNWl35MAH90'}, input_type=dict]
    For further information visit https://errors.pydantic.dev/2.11/v/missing
h.0.mlp.c_fc:3089/trial7: ResponseValidationError: Response validation failed: 4 validation errors for Unmarshaller
body.id
  Field required [type=missing, input_value={'error': {'message': 'In...TrjQ3SiPZV9wNWl35MAH90'}, input_type=dict]
    For further information visit https://errors.pydantic.dev/2.11/v/missing
body.choices
  Field required [type=missing, input_value={'error': {'message': 'In...TrjQ3SiPZV9wNWl35MAH90'}, input_type=dict]
    For further information visit https://errors.pydantic.dev/2.11/v/missing
body.created
  Field required [type=missing, input_value={'error': {'message': 'In...TrjQ3SiPZV9wNWl35MAH90'}, input_type=dict]
    For further information visit https://errors.pydantic.dev/2.11/v/missing
body.model
  Field required [type=missing, input_value={'error': {'message': 'In...TrjQ3SiPZV9wNWl35MAH90'}, input_type=dict]
    For further information visit https://errors.pydantic.dev/2.11/v/missing
[retry 1/8] (h.0.mlp.c_fc:3112/trial1) ChatError, backing off 0.5s
h.0.mlp.c_fc:3071/trial6: ResponseValidationError: Response validation failed: 4 validation errors for Unmarshaller
body.id
  Field required [type=missing, input_value={'error': {'message': 'In...TrjQ3SiPZV9wNWl35MAH90'}, input_type=dict]
    For further information visit https://errors.pydantic.dev/2.11/v/missing
body.choices
  Field required [type=missing, input_value={'error': {'message': 'In...TrjQ3SiPZV9wNWl35MAH90'}, input_type=dict]
    For further information visit https://errors.pydantic.dev/2.11/v/missing
body.created
  Field required [type=missing, input_value={'error': {'message': 'In...TrjQ3SiPZV9wNWl35MAH90'}, input_type=dict]
    For further information visit https://errors.pydantic.dev/2.11/v/missing
body.model
  Field required [type=missing, input_value={'error': {'message': 'In...TrjQ3SiPZV9wNWl35MAH90'}, input_type=dict]
    For further information visit https://errors.pydantic.dev/2.11/v/missing
h.0.mlp.c_fc:3064/trial8: ResponseValidationError: Response validation failed: 4 validation errors for Unmarshaller
body.id
  Field required [type=missing, input_value={'error': {'message': 'In...TrjQ3SiPZV9wNWl35MAH90'}, input_type=dict]
    For further information visit https://errors.pydantic.dev/2.11/v/missing
body.choices
  Field required [type=missing, input_value={'error': {'message': 'In...TrjQ3SiPZV9wNWl35MAH90'}, input_type=dict]
    For further information visit https://errors.pydantic.dev/2.11/v/missing
body.created
  Field required [type=missing, input_value={'error': {'message': 'In...TrjQ3SiPZV9wNWl35MAH90'}, input_type=dict]
    For further information visit https://errors.pydantic.dev/2.11/v/missing
body.model
  Field required [type=missing, input_value={'error': {'message': 'In...TrjQ3SiPZV9wNWl35MAH90'}, input_type=dict]
    For further information visit https://errors.pydantic.dev/2.11/v/missing
h.0.mlp.c_fc:3120/trial0: ResponseValidationError: Response validation failed: 4 validation errors for Unmarshaller
body.id
  Field required [type=missing, input_value={'error': {'message': 'In...TrjQ3SiPZV9wNWl35MAH90'}, input_type=dict]
    For further information visit https://errors.pydantic.dev/2.11/v/missing
body.choices
  Field required [type=missing, input_value={'error': {'message': 'In...TrjQ3SiPZV9wNWl35MAH90'}, input_type=dict]
    For further information visit https://errors.pydantic.dev/2.11/v/missing
body.created
  Field required [type=missing, input_value={'error': {'message': 'In...TrjQ3SiPZV9wNWl35MAH90'}, input_type=dict]
    For further information visit https://errors.pydantic.dev/2.11/v/missing
body.model
  Field required [type=missing, input_value={'error': {'message': 'In...TrjQ3SiPZV9wNWl35MAH90'}, input_type=dict]
    For further information visit https://errors.pydantic.dev/2.11/v/missing
[retry 1/8] (h.0.mlp.c_fc:3060/trial8) ChatError, backing off 0.7s
[retry 1/8] (h.0.mlp.c_fc:3025/trial9) ChatError, backing off 0.6s
[retry 1/8] (h.0.mlp.c_fc:3120/trial1) ChatError, backing off 0.7s
[retry 1/8] (h.0.mlp.c_fc:3157/trial6) ChatError, backing off 0.7s
[retry 1/8] (h.0.mlp.c_fc:3184/trial1) ChatError, backing off 0.7s
[retry 1/8] (h.0.mlp.c_fc:3158/trial3) ChatError, backing off 0.5s
[700] scored 695, $2.80
h.0.mlp.c_fc:3127/trial7: JSONDecodeError: Expecting value: line 2 column 14 (char 15)
[retry 1/8] (h.0.mlp.c_fc:3204/trial7) ChatError, backing off 0.7s
h.0.mlp.c_fc:3249/trial6: ResponseValidationError: Response validation failed: 4 validation errors for Unmarshaller
body.id
  Field required [type=missing, input_value={'error': {'message': 'In...TrjQ3SiPZV9wNWl35MAH90'}, input_type=dict]
    For further information visit https://errors.pydantic.dev/2.11/v/missing
body.choices
  Field required [type=missing, input_value={'error': {'message': 'In...TrjQ3SiPZV9wNWl35MAH90'}, input_type=dict]
    For further information visit https://errors.pydantic.dev/2.11/v/missing
body.created
  Field required [type=missing, input_value={'error': {'message': 'In...TrjQ3SiPZV9wNWl35MAH90'}, input_type=dict]
    For further information visit https://errors.pydantic.dev/2.11/v/missing
body.model
  Field required [type=missing, input_value={'error': {'message': 'In...TrjQ3SiPZV9wNWl35MAH90'}, input_type=dict]
    For further information visit https://errors.pydantic.dev/2.11/v/missing
h.0.mlp.c_fc:3290/trial0: ResponseValidationError: Response validation failed: 4 validation errors for Unmarshaller
body.id
  Field required [type=missing, input_value={'error': {'message': 'In...TrjQ3SiPZV9wNWl35MAH90'}, input_type=dict]
    For further information visit https://errors.pydantic.dev/2.11/v/missing
body.choices
  Field required [type=missing, input_value={'error': {'message': 'In...TrjQ3SiPZV9wNWl35MAH90'}, input_type=dict]
    For further information visit https://errors.pydantic.dev/2.11/v/missing
body.created
  Field required [type=missing, input_value={'error': {'message': 'In...TrjQ3SiPZV9wNWl35MAH90'}, input_type=dict]
    For further information visit https://errors.pydantic.dev/2.11/v/missing
body.model
  Field required [type=missing, input_value={'error': {'message': 'In...TrjQ3SiPZV9wNWl35MAH90'}, input_type=dict]
    For further information visit https://errors.pydantic.dev/2.11/v/missing
h.0.mlp.c_fc:3223/trial4: ResponseValidationError: Response validation failed: 4 validation errors for Unmarshaller
body.id
  Field required [type=missing, input_value={'error': {'message': 'In...TrjQ3SiPZV9wNWl35MAH90'}, input_type=dict]
    For further information visit https://errors.pydantic.dev/2.11/v/missing
body.choices
  Field required [type=missing, input_value={'error': {'message': 'In...TrjQ3SiPZV9wNWl35MAH90'}, input_type=dict]
    For further information visit https://errors.pydantic.dev/2.11/v/missing
body.created
  Field required [type=missing, input_value={'error': {'message': 'In...TrjQ3SiPZV9wNWl35MAH90'}, input_type=dict]
    For further information visit https://errors.pydantic.dev/2.11/v/missing
body.model
  Field required [type=missing, input_value={'error': {'message': 'In...TrjQ3SiPZV9wNWl35MAH90'}, input_type=dict]
    For further information visit https://errors.pydantic.dev/2.11/v/missing
[retry 1/8] (h.0.mlp.c_fc:3213/trial9) ChatError, backing off 0.7s
[retry 1/8] (h.0.mlp.c_fc:3282/trial1) ChatError, backing off 0.5s
h.0.mlp.c_fc:3204/trial8: ResponseValidationError: Response validation failed: 4 validation errors for Unmarshaller
body.id
  Field required [type=missing, input_value={'error': {'message': 'In...TrjQ3SiPZV9wNWl35MAH90'}, input_type=dict]
    For further information visit https://errors.pydantic.dev/2.11/v/missing
body.choices
  Field required [type=missing, input_value={'error': {'message': 'In...TrjQ3SiPZV9wNWl35MAH90'}, input_type=dict]
    For further information visit https://errors.pydantic.dev/2.11/v/missing
body.created
  Field required [type=missing, input_value={'error': {'message': 'In...TrjQ3SiPZV9wNWl35MAH90'}, input_type=dict]
    For further information visit https://errors.pydantic.dev/2.11/v/missing
body.model
  Field required [type=missing, input_value={'error': {'message': 'In...TrjQ3SiPZV9wNWl35MAH90'}, input_type=dict]
    For further information visit https://errors.pydantic.dev/2.11/v/missing
[retry 1/8] (h.0.mlp.c_fc:3255/trial4) ChatError, backing off 0.7s
[retry 1/8] (h.0.mlp.c_fc:3195/trial8) ChatError, backing off 0.6s
[retry 1/8] (h.0.mlp.c_fc:3227/trial5) ChatError, backing off 0.6s
[retry 1/8] (h.0.mlp.c_fc:3270/trial4) ChatError, backing off 0.6s
[retry 1/8] (h.0.mlp.c_fc:3285/trial1) ChatError, backing off 0.7s
[retry 1/8] (h.0.mlp.c_fc:3260/trial4) ChatError, backing off 0.7s
[retry 1/8] (h.0.mlp.c_fc:3313/trial1) ChatError, backing off 0.7s
[retry 1/8] (h.0.mlp.c_fc:3279/trial6) ChatError, backing off 0.6s
[retry 1/8] (h.0.mlp.c_fc:3319/trial0) ChatError, backing off 0.6s
[retry 1/8] (h.0.mlp.c_fc:3317/trial0) ChatError, backing off 0.7s
[retry 1/8] (h.0.mlp.c_fc:3278/trial4) ChatError, backing off 0.5s
[retry 2/8] (h.0.mlp.c_fc:3319/trial0) ChatError, backing off 1.3s
[retry 1/8] (h.0.mlp.c_fc:3257/trial7) ChatError, backing off 0.7s
[retry 1/8] (h.0.mlp.c_fc:3184/trial9) ChatError, backing off 0.7s
[retry 1/8] (h.0.mlp.c_fc:3302/trial2) ChatError, backing off 0.6s
[retry 1/8] (h.0.mlp.c_fc:3273/trial7) ChatError, backing off 0.6s
[retry 1/8] (h.0.mlp.c_fc:3282/trial6) ChatError, backing off 0.5s
[retry 1/8] (h.0.mlp.c_fc:3273/trial9) ChatError, backing off 0.7s
[800] scored 793, $3.17
[900] scored 908, $3.62
[retry 1/8] (h.0.mlp.c_fc:3797/trial3) ChatError, backing off 0.6s
h.0.mlp.c_fc:3874/trial0: JSONDecodeError: Unterminated string starting at: line 3 column 16 (char 34)
[1000] scored 1017, $4.07
h.0.mlp.c_fc:3854/trial3: JSONDecodeError: Unterminated string starting at: line 3 column 16 (char 34)
h.0.mlp.c_fc:3873/trial8: JSONDecodeError: Unterminated string starting at: line 3 column 16 (char 34)
[retry 1/8] (h.0.mlp.c_fc:3981/trial2) ChatError, backing off 0.7s
[retry 1/8] (h.0.mlp.c_fc:3962/trial2) ChatError, backing off 0.5s
[retry 1/8] (h.0.mlp.c_fc:3937/trial8) ChatError, backing off 0.5s
[retry 1/8] (h.0.mlp.c_fc:3975/trial5) ChatError, backing off 0.7s
[retry 1/8] (h.0.mlp.c_fc:4017/trial0) ChatError, backing off 0.5s
[retry 1/8] (h.0.mlp.c_fc:3956/trial5) ChatError, backing off 0.6s
h.0.mlp.c_fc:3970/trial7: ResponseValidationError: Response validation failed: 4 validation errors for Unmarshaller
body.id
  Field required [type=missing, input_value={'error': {'message': 'In...TrjQ3SiPZV9wNWl35MAH90'}, input_type=dict]
    For further information visit https://errors.pydantic.dev/2.11/v/missing
body.choices
  Field required [type=missing, input_value={'error': {'message': 'In...TrjQ3SiPZV9wNWl35MAH90'}, input_type=dict]
    For further information visit https://errors.pydantic.dev/2.11/v/missing
body.created
  Field required [type=missing, input_value={'error': {'message': 'In...TrjQ3SiPZV9wNWl35MAH90'}, input_type=dict]
    For further information visit https://errors.pydantic.dev/2.11/v/missing
body.model
  Field required [type=missing, input_value={'error': {'message': 'In...TrjQ3SiPZV9wNWl35MAH90'}, input_type=dict]
    For further information visit https://errors.pydantic.dev/2.11/v/missing
h.0.mlp.c_fc:3951/trial4: ResponseValidationError: Response validation failed: 4 validation errors for Unmarshaller
body.id
  Field required [type=missing, input_value={'error': {'message': 'In...TrjQ3SiPZV9wNWl35MAH90'}, input_type=dict]
    For further information visit https://errors.pydantic.dev/2.11/v/missing
body.choices
  Field required [type=missing, input_value={'error': {'message': 'In...TrjQ3SiPZV9wNWl35MAH90'}, input_type=dict]
    For further information visit https://errors.pydantic.dev/2.11/v/missing
body.created
  Field required [type=missing, input_value={'error': {'message': 'In...TrjQ3SiPZV9wNWl35MAH90'}, input_type=dict]
    For further information visit https://errors.pydantic.dev/2.11/v/missing
body.model
  Field required [type=missing, input_value={'error': {'message': 'In...TrjQ3SiPZV9wNWl35MAH90'}, input_type=dict]
    For further information visit https://errors.pydantic.dev/2.11/v/missing
h.0.mlp.c_fc:3990/trial2: JSONDecodeError: Unterminated string starting at: line 3 column 16 (char 34)
h.0.mlp.c_fc:3928/trial7: JSONDecodeError: Expecting value: line 2 column 14 (char 15)
h.0.mlp.c_fc:4010/trial2: JSONDecodeError: Expecting value: line 2 column 14 (char 15)
[1100] scored 1092, $4.36
h.0.mlp.c_fc:4040/trial1: JSONDecodeError: Expecting value: line 2 column 14 (char 15)
h.0.mlp.c_fc:3999/trial6: JSONDecodeError: Expecting value: line 2 column 14 (char 15)
h.0.mlp.c_fc:4019/trial6: JSONDecodeError: Unterminated string starting at: line 3 column 16 (char 34)
h.0.mlp.c_fc:4030/trial8: JSONDecodeError: Expecting value: line 2 column 14 (char 15)
h.0.mlp.c_fc:4035/trial4: JSONDecodeError: Unterminated string starting at: line 3 column 16 (char 34)
h.0.mlp.c_fc:4034/trial4: JSONDecodeError: Expecting value: line 2 column 14 (char 15)
[retry 1/8] (h.1.mlp.c_fc:30/trial1) ChatError, backing off 0.5s
[retry 1/8] (h.0.mlp.c_fc:4073/trial5) ChatError, backing off 0.7s
h.0.mlp.c_fc:4053/trial5: ResponseValidationError: Response validation failed: 4 validation errors for Unmarshaller
body.id
  Field required [type=missing, input_value={'error': {'message': 'In...TrjQ3SiPZV9wNWl35MAH90'}, input_type=dict]
    For further information visit https://errors.pydantic.dev/2.11/v/missing
body.choices
  Field required [type=missing, input_value={'error': {'message': 'In...TrjQ3SiPZV9wNWl35MAH90'}, input_type=dict]
    For further information visit https://errors.pydantic.dev/2.11/v/missing
body.created
  Field required [type=missing, input_value={'error': {'message': 'In...TrjQ3SiPZV9wNWl35MAH90'}, input_type=dict]
    For further information visit https://errors.pydantic.dev/2.11/v/missing
body.model
  Field required [type=missing, input_value={'error': {'message': 'In...TrjQ3SiPZV9wNWl35MAH90'}, input_type=dict]
    For further information visit https://errors.pydantic.dev/2.11/v/missing
h.0.mlp.c_fc:4061/trial5: ResponseValidationError: Response validation failed: 4 validation errors for Unmarshaller
body.id
  Field required [type=missing, input_value={'error': {'message': 'In...TrjQ3SiPZV9wNWl35MAH90'}, input_type=dict]
    For further information visit https://errors.pydantic.dev/2.11/v/missing
body.choices
  Field required [type=missing, input_value={'error': {'message': 'In...TrjQ3SiPZV9wNWl35MAH90'}, input_type=dict]
    For further information visit https://errors.pydantic.dev/2.11/v/missing
body.created
  Field required [type=missing, input_value={'error': {'message': 'In...TrjQ3SiPZV9wNWl35MAH90'}, input_type=dict]
    For further information visit https://errors.pydantic.dev/2.11/v/missing
body.model
  Field required [type=missing, input_value={'error': {'message': 'In...TrjQ3SiPZV9wNWl35MAH90'}, input_type=dict]
    For further information visit https://errors.pydantic.dev/2.11/v/missing
[retry 1/8] (h.1.mlp.c_fc:87/trial2) ChatError, backing off 0.6s
[retry 1/8] (h.0.mlp.c_fc:4061/trial6) ChatError, backing off 0.5s
[retry 1/8] (h.1.mlp.c_fc:65/trial7) ChatError, backing off 0.7s
[retry 1/8] (h.0.mlp.c_fc:4084/trial6) ChatError, backing off 0.7s
[retry 1/8] (h.1.mlp.c_fc:167/trial1) ChatError, backing off 0.5s
[retry 1/8] (h.1.mlp.c_fc:7/trial6) ChatError, backing off 0.6s
[retry 1/8] (h.1.mlp.c_fc:137/trial1) ChatError, backing off 0.7s
[retry 1/8] (h.1.mlp.c_fc:146/trial1) ChatError, backing off 0.7s
[retry 1/8] (h.0.mlp.c_fc:4064/trial9) ChatError, backing off 0.5s
[retry 1/8] (h.1.mlp.c_fc:57/trial2) ChatError, backing off 0.7s
[retry 2/8] (h.0.mlp.c_fc:4061/trial6) ChatError, backing off 1.5s
[retry 1/8] (h.0.mlp.c_fc:4068/trial7) ChatError, backing off 0.7s
[retry 1/8] (h.0.mlp.c_fc:4066/trial6) ChatError, backing off 0.7s
[retry 1/8] (h.0.mlp.c_fc:4091/trial6) ChatError, backing off 0.6s
[retry 1/8] (h.1.mlp.c_fc:138/trial0) ChatError, backing off 0.5s
[retry 1/8] (h.0.mlp.c_fc:4053/trial6) ChatError, backing off 0.6s
h.1.mlp.c_fc:47/trial4: JSONDecodeError: Unterminated string starting at: line 3 column 16 (char 34)
[retry 1/8] (h.1.mlp.c_fc:47/trial7) ChatError, backing off 0.6s
[retry 1/8] (h.1.mlp.c_fc:172/trial4) ChatError, backing off 0.7s
[retry 1/8] (h.1.mlp.c_fc:57/trial8) ChatError, backing off 0.6s
[retry 1/8] (h.1.mlp.c_fc:245/trial1) ChatError, backing off 0.7s
[retry 1/8] (h.1.mlp.c_fc:173/trial5) ChatError, backing off 0.6s
[retry 1/8] (h.1.mlp.c_fc:137/trial4) ChatError, backing off 0.7s
[retry 1/8] (h.1.mlp.c_fc:204/trial3) ChatError, backing off 0.7s
[1200] scored 1193, $4.74
[retry 1/8] (h.1.mlp.c_fc:613/trial1) ChatError, backing off 0.6s
[retry 1/8] (h.1.mlp.c_fc:287/trial8) ChatError, backing off 0.6s
[retry 1/8] (h.1.mlp.c_fc:340/trial7) ChatError, backing off 0.7s
[retry 1/8] (h.1.mlp.c_fc:656/trial3) ChatError, backing off 0.6s
[retry 1/8] (h.1.mlp.c_fc:582/trial6) ChatError, backing off 0.7s
[retry 1/8] (h.1.mlp.c_fc:775/trial0) ChatError, backing off 0.6s
[retry 1/8] (h.1.mlp.c_fc:613/trial5) ChatError, backing off 0.6s
[retry 1/8] (h.1.mlp.c_fc:739/trial4) ChatError, backing off 0.5s
[retry 1/8] (h.1.mlp.c_fc:864/trial1) ChatError, backing off 0.6s
[retry 1/8] (h.1.mlp.c_fc:615/trial9) ChatError, backing off 0.7s
[retry 1/8] (h.1.mlp.c_fc:896/trial0) ChatError, backing off 0.6s
h.1.mlp.c_fc:814/trial1: ResponseValidationError: Response validation failed: 4 validation errors for Unmarshaller
body.id
  Field required [type=missing, input_value={'error': {'message': 'In...TrjQ3SiPZV9wNWl35MAH90'}, input_type=dict]
    For further information visit https://errors.pydantic.dev/2.11/v/missing
body.choices
  Field required [type=missing, input_value={'error': {'message': 'In...TrjQ3SiPZV9wNWl35MAH90'}, input_type=dict]
    For further information visit https://errors.pydantic.dev/2.11/v/missing
body.created
  Field required [type=missing, input_value={'error': {'message': 'In...TrjQ3SiPZV9wNWl35MAH90'}, input_type=dict]
    For further information visit https://errors.pydantic.dev/2.11/v/missing
body.model
  Field required [type=missing, input_value={'error': {'message': 'In...TrjQ3SiPZV9wNWl35MAH90'}, input_type=dict]
    For further information visit https://errors.pydantic.dev/2.11/v/missing
h.1.mlp.c_fc:816/trial2: ResponseValidationError: Response validation failed: 4 validation errors for Unmarshaller
body.id
  Field required [type=missing, input_value={'error': {'message': 'In...TrjQ3SiPZV9wNWl35MAH90'}, input_type=dict]
    For further information visit https://errors.pydantic.dev/2.11/v/missing
body.choices
  Field required [type=missing, input_value={'error': {'message': 'In...TrjQ3SiPZV9wNWl35MAH90'}, input_type=dict]
    For further information visit https://errors.pydantic.dev/2.11/v/missing
body.created
  Field required [type=missing, input_value={'error': {'message': 'In...TrjQ3SiPZV9wNWl35MAH90'}, input_type=dict]
    For further information visit https://errors.pydantic.dev/2.11/v/missing
body.model
  Field required [type=missing, input_value={'error': {'message': 'In...TrjQ3SiPZV9wNWl35MAH90'}, input_type=dict]
    For further information visit https://errors.pydantic.dev/2.11/v/missing
h.1.mlp.c_fc:876/trial0: ResponseValidationError: Response validation failed: 4 validation errors for Unmarshaller
body.id
  Field required [type=missing, input_value={'error': {'message': 'In...TrjQ3SiPZV9wNWl35MAH90'}, input_type=dict]
    For further information visit https://errors.pydantic.dev/2.11/v/missing
body.choices
  Field required [type=missing, input_value={'error': {'message': 'In...TrjQ3SiPZV9wNWl35MAH90'}, input_type=dict]
    For further information visit https://errors.pydantic.dev/2.11/v/missing
body.created
  Field required [type=missing, input_value={'error': {'message': 'In...TrjQ3SiPZV9wNWl35MAH90'}, input_type=dict]
    For further information visit https://errors.pydantic.dev/2.11/v/missing
body.model
  Field required [type=missing, input_value={'error': {'message': 'In...TrjQ3SiPZV9wNWl35MAH90'}, input_type=dict]
    For further information visit https://errors.pydantic.dev/2.11/v/missing
[retry 1/8] (h.1.mlp.c_fc:724/trial3) ChatError, backing off 0.6s
h.1.mlp.c_fc:815/trial2: ResponseValidationError: Response validation failed: 4 validation errors for Unmarshaller
body.id
  Field required [type=missing, input_value={'error': {'message': 'In...TrjQ3SiPZV9wNWl35MAH90'}, input_type=dict]
    For further information visit https://errors.pydantic.dev/2.11/v/missing
body.choices
  Field required [type=missing, input_value={'error': {'message': 'In...TrjQ3SiPZV9wNWl35MAH90'}, input_type=dict]
    For further information visit https://errors.pydantic.dev/2.11/v/missing
body.created
  Field required [type=missing, input_value={'error': {'message': 'In...TrjQ3SiPZV9wNWl35MAH90'}, input_type=dict]
    For further information visit https://errors.pydantic.dev/2.11/v/missing
body.model
  Field required [type=missing, input_value={'error': {'message': 'In...TrjQ3SiPZV9wNWl35MAH90'}, input_type=dict]
    For further information visit https://errors.pydantic.dev/2.11/v/missing
h.1.mlp.c_fc:735/trial6: ResponseValidationError: Response validation failed: 4 validation errors for Unmarshaller
body.id
  Field required [type=missing, input_value={'error': {'message': 'In...TrjQ3SiPZV9wNWl35MAH90'}, input_type=dict]
    For further information visit https://errors.pydantic.dev/2.11/v/missing
body.choices
  Field required [type=missing, input_value={'error': {'message': 'In...TrjQ3SiPZV9wNWl35MAH90'}, input_type=dict]
    For further information visit https://errors.pydantic.dev/2.11/v/missing
body.created
  Field required [type=missing, input_value={'error': {'message': 'In...TrjQ3SiPZV9wNWl35MAH90'}, input_type=dict]
    For further information visit https://errors.pydantic.dev/2.11/v/missing
body.model
  Field required [type=missing, input_value={'error': {'message': 'In...TrjQ3SiPZV9wNWl35MAH90'}, input_type=dict]
    For further information visit https://errors.pydantic.dev/2.11/v/missing
h.1.mlp.c_fc:658/trial5: ResponseValidationError: Response validation failed: 4 validation errors for Unmarshaller
body.id
  Field required [type=missing, input_value={'error': {'message': 'In...TrjQ3SiPZV9wNWl35MAH90'}, input_type=dict]
    For further information visit https://errors.pydantic.dev/2.11/v/missing
body.choices
  Field required [type=missing, input_value={'error': {'message': 'In...TrjQ3SiPZV9wNWl35MAH90'}, input_type=dict]
    For further information visit https://errors.pydantic.dev/2.11/v/missing
body.created
  Field required [type=missing, input_value={'error': {'message': 'In...TrjQ3SiPZV9wNWl35MAH90'}, input_type=dict]
    For further information visit https://errors.pydantic.dev/2.11/v/missing
body.model
  Field required [type=missing, input_value={'error': {'message': 'In...TrjQ3SiPZV9wNWl35MAH90'}, input_type=dict]
    For further information visit https://errors.pydantic.dev/2.11/v/missing
[retry 1/8] (h.1.mlp.c_fc:966/trial0) ChatError, backing off 0.7s
[retry 1/8] (h.1.mlp.c_fc:746/trial4) ChatError, backing off 0.5s
[retry 1/8] (h.1.mlp.c_fc:882/trial1) ChatError, backing off 0.7s
[retry 1/8] (h.1.mlp.c_fc:773/trial6) ChatError, backing off 0.6s
[retry 1/8] (h.1.mlp.c_fc:594/trial6) ChatError, backing off 0.6s
[retry 1/8] (h.1.mlp.c_fc:888/trial4) ChatError, backing off 0.7s
[retry 1/8] (h.1.mlp.c_fc:661/trial7) ChatError, backing off 0.7s
[retry 1/8] (h.1.mlp.c_fc:656/trial6) ChatError, backing off 0.6s
[retry 1/8] (h.1.mlp.c_fc:772/trial3) ChatError, backing off 0.7s
[retry 2/8] (h.1.mlp.c_fc:661/trial7) ChatError, backing off 1.0s
[retry 1/8] (h.1.mlp.c_fc:404/trial9) ChatError, backing off 0.7s
[retry 1/8] (h.1.mlp.c_fc:582/trial9) ChatError, backing off 0.7s
[retry 1/8] (h.1.mlp.c_fc:1068/trial1) ChatError, backing off 0.6s
[retry 1/8] (h.1.mlp.c_fc:993/trial3) ChatError, backing off 0.7s
[1300] scored 1303, $5.15
[retry 1/8] (h.1.mlp.c_fc:1224/trial4) ChatError, backing off 0.7s
h.1.mlp.c_fc:815/trial9: ResponseValidationError: Response validation failed: 4 validation errors for Unmarshaller
body.id
  Field required [type=missing, input_value={'error': {'message': 'In...TrjQ3SiPZV9wNWl35MAH90'}, input_type=dict]
    For further information visit https://errors.pydantic.dev/2.11/v/missing
body.choices
  Field required [type=missing, input_value={'error': {'message': 'In...TrjQ3SiPZV9wNWl35MAH90'}, input_type=dict]
    For further information visit https://errors.pydantic.dev/2.11/v/missing
body.created
  Field required [type=missing, input_value={'error': {'message': 'In...TrjQ3SiPZV9wNWl35MAH90'}, input_type=dict]
    For further information visit https://errors.pydantic.dev/2.11/v/missing
body.model
  Field required [type=missing, input_value={'error': {'message': 'In...TrjQ3SiPZV9wNWl35MAH90'}, input_type=dict]
    For further information visit https://errors.pydantic.dev/2.11/v/missing
[retry 1/8] (h.1.mlp.c_fc:1224/trial5) ChatError, backing off 0.6s
[retry 1/8] (h.1.mlp.c_fc:1408/trial1) ChatError, backing off 0.6s
[retry 1/8] (h.1.mlp.c_fc:1379/trial2) ChatError, backing off 0.7s
[retry 1/8] (h.1.mlp.c_fc:1446/trial1) ChatError, backing off 0.6s
[retry 1/8] (h.1.mlp.c_fc:1328/trial7) ChatError, backing off 0.7s
[retry 1/8] (h.1.mlp.c_fc:1258/trial8) ChatError, backing off 0.7s
[retry 1/8] (h.1.mlp.c_fc:1309/trial7) ChatError, backing off 0.7s
[retry 1/8] (h.1.mlp.c_fc:1331/trial3) ChatError, backing off 0.5s
[retry 1/8] (h.1.mlp.c_fc:1413/trial2) ChatError, backing off 0.6s
[retry 1/8] (h.1.mlp.c_fc:1391/trial3) ChatError, backing off 0.6s
h.1.mlp.c_fc:1526/trial2: ResponseValidationError: Response validation failed: 4 validation errors for Unmarshaller
body.id
  Field required [type=missing, input_value={'error': {'message': 'In...TrjQ3SiPZV9wNWl35MAH90'}, input_type=dict]
    For further information visit https://errors.pydantic.dev/2.11/v/missing
body.choices
  Field required [type=missing, input_value={'error': {'message': 'In...TrjQ3SiPZV9wNWl35MAH90'}, input_type=dict]
    For further information visit https://errors.pydantic.dev/2.11/v/missing
body.created
  Field required [type=missing, input_value={'error': {'message': 'In...TrjQ3SiPZV9wNWl35MAH90'}, input_type=dict]
    For further information visit https://errors.pydantic.dev/2.11/v/missing
body.model
  Field required [type=missing, input_value={'error': {'message': 'In...TrjQ3SiPZV9wNWl35MAH90'}, input_type=dict]
    For further information visit https://errors.pydantic.dev/2.11/v/missing
h.1.mlp.c_fc:1420/trial7: ResponseValidationError: Response validation failed: 4 validation errors for Unmarshaller
body.id
  Field required [type=missing, input_value={'error': {'message': 'In...TrjQ3SiPZV9wNWl35MAH90'}, input_type=dict]
    For further information visit https://errors.pydantic.dev/2.11/v/missing
body.choices
  Field required [type=missing, input_value={'error': {'message': 'In...TrjQ3SiPZV9wNWl35MAH90'}, input_type=dict]
    For further information visit https://errors.pydantic.dev/2.11/v/missing
body.created
  Field required [type=missing, input_value={'error': {'message': 'In...TrjQ3SiPZV9wNWl35MAH90'}, input_type=dict]
    For further information visit https://errors.pydantic.dev/2.11/v/missing
body.model
  Field required [type=missing, input_value={'error': {'message': 'In...TrjQ3SiPZV9wNWl35MAH90'}, input_type=dict]
    For further information visit https://errors.pydantic.dev/2.11/v/missing
[retry 1/8] (h.1.mlp.c_fc:1492/trial8) ChatError, backing off 0.5s
[retry 1/8] (h.1.mlp.c_fc:1409/trial8) ChatError, backing off 0.6s
[retry 1/8] (h.1.mlp.c_fc:1628/trial5) ChatError, backing off 0.6s
[retry 1/8] (h.1.mlp.c_fc:1635/trial1) ChatError, backing off 0.7s
[retry 1/8] (h.1.mlp.c_fc:1417/trial7) ChatError, backing off 0.5s
[retry 2/8] (h.1.mlp.c_fc:1628/trial5) ChatError, backing off 1.3s
[retry 1/8] (h.1.mlp.c_fc:1567/trial3) ChatError, backing off 0.6s
[1400] scored 1409, $5.56
h.1.mlp.c_fc:1788/trial8: ResponseValidationError: Response validation failed: 4 validation errors for Unmarshaller
body.id
  Field required [type=missing, input_value={'error': {'message': 'In...TrjQ3SiPZV9wNWl35MAH90'}, input_type=dict]
    For further information visit https://errors.pydantic.dev/2.11/v/missing
body.choices
  Field required [type=missing, input_value={'error': {'message': 'In...TrjQ3SiPZV9wNWl35MAH90'}, input_type=dict]
    For further information visit https://errors.pydantic.dev/2.11/v/missing
body.created
  Field required [type=missing, input_value={'error': {'message': 'In...TrjQ3SiPZV9wNWl35MAH90'}, input_type=dict]
    For further information visit https://errors.pydantic.dev/2.11/v/missing
body.model
  Field required [type=missing, input_value={'error': {'message': 'In...TrjQ3SiPZV9wNWl35MAH90'}, input_type=dict]
    For further information visit https://errors.pydantic.dev/2.11/v/missing
h.1.mlp.c_fc:1930/trial6: JSONDecodeError: Expecting value: line 2 column 14 (char 15)
h.1.mlp.c_fc:2134/trial2: JSONDecodeError: Expecting value: line 2 column 14 (char 15)
h.1.mlp.c_fc:1801/trial9: JSONDecodeError: Expecting value: line 2 column 14 (char 15)
h.1.mlp.c_fc:2210/trial3: ResponseValidationError: Response validation failed: 4 validation errors for Unmarshaller
body.id
  Field required [type=missing, input_value={'error': {'message': 'In...TrjQ3SiPZV9wNWl35MAH90'}, input_type=dict]
    For further information visit https://errors.pydantic.dev/2.11/v/missing
body.choices
  Field required [type=missing, input_value={'error': {'message': 'In...TrjQ3SiPZV9wNWl35MAH90'}, input_type=dict]
    For further information visit https://errors.pydantic.dev/2.11/v/missing
body.created
  Field required [type=missing, input_value={'error': {'message': 'In...TrjQ3SiPZV9wNWl35MAH90'}, input_type=dict]
    For further information visit https://errors.pydantic.dev/2.11/v/missing
body.model
  Field required [type=missing, input_value={'error': {'message': 'In...TrjQ3SiPZV9wNWl35MAH90'}, input_type=dict]
    For further information visit https://errors.pydantic.dev/2.11/v/missing
h.1.mlp.c_fc:2135/trial6: ResponseValidationError: Response validation failed: 4 validation errors for Unmarshaller
body.id
  Field required [type=missing, input_value={'error': {'message': 'In...TrjQ3SiPZV9wNWl35MAH90'}, input_type=dict]
    For further information visit https://errors.pydantic.dev/2.11/v/missing
body.choices
  Field required [type=missing, input_value={'error': {'message': 'In...TrjQ3SiPZV9wNWl35MAH90'}, input_type=dict]
    For further information visit https://errors.pydantic.dev/2.11/v/missing
body.created
  Field required [type=missing, input_value={'error': {'message': 'In...TrjQ3SiPZV9wNWl35MAH90'}, input_type=dict]
    For further information visit https://errors.pydantic.dev/2.11/v/missing
body.model
  Field required [type=missing, input_value={'error': {'message': 'In...TrjQ3SiPZV9wNWl35MAH90'}, input_type=dict]
    For further information visit https://errors.pydantic.dev/2.11/v/missing
h.1.mlp.c_fc:2000/trial8: ResponseValidationError: Response validation failed: 4 validation errors for Unmarshaller
body.id
  Field required [type=missing, input_value={'error': {'message': 'In...TrjQ3SiPZV9wNWl35MAH90'}, input_type=dict]
    For further information visit https://errors.pydantic.dev/2.11/v/missing
body.choices
  Field required [type=missing, input_value={'error': {'message': 'In...TrjQ3SiPZV9wNWl35MAH90'}, input_type=dict]
    For further information visit https://errors.pydantic.dev/2.11/v/missing
body.created
  Field required [type=missing, input_value={'error': {'message': 'In...TrjQ3SiPZV9wNWl35MAH90'}, input_type=dict]
    For further information visit https://errors.pydantic.dev/2.11/v/missing
body.model
  Field required [type=missing, input_value={'error': {'message': 'In...TrjQ3SiPZV9wNWl35MAH90'}, input_type=dict]
    For further information visit https://errors.pydantic.dev/2.11/v/missing
h.1.mlp.c_fc:2082/trial4: ResponseValidationError: Response validation failed: 4 validation errors for Unmarshaller
body.id
  Field required [type=missing, input_value={'error': {'message': 'In...TrjQ3SiPZV9wNWl35MAH90'}, input_type=dict]
    For further information visit https://errors.pydantic.dev/2.11/v/missing
body.choices
  Field required [type=missing, input_value={'error': {'message': 'In...TrjQ3SiPZV9wNWl35MAH90'}, input_type=dict]
    For further information visit https://errors.pydantic.dev/2.11/v/missing
body.created
  Field required [type=missing, input_value={'error': {'message': 'In...TrjQ3SiPZV9wNWl35MAH90'}, input_type=dict]
    For further information visit https://errors.pydantic.dev/2.11/v/missing
body.model
  Field required [type=missing, input_value={'error': {'message': 'In...TrjQ3SiPZV9wNWl35MAH90'}, input_type=dict]
    For further information visit https://errors.pydantic.dev/2.11/v/missing
h.1.mlp.c_fc:2239/trial0: ResponseValidationError: Response validation failed: 4 validation errors for Unmarshaller
body.id
  Field required [type=missing, input_value={'error': {'message': 'In...TrjQ3SiPZV9wNWl35MAH90'}, input_type=dict]
    For further information visit https://errors.pydantic.dev/2.11/v/missing
body.choices
  Field required [type=missing, input_value={'error': {'message': 'In...TrjQ3SiPZV9wNWl35MAH90'}, input_type=dict]
    For further information visit https://errors.pydantic.dev/2.11/v/missing
body.created
  Field required [type=missing, input_value={'error': {'message': 'In...TrjQ3SiPZV9wNWl35MAH90'}, input_type=dict]
    For further information visit https://errors.pydantic.dev/2.11/v/missing
body.model
  Field required [type=missing, input_value={'error': {'message': 'In...TrjQ3SiPZV9wNWl35MAH90'}, input_type=dict]
    For further information visit https://errors.pydantic.dev/2.11/v/missing
[retry 1/8] (h.1.mlp.c_fc:2217/trial1) ChatError, backing off 0.7s
[retry 1/8] (h.1.mlp.c_fc:2135/trial7) ChatError, backing off 0.7s
[retry 1/8] (h.1.mlp.c_fc:2173/trial4) ChatError, backing off 0.6s
[retry 1/8] (h.1.mlp.c_fc:2238/trial2) ChatError, backing off 0.7s
[retry 2/8] (h.1.mlp.c_fc:2135/trial7) ChatError, backing off 1.5s
[retry 1/8] (h.1.mlp.c_fc:2210/trial4) ChatError, backing off 0.6s
[retry 1/8] (h.1.mlp.c_fc:2008/trial7) ChatError, backing off 0.7s
[retry 1/8] (h.1.mlp.c_fc:2045/trial5) ChatError, backing off 0.7s
[retry 1/8] (h.1.mlp.c_fc:2134/trial6) ChatError, backing off 0.7s
[retry 1/8] (h.1.mlp.c_fc:2097/trial6) ChatError, backing off 0.6s
h.1.mlp.c_fc:2328/trial5: ResponseValidationError: Response validation failed: 4 validation errors for Unmarshaller
body.id
  Field required [type=missing, input_value={'error': {'message': 'In...TrjQ3SiPZV9wNWl35MAH90'}, input_type=dict]
    For further information visit https://errors.pydantic.dev/2.11/v/missing
body.choices
  Field required [type=missing, input_value={'error': {'message': 'In...TrjQ3SiPZV9wNWl35MAH90'}, input_type=dict]
    For further information visit https://errors.pydantic.dev/2.11/v/missing
body.created
  Field required [type=missing, input_value={'error': {'message': 'In...TrjQ3SiPZV9wNWl35MAH90'}, input_type=dict]
    For further information visit https://errors.pydantic.dev/2.11/v/missing
body.model
  Field required [type=missing, input_value={'error': {'message': 'In...TrjQ3SiPZV9wNWl35MAH90'}, input_type=dict]
    For further information visit https://errors.pydantic.dev/2.11/v/missing
[retry 1/8] (h.1.mlp.c_fc:2559/trial2) ChatError, backing off 0.5s
[retry 1/8] (h.1.mlp.c_fc:2376/trial6) ChatError, backing off 0.6s
[retry 1/8] (h.1.mlp.c_fc:2425/trial4) ChatError, backing off 0.7s
[retry 1/8] (h.1.mlp.c_fc:2461/trial2) ChatError, backing off 0.7s
[retry 1/8] (h.1.mlp.c_fc:2476/trial2) ChatError, backing off 0.7s
[retry 1/8] (h.1.mlp.c_fc:2598/trial1) ChatError, backing off 0.5s
[retry 1/8] (h.1.mlp.c_fc:2274/trial7) ChatError, backing off 0.6s
[retry 1/8] (h.1.mlp.c_fc:2469/trial4) ChatError, backing off 0.5s
[1500] scored 1493, $5.90
[retry 1/8] (h.1.mlp.c_fc:2723/trial8) ChatError, backing off 0.7s
h.1.mlp.c_fc:2784/trial8: ResponseValidationError: Response validation failed: 4 validation errors for Unmarshaller
body.id
  Field required [type=missing, input_value={'error': {'message': 'In...TrjQ3SiPZV9wNWl35MAH90'}, input_type=dict]
    For further information visit https://errors.pydantic.dev/2.11/v/missing
body.choices
  Field required [type=missing, input_value={'error': {'message': 'In...TrjQ3SiPZV9wNWl35MAH90'}, input_type=dict]
    For further information visit https://errors.pydantic.dev/2.11/v/missing
body.created
  Field required [type=missing, input_value={'error': {'message': 'In...TrjQ3SiPZV9wNWl35MAH90'}, input_type=dict]
    For further information visit https://errors.pydantic.dev/2.11/v/missing
body.model
  Field required [type=missing, input_value={'error': {'message': 'In...TrjQ3SiPZV9wNWl35MAH90'}, input_type=dict]
    For further information visit https://errors.pydantic.dev/2.11/v/missing
h.1.mlp.c_fc:2891/trial6: ResponseValidationError: Response validation failed: 4 validation errors for Unmarshaller
body.id
  Field required [type=missing, input_value={'error': {'message': 'In...TrjQ3SiPZV9wNWl35MAH90'}, input_type=dict]
    For further information visit https://errors.pydantic.dev/2.11/v/missing
body.choices
  Field required [type=missing, input_value={'error': {'message': 'In...TrjQ3SiPZV9wNWl35MAH90'}, input_type=dict]
    For further information visit https://errors.pydantic.dev/2.11/v/missing
body.created
  Field required [type=missing, input_value={'error': {'message': 'In...TrjQ3SiPZV9wNWl35MAH90'}, input_type=dict]
    For further information visit https://errors.pydantic.dev/2.11/v/missing
body.model
  Field required [type=missing, input_value={'error': {'message': 'In...TrjQ3SiPZV9wNWl35MAH90'}, input_type=dict]
    For further information visit https://errors.pydantic.dev/2.11/v/missing
h.1.mlp.c_fc:2872/trial6: ResponseValidationError: Response validation failed: 4 validation errors for Unmarshaller
body.id
  Field required [type=missing, input_value={'error': {'message': 'In...TrjQ3SiPZV9wNWl35MAH90'}, input_type=dict]
    For further information visit https://errors.pydantic.dev/2.11/v/missing
body.choices
  Field required [type=missing, input_value={'error': {'message': 'In...TrjQ3SiPZV9wNWl35MAH90'}, input_type=dict]
    For further information visit https://errors.pydantic.dev/2.11/v/missing
body.created
  Field required [type=missing, input_value={'error': {'message': 'In...TrjQ3SiPZV9wNWl35MAH90'}, input_type=dict]
    For further information visit https://errors.pydantic.dev/2.11/v/missing
body.model
  Field required [type=missing, input_value={'error': {'message': 'In...TrjQ3SiPZV9wNWl35MAH90'}, input_type=dict]
    For further information visit https://errors.pydantic.dev/2.11/v/missing
h.1.mlp.c_fc:3018/trial1: ResponseValidationError: Response validation failed: 4 validation errors for Unmarshaller
body.id
  Field required [type=missing, input_value={'error': {'message': 'In...TrjQ3SiPZV9wNWl35MAH90'}, input_type=dict]
    For further information visit https://errors.pydantic.dev/2.11/v/missing
body.choices
  Field required [type=missing, input_value={'error': {'message': 'In...TrjQ3SiPZV9wNWl35MAH90'}, input_type=dict]
    For further information visit https://errors.pydantic.dev/2.11/v/missing
body.created
  Field required [type=missing, input_value={'error': {'message': 'In...TrjQ3SiPZV9wNWl35MAH90'}, input_type=dict]
    For further information visit https://errors.pydantic.dev/2.11/v/missing
body.model
  Field required [type=missing, input_value={'error': {'message': 'In...TrjQ3SiPZV9wNWl35MAH90'}, input_type=dict]
    For further information visit https://errors.pydantic.dev/2.11/v/missing
h.1.mlp.c_fc:2878/trial8: ResponseValidationError: Response validation failed: 4 validation errors for Unmarshaller
body.id
  Field required [type=missing, input_value={'error': {'message': 'In...TrjQ3SiPZV9wNWl35MAH90'}, input_type=dict]
    For further information visit https://errors.pydantic.dev/2.11/v/missing
body.choices
  Field required [type=missing, input_value={'error': {'message': 'In...TrjQ3SiPZV9wNWl35MAH90'}, input_type=dict]
    For further information visit https://errors.pydantic.dev/2.11/v/missing
body.created
  Field required [type=missing, input_value={'error': {'message': 'In...TrjQ3SiPZV9wNWl35MAH90'}, input_type=dict]
    For further information visit https://errors.pydantic.dev/2.11/v/missing
body.model
  Field required [type=missing, input_value={'error': {'message': 'In...TrjQ3SiPZV9wNWl35MAH90'}, input_type=dict]
    For further information visit https://errors.pydantic.dev/2.11/v/missing
h.1.mlp.c_fc:2926/trial6: ResponseValidationError: Response validation failed: 4 validation errors for Unmarshaller
body.id
  Field required [type=missing, input_value={'error': {'message': 'In...TrjQ3SiPZV9wNWl35MAH90'}, input_type=dict]
    For further information visit https://errors.pydantic.dev/2.11/v/missing
body.choices
  Field required [type=missing, input_value={'error': {'message': 'In...TrjQ3SiPZV9wNWl35MAH90'}, input_type=dict]
    For further information visit https://errors.pydantic.dev/2.11/v/missing
body.created
  Field required [type=missing, input_value={'error': {'message': 'In...TrjQ3SiPZV9wNWl35MAH90'}, input_type=dict]
    For further information visit https://errors.pydantic.dev/2.11/v/missing
body.model
  Field required [type=missing, input_value={'error': {'message': 'In...TrjQ3SiPZV9wNWl35MAH90'}, input_type=dict]
    For further information visit https://errors.pydantic.dev/2.11/v/missing
h.1.mlp.c_fc:2925/trial5: ResponseValidationError: Response validation failed: 4 validation errors for Unmarshaller
body.id
  Field required [type=missing, input_value={'error': {'message': 'In...TrjQ3SiPZV9wNWl35MAH90'}, input_type=dict]
    For further information visit https://errors.pydantic.dev/2.11/v/missing
body.choices
  Field required [type=missing, input_value={'error': {'message': 'In...TrjQ3SiPZV9wNWl35MAH90'}, input_type=dict]
    For further information visit https://errors.pydantic.dev/2.11/v/missing
body.created
  Field required [type=missing, input_value={'error': {'message': 'In...TrjQ3SiPZV9wNWl35MAH90'}, input_type=dict]
    For further information visit https://errors.pydantic.dev/2.11/v/missing
body.model
  Field required [type=missing, input_value={'error': {'message': 'In...TrjQ3SiPZV9wNWl35MAH90'}, input_type=dict]
    For further information visit https://errors.pydantic.dev/2.11/v/missing
h.1.mlp.c_fc:2895/trial6: ResponseValidationError: Response validation failed: 4 validation errors for Unmarshaller
body.id
  Field required [type=missing, input_value={'error': {'message': 'In...TrjQ3SiPZV9wNWl35MAH90'}, input_type=dict]
    For further information visit https://errors.pydantic.dev/2.11/v/missing
body.choices
  Field required [type=missing, input_value={'error': {'message': 'In...TrjQ3SiPZV9wNWl35MAH90'}, input_type=dict]
    For further information visit https://errors.pydantic.dev/2.11/v/missing
body.created
  Field required [type=missing, input_value={'error': {'message': 'In...TrjQ3SiPZV9wNWl35MAH90'}, input_type=dict]
    For further information visit https://errors.pydantic.dev/2.11/v/missing
body.model
  Field required [type=missing, input_value={'error': {'message': 'In...TrjQ3SiPZV9wNWl35MAH90'}, input_type=dict]
    For further information visit https://errors.pydantic.dev/2.11/v/missing
h.1.mlp.c_fc:2843/trial8: ResponseValidationError: Response validation failed: 4 validation errors for Unmarshaller
body.id
  Field required [type=missing, input_value={'error': {'message': 'In...TrjQ3SiPZV9wNWl35MAH90'}, input_type=dict]
    For further information visit https://errors.pydantic.dev/2.11/v/missing
body.choices
  Field required [type=missing, input_value={'error': {'message': 'In...TrjQ3SiPZV9wNWl35MAH90'}, input_type=dict]
    For further information visit https://errors.pydantic.dev/2.11/v/missing
body.created
  Field required [type=missing, input_value={'error': {'message': 'In...TrjQ3SiPZV9wNWl35MAH90'}, input_type=dict]
    For further information visit https://errors.pydantic.dev/2.11/v/missing
body.model
  Field required [type=missing, input_value={'error': {'message': 'In...TrjQ3SiPZV9wNWl35MAH90'}, input_type=dict]
    For further information visit https://errors.pydantic.dev/2.11/v/missing
h.1.mlp.c_fc:2941/trial8: ResponseValidationError: Response validation failed: 4 validation errors for Unmarshaller
body.id
  Field required [type=missing, input_value={'error': {'message': 'In...TrjQ3SiPZV9wNWl35MAH90'}, input_type=dict]
    For further information visit https://errors.pydantic.dev/2.11/v/missing
body.choices
  Field required [type=missing, input_value={'error': {'message': 'In...TrjQ3SiPZV9wNWl35MAH90'}, input_type=dict]
    For further information visit https://errors.pydantic.dev/2.11/v/missing
body.created
  Field required [type=missing, input_value={'error': {'message': 'In...TrjQ3SiPZV9wNWl35MAH90'}, input_type=dict]
    For further information visit https://errors.pydantic.dev/2.11/v/missing
body.model
  Field required [type=missing, input_value={'error': {'message': 'In...TrjQ3SiPZV9wNWl35MAH90'}, input_type=dict]
    For further information visit https://errors.pydantic.dev/2.11/v/missing
[retry 1/8] (h.1.mlp.c_fc:2983/trial5) ChatError, backing off 0.6s
[retry 1/8] (h.1.mlp.c_fc:3017/trial3) ChatError, backing off 0.6s
[retry 1/8] (h.1.mlp.c_fc:3078/trial1) ChatError, backing off 0.7s
[retry 1/8] (h.1.mlp.c_fc:3059/trial2) ChatError, backing off 0.6s
[retry 1/8] (h.1.mlp.c_fc:3161/trial1) ChatError, backing off 0.7s
[retry 1/8] (h.1.mlp.c_fc:3119/trial0) ChatError, backing off 0.7s
[retry 1/8] (h.1.mlp.c_fc:3084/trial1) ChatError, backing off 0.5s
[retry 1/8] (h.1.mlp.c_fc:3168/trial0) ChatError, backing off 0.5s
[retry 1/8] (h.1.mlp.c_fc:2958/trial8) ChatError, backing off 0.7s
[retry 1/8] (h.1.mlp.c_fc:2862/trial9) ChatError, backing off 0.5s
[retry 1/8] (h.1.mlp.c_fc:3144/trial1) ChatError, backing off 0.7s
[retry 1/8] (h.1.mlp.c_fc:3037/trial3) ChatError, backing off 0.6s
[retry 2/8] (h.1.mlp.c_fc:3078/trial1) ChatError, backing off 1.4s
[retry 1/8] (h.1.mlp.c_fc:2901/trial6) ChatError, backing off 0.7s
[retry 2/8] (h.1.mlp.c_fc:2983/trial5) ChatError, backing off 1.5s
[retry 2/8] (h.1.mlp.c_fc:3119/trial0) ChatError, backing off 1.1s
[retry 2/8] (h.1.mlp.c_fc:3161/trial1) ChatError, backing off 1.1s
[retry 2/8] (h.1.mlp.c_fc:3017/trial3) ChatError, backing off 1.4s
[retry 1/8] (h.1.mlp.c_fc:2947/trial7) ChatError, backing off 0.7s
[retry 1/8] (h.1.mlp.c_fc:3051/trial4) ChatError, backing off 0.5s
[retry 1/8] (h.1.mlp.c_fc:3103/trial2) ChatError, backing off 0.6s
[retry 1/8] (h.1.mlp.c_fc:2882/trial9) ChatError, backing off 0.5s
[retry 1/8] (h.1.mlp.c_fc:3018/trial6) ChatError, backing off 0.6s
[retry 1/8] (h.1.mlp.c_fc:2966/trial5) ChatError, backing off 0.5s
[retry 1/8] (h.1.mlp.c_fc:3072/trial3) ChatError, backing off 0.5s
[retry 2/8] (h.1.mlp.c_fc:2901/trial6) ChatError, backing off 1.5s
[retry 2/8] (h.1.mlp.c_fc:3037/trial3) ChatError, backing off 1.3s
[retry 3/8] (h.1.mlp.c_fc:3078/trial1) ChatError, backing off 2.3s
[retry 1/8] (h.1.mlp.c_fc:2913/trial4) ChatError, backing off 0.7s
[retry 1/8] (h.1.mlp.c_fc:3174/trial0) ChatError, backing off 0.5s
[retry 2/8] (h.1.mlp.c_fc:2958/trial8) ChatError, backing off 1.2s
[retry 2/8] (h.1.mlp.c_fc:3059/trial2) ChatError, backing off 1.2s
[retry 1/8] (h.1.mlp.c_fc:3083/trial1) ChatError, backing off 0.5s
[retry 2/8] (h.1.mlp.c_fc:2966/trial5) ChatError, backing off 1.2s
[retry 2/8] (h.1.mlp.c_fc:3051/trial4) ChatError, backing off 1.5s
[retry 1/8] (h.1.mlp.c_fc:2952/trial8) ChatError, backing off 0.6s
[retry 2/8] (h.1.mlp.c_fc:3018/trial6) ChatError, backing off 1.4s
h.1.mlp.c_fc:3027/trial3: ResponseValidationError: Response validation failed: 4 validation errors for Unmarshaller
body.id
  Field required [type=missing, input_value={'error': {'message': 'In...TrjQ3SiPZV9wNWl35MAH90'}, input_type=dict]
    For further information visit https://errors.pydantic.dev/2.11/v/missing
body.choices
  Field required [type=missing, input_value={'error': {'message': 'In...TrjQ3SiPZV9wNWl35MAH90'}, input_type=dict]
    For further information visit https://errors.pydantic.dev/2.11/v/missing
body.created
  Field required [type=missing, input_value={'error': {'message': 'In...TrjQ3SiPZV9wNWl35MAH90'}, input_type=dict]
    For further information visit https://errors.pydantic.dev/2.11/v/missing
body.model
  Field required [type=missing, input_value={'error': {'message': 'In...TrjQ3SiPZV9wNWl35MAH90'}, input_type=dict]
    For further information visit https://errors.pydantic.dev/2.11/v/missing
h.1.mlp.c_fc:3058/trial2: ResponseValidationError: Response validation failed: 4 validation errors for Unmarshaller
body.id
  Field required [type=missing, input_value={'error': {'message': 'In...TrjQ3SiPZV9wNWl35MAH90'}, input_type=dict]
    For further information visit https://errors.pydantic.dev/2.11/v/missing
body.choices
  Field required [type=missing, input_value={'error': {'message': 'In...TrjQ3SiPZV9wNWl35MAH90'}, input_type=dict]
    For further information visit https://errors.pydantic.dev/2.11/v/missing
body.created
  Field required [type=missing, input_value={'error': {'message': 'In...TrjQ3SiPZV9wNWl35MAH90'}, input_type=dict]
    For further information visit https://errors.pydantic.dev/2.11/v/missing
body.model
  Field required [type=missing, input_value={'error': {'message': 'In...TrjQ3SiPZV9wNWl35MAH90'}, input_type=dict]
    For further information visit https://errors.pydantic.dev/2.11/v/missing
h.1.mlp.c_fc:2973/trial6: ResponseValidationError: Response validation failed: 4 validation errors for Unmarshaller
body.id
  Field required [type=missing, input_value={'error': {'message': 'In...TrjQ3SiPZV9wNWl35MAH90'}, input_type=dict]
    For further information visit https://errors.pydantic.dev/2.11/v/missing
body.choices
  Field required [type=missing, input_value={'error': {'message': 'In...TrjQ3SiPZV9wNWl35MAH90'}, input_type=dict]
    For further information visit https://errors.pydantic.dev/2.11/v/missing
body.created
  Field required [type=missing, input_value={'error': {'message': 'In...TrjQ3SiPZV9wNWl35MAH90'}, input_type=dict]
    For further information visit https://errors.pydantic.dev/2.11/v/missing
body.model
  Field required [type=missing, input_value={'error': {'message': 'In...TrjQ3SiPZV9wNWl35MAH90'}, input_type=dict]
    For further information visit https://errors.pydantic.dev/2.11/v/missing
h.1.mlp.c_fc:2782/trial7: ResponseValidationError: Response validation failed: 4 validation errors for Unmarshaller
body.id
  Field required [type=missing, input_value={'error': {'message': 'In...TrjQ3SiPZV9wNWl35MAH90'}, input_type=dict]
    For further information visit https://errors.pydantic.dev/2.11/v/missing
body.choices
  Field required [type=missing, input_value={'error': {'message': 'In...TrjQ3SiPZV9wNWl35MAH90'}, input_type=dict]
    For further information visit https://errors.pydantic.dev/2.11/v/missing
body.created
  Field required [type=missing, input_value={'error': {'message': 'In...TrjQ3SiPZV9wNWl35MAH90'}, input_type=dict]
    For further information visit https://errors.pydantic.dev/2.11/v/missing
body.model
  Field required [type=missing, input_value={'error': {'message': 'In...TrjQ3SiPZV9wNWl35MAH90'}, input_type=dict]
    For further information visit https://errors.pydantic.dev/2.11/v/missing
[retry 2/8] (h.1.mlp.c_fc:3144/trial1) ChatError, backing off 1.5s
[retry 2/8] (h.1.mlp.c_fc:2882/trial9) ChatError, backing off 1.5s
[retry 1/8] (h.1.mlp.c_fc:3061/trial3) ChatError, backing off 0.6s
[retry 1/8] (h.1.mlp.c_fc:3058/trial3) ChatError, backing off 0.6s
[retry 2/8] (h.1.mlp.c_fc:3168/trial0) ChatError, backing off 1.5s
[retry 3/8] (h.1.mlp.c_fc:2958/trial8) ChatError, backing off 2.8s
[retry 1/8] (h.1.mlp.c_fc:2782/trial8) ChatError, backing off 0.7s
[retry 1/8] (h.1.mlp.c_fc:2973/trial7) ChatError, backing off 0.6s
[retry 1/8] (h.1.mlp.c_fc:2925/trial7) ChatError, backing off 0.7s
[retry 1/8] (h.1.mlp.c_fc:3081/trial1) ChatError, backing off 0.7s
[retry 3/8] (h.1.mlp.c_fc:3017/trial3) ChatError, backing off 2.1s
[retry 3/8] (h.1.mlp.c_fc:3119/trial0) ChatError, backing off 2.0s
[retry 1/8] (h.1.mlp.c_fc:3179/trial0) ChatError, backing off 0.7s
[retry 3/8] (h.1.mlp.c_fc:3161/trial1) ChatError, backing off 2.9s
[retry 2/8] (h.1.mlp.c_fc:2952/trial8) ChatError, backing off 1.1s
[retry 3/8] (h.1.mlp.c_fc:2966/trial5) ChatError, backing off 2.9s
[retry 1/8] (h.1.mlp.c_fc:2979/trial9) ChatError, backing off 0.7s
[retry 3/8] (h.1.mlp.c_fc:2983/trial5) ChatError, backing off 2.6s
[retry 2/8] (h.1.mlp.c_fc:3174/trial0) ChatError, backing off 1.1s
[retry 2/8] (h.1.mlp.c_fc:3103/trial2) ChatError, backing off 1.2s
[retry 2/8] (h.1.mlp.c_fc:3084/trial1) ChatError, backing off 1.4s
[retry 4/8] (h.1.mlp.c_fc:3078/trial1) ChatError, backing off 5.9s
[retry 1/8] (h.1.mlp.c_fc:3133/trial1) ChatError, backing off 0.6s
[retry 2/8] (h.1.mlp.c_fc:2862/trial9) ChatError, backing off 1.1s
[retry 1/8] (h.1.mlp.c_fc:3192/trial1) ChatError, backing off 0.6s
[retry 2/8] (h.1.mlp.c_fc:3072/trial3) ChatError, backing off 1.1s
[retry 1/8] (h.1.mlp.c_fc:2932/trial9) ChatError, backing off 0.5s
[retry 1/8] (h.1.mlp.c_fc:2950/trial7) ChatError, backing off 0.6s
[retry 1/8] (h.1.mlp.c_fc:2926/trial7) ChatError, backing off 0.7s
[retry 3/8] (h.1.mlp.c_fc:3051/trial4) ChatError, backing off 2.7s
[retry 2/8] (h.1.mlp.c_fc:2913/trial4) ChatError, backing off 1.2s
[retry 2/8] (h.1.mlp.c_fc:2782/trial8) ChatError, backing off 1.3s
[retry 2/8] (h.1.mlp.c_fc:3133/trial1) ChatError, backing off 1.0s
[retry 1/8] (h.1.mlp.c_fc:3027/trial4) ChatError, backing off 0.7s
[retry 2/8] (h.1.mlp.c_fc:2950/trial7) ChatError, backing off 1.4s
[retry 2/8] (h.1.mlp.c_fc:2925/trial7) ChatError, backing off 1.4s
[retry 2/8] (h.1.mlp.c_fc:2947/trial7) ChatError, backing off 1.3s
[retry 3/8] (h.1.mlp.c_fc:3059/trial2) ChatError, backing off 2.6s
[retry 1/8] (h.1.mlp.c_fc:3113/trial0) ChatError, backing off 0.7s
[retry 1/8] (h.1.mlp.c_fc:2802/trial7) ChatError, backing off 0.6s
[retry 2/8] (h.1.mlp.c_fc:2979/trial9) ChatError, backing off 1.3s
[retry 1/8] (h.1.mlp.c_fc:3188/trial1) ChatError, backing off 0.7s
[retry 2/8] (h.1.mlp.c_fc:3061/trial3) ChatError, backing off 1.3s
[retry 1/8] (h.1.mlp.c_fc:3194/trial0) ChatError, backing off 0.7s
[retry 2/8] (h.1.mlp.c_fc:2932/trial9) ChatError, backing off 1.0s
[retry 2/8] (h.1.mlp.c_fc:3083/trial1) ChatError, backing off 1.1s
[retry 3/8] (h.1.mlp.c_fc:3174/trial0) ChatError, backing off 2.8s
[retry 3/8] (h.1.mlp.c_fc:3018/trial6) ChatError, backing off 2.3s
[retry 2/8] (h.1.mlp.c_fc:2973/trial7) ChatError, backing off 1.1s
[retry 2/8] (h.1.mlp.c_fc:3058/trial3) ChatError, backing off 1.4s
[retry 3/8] (h.1.mlp.c_fc:3144/trial1) ChatError, backing off 2.9s
[retry 3/8] (h.1.mlp.c_fc:3168/trial0) ChatError, backing off 2.2s
[retry 3/8] (h.1.mlp.c_fc:3084/trial1) ChatError, backing off 2.2s
[retry 4/8] (h.1.mlp.c_fc:3018/trial6) ChatError, backing off 5.2s
[retry 1/8] (h.1.mlp.c_fc:3178/trial1) ChatError, backing off 0.6s
[retry 2/8] (h.1.mlp.c_fc:3194/trial0) ChatError, backing off 1.4s
[retry 1/8] (h.1.mlp.c_fc:3016/trial3) ChatError, backing off 0.5s
[retry 1/8] (h.1.mlp.c_fc:3190/trial1) ChatError, backing off 0.6s
[retry 3/8] (h.1.mlp.c_fc:2952/trial8) ChatError, backing off 2.6s
[retry 4/8] (h.1.mlp.c_fc:3051/trial4) ChatError, backing off 5.0s
[retry 3/8] (h.1.mlp.c_fc:2901/trial6) ChatError, backing off 2.0s
[retry 1/8] (h.1.mlp.c_fc:3129/trial3) ChatError, backing off 0.6s
[retry 1/8] (h.1.mlp.c_fc:2983/trial6) ChatError, backing off 0.6s
[retry 1/8] (h.1.mlp.c_fc:3083/trial4) ChatError, backing off 0.5s
[retry 1/8] (h.1.mlp.c_fc:3161/trial2) ChatError, backing off 0.7s
[retry 1/8] (h.1.mlp.c_fc:3174/trial3) ChatError, backing off 0.7s
[retry 1/8] (h.1.mlp.c_fc:3078/trial2) ChatError, backing off 0.7s
[retry 1/8] (h.1.mlp.c_fc:2973/trial8) ChatError, backing off 0.5s
[retry 1/8] (h.1.mlp.c_fc:3058/trial4) ChatError, backing off 0.5s
[retry 1/8] (h.1.mlp.c_fc:3103/trial4) ChatError, backing off 0.6s
[retry 1/8] (h.1.mlp.c_fc:3203/trial1) ChatError, backing off 0.5s
[retry 1/8] (h.1.mlp.c_fc:3018/trial9) ChatError, backing off 0.7s
[retry 1/8] (h.1.mlp.c_fc:3115/trial4) ChatError, backing off 0.5s
[retry 1/8] (h.1.mlp.c_fc:2952/trial9) ChatError, backing off 0.6s
[retry 1/8] (h.1.mlp.c_fc:3168/trial3) ChatError, backing off 0.7s
[retry 1/8] (h.1.mlp.c_fc:2913/trial5) ChatError, backing off 0.7s
[retry 1/8] (h.1.mlp.c_fc:3179/trial3) ChatError, backing off 0.7s
[retry 2/8] (h.1.mlp.c_fc:3115/trial4) ChatError, backing off 1.2s
[retry 1/8] (h.1.mlp.c_fc:3194/trial3) ChatError, backing off 0.5s
[retry 2/8] (h.1.mlp.c_fc:3078/trial2) ChatError, backing off 1.0s
[retry 2/8] (h.1.mlp.c_fc:3018/trial9) ChatError, backing off 1.3s
[retry 1/8] (h.1.mlp.c_fc:2958/trial9) ChatError, backing off 0.7s
[retry 2/8] (h.1.mlp.c_fc:2973/trial8) ChatError, backing off 1.3s
[retry 1/8] (h.1.mlp.c_fc:3072/trial5) ChatError, backing off 0.6s
[retry 1/8] (h.1.mlp.c_fc:3190/trial3) ChatError, backing off 0.5s
[retry 1/8] (h.1.mlp.c_fc:3211/trial1) ChatError, backing off 0.7s
[retry 1/8] (h.1.mlp.c_fc:3244/trial1) ChatError, backing off 0.7s
[retry 2/8] (h.1.mlp.c_fc:3083/trial4) ChatError, backing off 1.1s
[retry 1/8] (h.1.mlp.c_fc:3051/trial6) ChatError, backing off 0.6s
[retry 1/8] (h.1.mlp.c_fc:3178/trial3) ChatError, backing off 0.5s
[retry 1/8] (h.1.mlp.c_fc:3059/trial3) ChatError, backing off 0.6s
[retry 1/8] (h.1.mlp.c_fc:2966/trial7) ChatError, backing off 0.6s
[retry 2/8] (h.1.mlp.c_fc:3203/trial1) ChatError, backing off 1.3s
[retry 1/8] (h.1.mlp.c_fc:2950/trial9) ChatError, backing off 0.7s
[retry 2/8] (h.1.mlp.c_fc:2983/trial6) ChatError, backing off 1.1s
[retry 2/8] (h.1.mlp.c_fc:3161/trial2) ChatError, backing off 1.5s
[retry 1/8] (h.1.mlp.c_fc:3037/trial6) ChatError, backing off 0.6s
[retry 1/8] (h.1.mlp.c_fc:3274/trial0) ChatError, backing off 0.6s
[retry 3/8] (h.1.mlp.c_fc:3115/trial4) ChatError, backing off 2.5s
[retry 1/8] (h.1.mlp.c_fc:2925/trial8) ChatError, backing off 0.5s
[retry 3/8] (h.1.mlp.c_fc:3161/trial2) ChatError, backing off 2.8s
[retry 1/8] (h.1.mlp.c_fc:3192/trial5) ChatError, backing off 0.7s
[retry 2/8] (h.1.mlp.c_fc:3190/trial3) ChatError, backing off 1.5s
[retry 2/8] (h.1.mlp.c_fc:3244/trial1) ChatError, backing off 1.4s
[retry 1/8] (h.1.mlp.c_fc:3239/trial1) ChatError, backing off 0.7s
[retry 2/8] (h.1.mlp.c_fc:2952/trial9) ChatError, backing off 1.4s
[retry 3/8] (h.1.mlp.c_fc:3083/trial4) ChatError, backing off 2.9s
[retry 1/8] (h.1.mlp.c_fc:3267/trial0) ChatError, backing off 0.6s
[retry 3/8] (h.1.mlp.c_fc:3203/trial1) ChatError, backing off 2.6s
[retry 2/8] (h.1.mlp.c_fc:3058/trial4) ChatError, backing off 1.4s
[retry 2/8] (h.1.mlp.c_fc:3174/trial3) ChatError, backing off 1.5s
[retry 1/8] (h.1.mlp.c_fc:3027/trial5) ChatError, backing off 0.6s
[retry 2/8] (h.1.mlp.c_fc:3072/trial5) ChatError, backing off 1.4s
[retry 2/8] (h.1.mlp.c_fc:3178/trial3) ChatError, backing off 1.1s
[retry 1/8] (h.1.mlp.c_fc:2901/trial7) ChatError, backing off 0.5s
[retry 1/8] (h.1.mlp.c_fc:2926/trial9) ChatError, backing off 0.5s
[retry 1/8] (h.1.mlp.c_fc:3084/trial4) ChatError, backing off 0.6s
[retry 1/8] (h.1.mlp.c_fc:3188/trial4) ChatError, backing off 0.6s
[retry 1/8] (h.1.mlp.c_fc:3234/trial2) ChatError, backing off 0.6s
[retry 2/8] (h.1.mlp.c_fc:3051/trial6) ChatError, backing off 1.1s
[retry 1/8] (h.1.mlp.c_fc:3113/trial2) ChatError, backing off 0.7s
[retry 2/8] (h.1.mlp.c_fc:2958/trial9) ChatError, backing off 1.3s
[retry 2/8] (h.1.mlp.c_fc:3037/trial6) ChatError, backing off 1.2s
[retry 1/8] (h.1.mlp.c_fc:3039/trial7) ChatError, backing off 0.5s
[retry 3/8] (h.1.mlp.c_fc:3018/trial9) ChatError, backing off 2.6s
[retry 1/8] (h.1.mlp.c_fc:3017/trial4) ChatError, backing off 0.6s
[retry 1/8] (h.1.mlp.c_fc:3129/trial4) ChatError, backing off 0.7s
[retry 2/8] (h.1.mlp.c_fc:2950/trial9) ChatError, backing off 1.2s
[retry 2/8] (h.1.mlp.c_fc:3027/trial5) ChatError, backing off 1.0s
[retry 3/8] (h.1.mlp.c_fc:3078/trial2) ChatError, backing off 2.5s
[retry 2/8] (h.1.mlp.c_fc:2926/trial9) ChatError, backing off 1.0s
[retry 2/8] (h.1.mlp.c_fc:3211/trial1) ChatError, backing off 1.2s
[retry 2/8] (h.1.mlp.c_fc:3188/trial4) ChatError, backing off 1.2s
[retry 2/8] (h.1.mlp.c_fc:3084/trial4) ChatError, backing off 1.1s
[retry 1/8] (h.1.mlp.c_fc:3144/trial3) ChatError, backing off 0.6s
[retry 3/8] (h.1.mlp.c_fc:2973/trial8) ChatError, backing off 2.8s
[retry 2/8] (h.1.mlp.c_fc:3179/trial3) ChatError, backing off 1.1s
[retry 1/8] (h.1.mlp.c_fc:3232/trial3) ChatError, backing off 0.7s
[retry 2/8] (h.1.mlp.c_fc:3234/trial2) ChatError, backing off 1.4s
[retry 2/8] (h.1.mlp.c_fc:3274/trial0) ChatError, backing off 1.3s
[retry 1/8] (h.1.mlp.c_fc:3061/trial6) ChatError, backing off 0.7s
[retry 2/8] (h.1.mlp.c_fc:3168/trial3) ChatError, backing off 1.1s
[retry 3/8] (h.1.mlp.c_fc:3051/trial6) ChatError, backing off 2.9s
[retry 2/8] (h.1.mlp.c_fc:3059/trial3) ChatError, backing off 1.5s
[retry 2/8] (h.1.mlp.c_fc:3192/trial5) ChatError, backing off 1.4s
[retry 2/8] (h.1.mlp.c_fc:2913/trial5) ChatError, backing off 1.1s
[retry 2/8] (h.1.mlp.c_fc:3113/trial2) ChatError, backing off 1.5s
[retry 2/8] (h.1.mlp.c_fc:3239/trial1) ChatError, backing off 1.4s
[retry 3/8] (h.1.mlp.c_fc:3190/trial3) ChatError, backing off 2.8s
[retry 2/8] (h.1.mlp.c_fc:3039/trial7) ChatError, backing off 1.3s
[retry 3/8] (h.1.mlp.c_fc:3188/trial4) ChatError, backing off 2.8s
[retry 2/8] (h.1.mlp.c_fc:3267/trial0) ChatError, backing off 1.0s
[retry 3/8] (h.1.mlp.c_fc:3244/trial1) ChatError, backing off 2.3s
[retry 3/8] (h.1.mlp.c_fc:3274/trial0) ChatError, backing off 2.6s
[retry 3/8] (h.1.mlp.c_fc:3211/trial1) ChatError, backing off 2.6s
[retry 3/8] (h.1.mlp.c_fc:2913/trial5) ChatError, backing off 2.7s
[retry 3/8] (h.1.mlp.c_fc:2926/trial9) ChatError, backing off 2.8s
[retry 4/8] (h.1.mlp.c_fc:3018/trial9) ChatError, backing off 5.4s
[retry 3/8] (h.1.mlp.c_fc:3174/trial3) ChatError, backing off 2.4s
[retry 1/8] (h.1.mlp.c_fc:3211/trial4) ChatError, backing off 0.7s
[retry 1/8] (h.1.mlp.c_fc:3345/trial0) ChatError, backing off 0.6s
[retry 1/8] (h.1.mlp.c_fc:3244/trial3) ChatError, backing off 0.7s
[retry 1/8] (h.1.mlp.c_fc:3083/trial6) ChatError, backing off 0.7s
[retry 1/8] (h.1.mlp.c_fc:3275/trial2) ChatError, backing off 0.6s
[retry 3/8] (h.1.mlp.c_fc:3267/trial0) ChatError, backing off 2.7s
[retry 3/8] (h.1.mlp.c_fc:3059/trial3) ChatError, backing off 2.3s
[retry 1/8] (h.1.mlp.c_fc:3194/trial5) ChatError, backing off 0.5s
[retry 1/8] (h.1.mlp.c_fc:3039/trial8) ChatError, backing off 0.7s
[retry 1/8] (h.1.mlp.c_fc:3178/trial5) ChatError, backing off 0.6s
[retry 1/8] (h.1.mlp.c_fc:2913/trial8) ChatError, backing off 0.6s
[retry 1/8] (h.1.mlp.c_fc:3239/trial4) ChatError, backing off 0.5s
[retry 1/8] (h.1.mlp.c_fc:3072/trial9) ChatError, backing off 0.6s
[retry 1/8] (h.1.mlp.c_fc:3113/trial4) ChatError, backing off 0.5s
[retry 1/8] (h.1.mlp.c_fc:3115/trial6) ChatError, backing off 0.7s
[retry 1/8] (h.1.mlp.c_fc:3129/trial5) ChatError, backing off 0.7s
[retry 1/8] (h.1.mlp.c_fc:3017/trial5) ChatError, backing off 0.7s
[retry 1/8] (h.1.mlp.c_fc:3232/trial5) ChatError, backing off 0.7s
[retry 1/8] (h.1.mlp.c_fc:3016/trial7) ChatError, backing off 0.5s
[retry 2/8] (h.1.mlp.c_fc:3113/trial4) ChatError, backing off 1.3s
[retry 1/8] (h.1.mlp.c_fc:3061/trial7) ChatError, backing off 0.7s
[retry 2/8] (h.1.mlp.c_fc:3178/trial5) ChatError, backing off 1.1s
[retry 1/8] (h.1.mlp.c_fc:3058/trial6) ChatError, backing off 0.7s
[retry 1/8] (h.1.mlp.c_fc:3324/trial0) ChatError, backing off 0.5s
[retry 1/8] (h.1.mlp.c_fc:3078/trial4) ChatError, backing off 0.5s
[retry 2/8] (h.1.mlp.c_fc:3244/trial3) ChatError, backing off 1.5s
[retry 2/8] (h.1.mlp.c_fc:3083/trial6) ChatError, backing off 1.1s
[retry 1/8] (h.1.mlp.c_fc:3342/trial1) ChatError, backing off 0.7s
[retry 2/8] (h.1.mlp.c_fc:3275/trial2) ChatError, backing off 1.2s
[retry 1/8] (h.1.mlp.c_fc:3279/trial1) ChatError, backing off 0.7s
[retry 2/8] (h.1.mlp.c_fc:2901/trial7) ChatError, backing off 1.5s
[retry 1/8] (h.1.mlp.c_fc:3037/trial8) ChatError, backing off 0.6s
[retry 4/8] (h.1.mlp.c_fc:3059/trial3) ChatError, backing off 4.2s
[retry 1/8] (h.1.mlp.c_fc:3347/trial0) ChatError, backing off 0.7s
[retry 1/8] (h.1.mlp.c_fc:3027/trial8) ChatError, backing off 0.6s
[retry 3/8] (h.1.mlp.c_fc:3244/trial3) ChatError, backing off 2.9s
[retry 1/8] (h.1.mlp.c_fc:3274/trial1) ChatError, backing off 0.7s
[retry 2/8] (h.1.mlp.c_fc:3279/trial1) ChatError, backing off 1.0s
[retry 2/8] (h.1.mlp.c_fc:3017/trial5) ChatError, backing off 1.2s
[retry 2/8] (h.1.mlp.c_fc:3078/trial4) ChatError, backing off 1.2s
[retry 1/8] (h.1.mlp.c_fc:3084/trial7) ChatError, backing off 0.6s
[retry 3/8] (h.1.mlp.c_fc:2901/trial7) ChatError, backing off 2.5s
[retry 2/8] (h.1.mlp.c_fc:3061/trial7) ChatError, backing off 1.1s
[retry 2/8] (h.1.mlp.c_fc:3115/trial6) ChatError, backing off 1.2s
[retry 2/8] (h.1.mlp.c_fc:3072/trial9) ChatError, backing off 1.3s
[retry 1/8] (h.1.mlp.c_fc:3119/trial3) ChatError, backing off 0.7s
[retry 2/8] (h.1.mlp.c_fc:3274/trial1) ChatError, backing off 1.3s
[retry 2/8] (h.1.mlp.c_fc:3027/trial8) ChatError, backing off 1.4s
[retry 2/8] (h.1.mlp.c_fc:3058/trial6) ChatError, backing off 1.2s
[retry 2/8] (h.1.mlp.c_fc:3129/trial5) ChatError, backing off 1.4s
[retry 5/8] (h.1.mlp.c_fc:3059/trial3) ChatError, backing off 10.0s
[retry 3/8] (h.1.mlp.c_fc:3083/trial6) ChatError, backing off 2.4s
[retry 2/8] (h.1.mlp.c_fc:3345/trial0) ChatError, backing off 1.5s
[retry 4/8] (h.1.mlp.c_fc:3244/trial3) ChatError, backing off 5.4s
[retry 2/8] (h.1.mlp.c_fc:3211/trial4) ChatError, backing off 1.0s
[retry 1/8] (h.1.mlp.c_fc:3174/trial4) ChatError, backing off 0.7s
[retry 2/8] (h.1.mlp.c_fc:3347/trial0) ChatError, backing off 1.2s
[retry 3/8] (h.1.mlp.c_fc:3113/trial4) ChatError, backing off 2.1s
[retry 3/8] (h.1.mlp.c_fc:3275/trial2) ChatError, backing off 2.1s
[retry 3/8] (h.1.mlp.c_fc:3178/trial5) ChatError, backing off 2.9s
[retry 2/8] (h.1.mlp.c_fc:3037/trial8) ChatError, backing off 1.5s
[retry 1/8] (h.1.mlp.c_fc:3352/trial0) ChatError, backing off 0.6s
[retry 2/8] (h.1.mlp.c_fc:3016/trial7) ChatError, backing off 1.1s
[retry 1/8] (h.1.mlp.c_fc:3234/trial5) ChatError, backing off 0.5s
[retry 1/8] (h.1.mlp.c_fc:3290/trial2) ChatError, backing off 0.6s
[retry 1/8] (h.1.mlp.c_fc:3161/trial3) ChatError, backing off 0.6s
[retry 2/8] (h.1.mlp.c_fc:2913/trial8) ChatError, backing off 1.3s
[retry 2/8] (h.1.mlp.c_fc:3194/trial5) ChatError, backing off 1.1s
[retry 2/8] (h.1.mlp.c_fc:3119/trial3) ChatError, backing off 1.0s
[retry 2/8] (h.1.mlp.c_fc:3239/trial4) ChatError, backing off 1.3s
[retry 2/8] (h.1.mlp.c_fc:3174/trial4) ChatError, backing off 1.1s
[retry 2/8] (h.1.mlp.c_fc:3039/trial8) ChatError, backing off 1.4s
[retry 2/8] (h.1.mlp.c_fc:3342/trial1) ChatError, backing off 1.4s
[retry 2/8] (h.1.mlp.c_fc:3290/trial2) ChatError, backing off 1.1s
[retry 1/8] (h.1.mlp.c_fc:3179/trial5) ChatError, backing off 0.5s
[retry 4/8] (h.1.mlp.c_fc:3267/trial0) ChatError, backing off 5.3s
[retry 2/8] (h.1.mlp.c_fc:3161/trial3) ChatError, backing off 1.4s
[retry 2/8] (h.1.mlp.c_fc:3232/trial5) ChatError, backing off 1.3s
[retry 2/8] (h.1.mlp.c_fc:3352/trial0) ChatError, backing off 1.3s
[retry 1/8] (h.1.mlp.c_fc:3103/trial5) ChatError, backing off 0.6s
[retry 3/8] (h.1.mlp.c_fc:3072/trial9) ChatError, backing off 2.6s
[retry 2/8] (h.1.mlp.c_fc:3234/trial5) ChatError, backing off 1.4s
[retry 3/8] (h.1.mlp.c_fc:3061/trial7) ChatError, backing off 2.9s
[retry 3/8] (h.1.mlp.c_fc:3078/trial4) ChatError, backing off 2.8s
[retry 3/8] (h.1.mlp.c_fc:3279/trial1) ChatError, backing off 2.8s
[retry 2/8] (h.1.mlp.c_fc:3324/trial0) ChatError, backing off 1.0s
[retry 3/8] (h.1.mlp.c_fc:3115/trial6) ChatError, backing off 2.5s
[retry 3/8] (h.1.mlp.c_fc:3016/trial7) ChatError, backing off 2.7s
[retry 3/8] (h.1.mlp.c_fc:3211/trial4) ChatError, backing off 2.7s
[retry 3/8] (h.1.mlp.c_fc:3058/trial6) ChatError, backing off 2.3s
[retry 4/8] (h.1.mlp.c_fc:3058/trial6) ChatError, backing off 4.3s
[retry 3/8] (h.1.mlp.c_fc:3027/trial8) ChatError, backing off 2.1s
[retry 3/8] (h.1.mlp.c_fc:3234/trial5) ChatError, backing off 2.7s
[retry 3/8] (h.1.mlp.c_fc:3174/trial4) ChatError, backing off 2.1s
[retry 3/8] (h.1.mlp.c_fc:3239/trial4) ChatError, backing off 2.7s
[retry 1/8] (h.1.mlp.c_fc:2983/trial9) ChatError, backing off 0.7s
[retry 1/8] (h.1.mlp.c_fc:3353/trial0) ChatError, backing off 0.6s
[retry 3/8] (h.1.mlp.c_fc:3232/trial5) ChatError, backing off 2.7s
[retry 2/8] (h.1.mlp.c_fc:3179/trial5) ChatError, backing off 1.2s
[retry 1/8] (h.1.mlp.c_fc:3192/trial7) ChatError, backing off 0.7s
[retry 1/8] (h.1.mlp.c_fc:3144/trial7) ChatError, backing off 0.7s
[retry 1/8] (h.1.mlp.c_fc:3352/trial3) ChatError, backing off 0.5s
[retry 1/8] (h.1.mlp.c_fc:3382/trial1) ChatError, backing off 0.7s
[retry 1/8] (h.1.mlp.c_fc:3061/trial9) ChatError, backing off 0.6s
[retry 1/8] (h.1.mlp.c_fc:3356/trial0) ChatError, backing off 0.5s
[retry 1/8] (h.1.mlp.c_fc:3384/trial2) ChatError, backing off 0.6s
[retry 1/8] (h.1.mlp.c_fc:3188/trial8) ChatError, backing off 0.6s
[retry 1/8] (h.1.mlp.c_fc:3275/trial4) ChatError, backing off 0.6s
[retry 1/8] (h.1.mlp.c_fc:3370/trial1) ChatError, backing off 0.6s
[retry 1/8] (h.1.mlp.c_fc:3174/trial6) ChatError, backing off 0.6s
[retry 1/8] (h.1.mlp.c_fc:3078/trial9) ChatError, backing off 0.7s
[retry 1/8] (h.1.mlp.c_fc:3203/trial3) ChatError, backing off 0.6s
[retry 2/8] (h.1.mlp.c_fc:3356/trial0) ChatError, backing off 1.3s
[retry 1/8] (h.1.mlp.c_fc:3084/trial9) ChatError, backing off 0.7s
[retry 2/8] (h.1.mlp.c_fc:3174/trial6) ChatError, backing off 1.2s
[retry 1/8] (h.1.mlp.c_fc:3211/trial8) ChatError, backing off 0.5s
[retry 1/8] (h.1.mlp.c_fc:3387/trial1) ChatError, backing off 0.7s
[retry 1/8] (h.1.mlp.c_fc:3267/trial4) ChatError, backing off 0.7s
[retry 1/8] (h.1.mlp.c_fc:3192/trial9) ChatError, backing off 0.6s
[retry 1/8] (h.1.mlp.c_fc:3353/trial4) ChatError, backing off 0.6s
[retry 1/8] (h.1.mlp.c_fc:3379/trial0) ChatError, backing off 0.7s
[retry 1/8] (h.1.mlp.c_fc:3244/trial6) ChatError, backing off 0.7s
[retry 2/8] (h.1.mlp.c_fc:3078/trial9) ChatError, backing off 1.2s
[retry 1/8] (h.1.mlp.c_fc:3178/trial9) ChatError, backing off 0.6s
[retry 1/8] (h.1.mlp.c_fc:3239/trial6) ChatError, backing off 0.7s
[retry 2/8] (h.1.mlp.c_fc:3353/trial4) ChatError, backing off 1.5s
[retry 2/8] (h.1.mlp.c_fc:3387/trial1) ChatError, backing off 1.3s
[retry 2/8] (h.1.mlp.c_fc:3379/trial0) ChatError, backing off 1.2s
[retry 3/8] (h.1.mlp.c_fc:3174/trial6) ChatError, backing off 2.9s
[retry 3/8] (h.1.mlp.c_fc:3356/trial0) ChatError, backing off 3.0s
[retry 1/8] (h.1.mlp.c_fc:3274/trial5) ChatError, backing off 0.6s
[retry 1/8] (h.1.mlp.c_fc:3168/trial6) ChatError, backing off 0.7s
[retry 2/8] (h.1.mlp.c_fc:3352/trial3) ChatError, backing off 1.2s
[retry 2/8] (h.1.mlp.c_fc:3239/trial6) ChatError, backing off 1.0s
[retry 2/8] (h.1.mlp.c_fc:3370/trial1) ChatError, backing off 1.1s
[retry 2/8] (h.1.mlp.c_fc:3061/trial9) ChatError, backing off 1.1s
[retry 2/8] (h.1.mlp.c_fc:3384/trial2) ChatError, backing off 1.1s
[retry 2/8] (h.1.mlp.c_fc:3188/trial8) ChatError, backing off 1.2s
[retry 2/8] (h.1.mlp.c_fc:3275/trial4) ChatError, backing off 1.5s
[retry 2/8] (h.1.mlp.c_fc:3382/trial1) ChatError, backing off 1.3s
[retry 1/8] (h.1.mlp.c_fc:3290/trial6) ChatError, backing off 0.7s
[retry 2/8] (h.1.mlp.c_fc:3274/trial5) ChatError, backing off 1.1s
[retry 2/8] (h.1.mlp.c_fc:3168/trial6) ChatError, backing off 1.2s
[retry 1/8] (h.1.mlp.c_fc:2901/trial9) ChatError, backing off 0.7s
[retry 3/8] (h.1.mlp.c_fc:3387/trial1) ChatError, backing off 2.3s
[retry 2/8] (h.1.mlp.c_fc:3211/trial8) ChatError, backing off 1.3s
[retry 2/8] (h.1.mlp.c_fc:3244/trial6) ChatError, backing off 1.1s
[retry 1/8] (h.1.mlp.c_fc:3323/trial5) ChatError, backing off 0.7s
[retry 1/8] (h.1.mlp.c_fc:3016/trial9) ChatError, backing off 0.6s
[retry 2/8] (h.1.mlp.c_fc:3192/trial9) ChatError, backing off 1.2s
[retry 3/8] (h.1.mlp.c_fc:3239/trial6) ChatError, backing off 2.3s
[retry 3/8] (h.1.mlp.c_fc:3370/trial1) ChatError, backing off 2.4s
[retry 2/8] (h.1.mlp.c_fc:3267/trial4) ChatError, backing off 1.4s
[retry 2/8] (h.1.mlp.c_fc:3178/trial9) ChatError, backing off 1.0s
[retry 2/8] (h.1.mlp.c_fc:3203/trial3) ChatError, backing off 1.5s
[retry 1/8] (h.1.mlp.c_fc:3388/trial1) ChatError, backing off 0.6s
[retry 2/8] (h.1.mlp.c_fc:3084/trial9) ChatError, backing off 1.4s
[retry 3/8] (h.1.mlp.c_fc:3078/trial9) ChatError, backing off 2.6s
[retry 3/8] (h.1.mlp.c_fc:3353/trial4) ChatError, backing off 2.8s
[retry 3/8] (h.1.mlp.c_fc:3061/trial9) ChatError, backing off 3.0s
[retry 3/8] (h.1.mlp.c_fc:3352/trial3) ChatError, backing off 2.9s
[retry 3/8] (h.1.mlp.c_fc:3379/trial0) ChatError, backing off 2.8s
[retry 3/8] (h.1.mlp.c_fc:3274/trial5) ChatError, backing off 2.6s
[retry 3/8] (h.1.mlp.c_fc:3168/trial6) ChatError, backing off 2.4s
[retry 4/8] (h.1.mlp.c_fc:3239/trial6) ChatError, backing off 5.1s
[retry 3/8] (h.1.mlp.c_fc:3384/trial2) ChatError, backing off 2.3s
[retry 2/8] (h.1.mlp.c_fc:3323/trial5) ChatError, backing off 1.5s
[retry 1/8] (h.1.mlp.c_fc:3161/trial5) ChatError, backing off 0.5s
[retry 3/8] (h.1.mlp.c_fc:3382/trial1) ChatError, backing off 2.7s
[retry 2/8] (h.1.mlp.c_fc:3290/trial6) ChatError, backing off 1.1s
[retry 4/8] (h.1.mlp.c_fc:3379/trial0) ChatError, backing off 4.7s
[retry 3/8] (h.1.mlp.c_fc:3267/trial4) ChatError, backing off 3.0s
[retry 2/8] (h.1.mlp.c_fc:3161/trial5) ChatError, backing off 1.2s
